WARN  2014-04-15 15:58:25,858 (NullSarosSession.java:64) unexpected method call
WARN  2014-04-15 15:58:25,865 (NullSarosSession.java:64) unexpected method call
WARN  2014-04-15 15:58:28,778 (NullSarosSession.java:64) unexpected method call
WARN  2014-04-15 15:58:28,778 (NullSarosSession.java:64) unexpected method call
ERROR 2014-04-17 11:16:25,846 (SarosNet.java:385)  new connection state == ERROR
SASL authentication PLAIN failed: not-authorized: 
	at org.jivesoftware.smack.SASLAuthentication.authenticate(SASLAuthentication.java:342)
	at org.jivesoftware.smack.XMPPConnection.login(XMPPConnection.java:243)
	at de.fu_berlin.inf.dpp.net.SarosNet.connect(SarosNet.java:261)
	at de.fu_berlin.inf.dpp.Saros.connect(Saros.java:660)
	at de.fu_berlin.inf.dpp.Saros$2.run(Saros.java:600)
	at de.fu_berlin.inf.dpp.util.Utils$2.run(Utils.java:175)
	at java.lang.Thread.run(Unknown Source)
ERROR 2014-04-17 11:16:32,362 (SarosNet.java:385)  new connection state == ERROR
SASL authentication PLAIN failed: not-authorized: 
	at org.jivesoftware.smack.SASLAuthentication.authenticate(SASLAuthentication.java:342)
	at org.jivesoftware.smack.XMPPConnection.login(XMPPConnection.java:243)
	at de.fu_berlin.inf.dpp.net.SarosNet.connect(SarosNet.java:261)
	at de.fu_berlin.inf.dpp.Saros.connect(Saros.java:660)
	at de.fu_berlin.inf.dpp.ui.actions.ChangeXMPPAccountAction$6.run(ChangeXMPPAccountAction.java:195)
	at de.fu_berlin.inf.dpp.util.Utils$2.run(Utils.java:175)
	at java.lang.Thread.run(Unknown Source)
WARN  2014-04-17 11:16:34,815 (StunServiceImpl.java:420) received no response from STUN server stunserver.org/132.177.123.6:3478 at local address /192.168.56.1:0
WARN  2014-04-17 11:16:34,815 (StunServiceImpl.java:420) received no response from STUN server stunserver.org/132.177.123.6:3478 at local address /141.22.91.162:0
ERROR 2014-04-17 11:16:38,002 (SarosNet.java:385)  new connection state == ERROR
SASL authentication PLAIN failed: not-authorized: 
	at org.jivesoftware.smack.SASLAuthentication.authenticate(SASLAuthentication.java:342)
	at org.jivesoftware.smack.XMPPConnection.login(XMPPConnection.java:243)
	at de.fu_berlin.inf.dpp.net.SarosNet.connect(SarosNet.java:261)
	at de.fu_berlin.inf.dpp.Saros.connect(Saros.java:660)
	at de.fu_berlin.inf.dpp.ui.actions.ChangeXMPPAccountAction$6.run(ChangeXMPPAccountAction.java:195)
	at de.fu_berlin.inf.dpp.util.Utils$2.run(Utils.java:175)
	at java.lang.Thread.run(Unknown Source)
WARN  2014-04-17 11:16:42,362 (StunServiceImpl.java:420) received no response from STUN server stunserver.org/132.177.123.6:3478 at local address /141.22.91.162:0
WARN  2014-04-17 11:16:42,362 (StunServiceImpl.java:420) received no response from STUN server stunserver.org/132.177.123.6:3478 at local address /192.168.56.1:0
WARN  2014-04-17 11:16:47,987 (StunServiceImpl.java:420) received no response from STUN server stunserver.org/132.177.123.6:3478 at local address /141.22.91.162:0
WARN  2014-04-17 11:16:47,987 (StunServiceImpl.java:420) received no response from STUN server stunserver.org/132.177.123.6:3478 at local address /192.168.56.1:0
ERROR 2014-04-17 11:17:04,675 (SarosNet.java:385)  new connection state == ERROR
SASL authentication PLAIN failed: not-authorized: 
	at org.jivesoftware.smack.SASLAuthentication.authenticate(SASLAuthentication.java:342)
	at org.jivesoftware.smack.XMPPConnection.login(XMPPConnection.java:243)
	at de.fu_berlin.inf.dpp.net.SarosNet.connect(SarosNet.java:261)
	at de.fu_berlin.inf.dpp.Saros.connect(Saros.java:660)
	at de.fu_berlin.inf.dpp.ui.actions.ChangeXMPPAccountAction$6.run(ChangeXMPPAccountAction.java:195)
	at de.fu_berlin.inf.dpp.util.Utils$2.run(Utils.java:175)
	at java.lang.Thread.run(Unknown Source)
WARN  2014-04-17 11:17:14,769 (StunServiceImpl.java:420) received no response from STUN server stunserver.org/132.177.123.6:3478 at local address /192.168.56.1:0
WARN  2014-04-17 11:17:14,769 (StunServiceImpl.java:420) received no response from STUN server stunserver.org/132.177.123.6:3478 at local address /141.22.91.162:0
WARN  2014-04-17 11:17:38,206 (StunServiceImpl.java:420) received no response from STUN server stunserver.org/132.177.123.6:3478 at local address /141.22.91.162:0
WARN  2014-04-17 11:17:38,206 (StunServiceImpl.java:420) received no response from STUN server stunserver.org/132.177.123.6:3478 at local address /192.168.56.1:0
WARN  2014-04-17 11:18:00,129 (DiscoveryManager.java:445) Service Discovery failed on recipient gabrielwilde@gmail.com/MessagingAe01cc205 server: xmpp.l.google.com
No response from the server.: 
	at org.jivesoftware.smackx.ServiceDiscoveryManager.discoverInfo(ServiceDiscoveryManager.java:554)
	at org.jivesoftware.smackx.ServiceDiscoveryManager.discoverInfo(ServiceDiscoveryManager.java:512)
	at de.fu_berlin.inf.dpp.net.discoverymanager.DiscoveryManager.performServiceDiscovery(DiscoveryManager.java:442)
	at de.fu_berlin.inf.dpp.net.discoverymanager.DiscoveryManager.queryFeatureSupport(DiscoveryManager.java:379)
	at de.fu_berlin.inf.dpp.net.discoverymanager.DiscoveryManager.access$3(DiscoveryManager.java:346)
	at de.fu_berlin.inf.dpp.net.discoverymanager.DiscoveryManager$2.run(DiscoveryManager.java:325)
	at de.fu_berlin.inf.dpp.util.Utils$2.run(Utils.java:175)
	at java.util.concurrent.ThreadPoolExecutor.runWorker(Unknown Source)
	at java.util.concurrent.ThreadPoolExecutor$Worker.run(Unknown Source)
	at java.lang.Thread.run(Unknown Source)
WARN  2014-04-17 11:18:30,145 (DiscoveryManager.java:445) Service Discovery failed on recipient gabrielwilde@gmail.com/MessagingAe01cc205 server: xmpp.l.google.com
No response from the server.: 
	at org.jivesoftware.smackx.ServiceDiscoveryManager.discoverInfo(ServiceDiscoveryManager.java:554)
	at org.jivesoftware.smackx.ServiceDiscoveryManager.discoverInfo(ServiceDiscoveryManager.java:512)
	at de.fu_berlin.inf.dpp.net.discoverymanager.DiscoveryManager.performServiceDiscovery(DiscoveryManager.java:442)
	at de.fu_berlin.inf.dpp.net.discoverymanager.DiscoveryManager.queryFeatureSupport(DiscoveryManager.java:379)
	at de.fu_berlin.inf.dpp.net.discoverymanager.DiscoveryManager.access$3(DiscoveryManager.java:346)
	at de.fu_berlin.inf.dpp.net.discoverymanager.DiscoveryManager$2.run(DiscoveryManager.java:325)
	at de.fu_berlin.inf.dpp.util.Utils$2.run(Utils.java:175)
	at java.util.concurrent.ThreadPoolExecutor.runWorker(Unknown Source)
	at java.util.concurrent.ThreadPoolExecutor$Worker.run(Unknown Source)
	at java.lang.Thread.run(Unknown Source)
ERROR 2014-04-17 11:18:45,754 (RosterUtils.java:506) discovery for service 'googlemail.com' failed
feature-not-implemented(501)
	at org.jivesoftware.smackx.ServiceDiscoveryManager.discoverItems(ServiceDiscoveryManager.java:604)
	at org.jivesoftware.smackx.ServiceDiscoveryManager.discoverItems(ServiceDiscoveryManager.java:570)
	at de.fu_berlin.inf.dpp.net.util.RosterUtils.getMultiUserChatService(RosterUtils.java:504)
	at de.fu_berlin.inf.dpp.communication.chat.muc.negotiation.MUCNegotiationManager.getMUCService(MUCNegotiationManager.java:149)
	at de.fu_berlin.inf.dpp.communication.chat.muc.negotiation.MUCNegotiationManager.getOwnPreferences(MUCNegotiationManager.java:106)
	at de.fu_berlin.inf.dpp.communication.chat.muc.MultiUserChatService.createChat(MultiUserChatService.java:95)
	at de.fu_berlin.inf.dpp.ui.widgets.chat.ChatRoomsComposite$3$2.run(ChatRoomsComposite.java:169)
	at de.fu_berlin.inf.dpp.util.Utils$2.run(Utils.java:175)
	at java.lang.Thread.run(Unknown Source)
WARN  2014-04-17 11:18:45,770 (MultiUserChatService.java:125) MUC service is not available, aborting connection request
ERROR 2014-04-17 11:18:55,399 (RosterUtils.java:506) discovery for service 'googlemail.com' failed
feature-not-implemented(501)
	at org.jivesoftware.smackx.ServiceDiscoveryManager.discoverItems(ServiceDiscoveryManager.java:604)
	at org.jivesoftware.smackx.ServiceDiscoveryManager.discoverItems(ServiceDiscoveryManager.java:570)
	at de.fu_berlin.inf.dpp.net.util.RosterUtils.getMultiUserChatService(RosterUtils.java:504)
	at de.fu_berlin.inf.dpp.communication.chat.muc.negotiation.MUCNegotiationManager.getMUCService(MUCNegotiationManager.java:149)
	at de.fu_berlin.inf.dpp.communication.chat.muc.negotiation.MUCNegotiationManager.getOwnPreferences(MUCNegotiationManager.java:106)
	at de.fu_berlin.inf.dpp.communication.chat.muc.negotiation.MUCNegotiationManager$1.considerClientPreferences(MUCNegotiationManager.java:67)
	at de.fu_berlin.inf.dpp.invitation.OutgoingSessionNegotiation.determineSessionParameters(OutgoingSessionNegotiation.java:412)
	at de.fu_berlin.inf.dpp.invitation.OutgoingSessionNegotiation.start(OutgoingSessionNegotiation.java:193)
	at de.fu_berlin.inf.dpp.ui.eventhandler.NegotiationHandler$OutgoingInvitationJob.run(NegotiationHandler.java:83)
	at org.eclipse.core.internal.jobs.Worker.run(Worker.java:53)
WARN  2014-04-17 11:19:00,509 (DiscoveryManager.java:445) Service Discovery failed on recipient gabrielwilde@gmail.com/MessagingAe01cc205 server: xmpp.l.google.com
No response from the server.: 
	at org.jivesoftware.smackx.ServiceDiscoveryManager.discoverInfo(ServiceDiscoveryManager.java:554)
	at org.jivesoftware.smackx.ServiceDiscoveryManager.discoverInfo(ServiceDiscoveryManager.java:512)
	at de.fu_berlin.inf.dpp.net.discoverymanager.DiscoveryManager.performServiceDiscovery(DiscoveryManager.java:442)
	at de.fu_berlin.inf.dpp.net.discoverymanager.DiscoveryManager.queryFeatureSupport(DiscoveryManager.java:379)
	at de.fu_berlin.inf.dpp.net.discoverymanager.DiscoveryManager.access$3(DiscoveryManager.java:346)
	at de.fu_berlin.inf.dpp.net.discoverymanager.DiscoveryManager$2.run(DiscoveryManager.java:325)
	at de.fu_berlin.inf.dpp.util.Utils$2.run(Utils.java:175)
	at java.util.concurrent.ThreadPoolExecutor.runWorker(Unknown Source)
	at java.util.concurrent.ThreadPoolExecutor$Worker.run(Unknown Source)
	at java.lang.Thread.run(Unknown Source)
ERROR 2014-04-17 11:19:27,259 (Socks5Transport.java:352) [SOCKS5] Wrapping bidirectional stream timed out in Request! Shouldn't have happened.
WARN  2014-04-17 11:19:30,525 (DiscoveryManager.java:445) Service Discovery failed on recipient gabrielwilde@gmail.com/MessagingAe01cc205 server: xmpp.l.google.com
No response from the server.: 
	at org.jivesoftware.smackx.ServiceDiscoveryManager.discoverInfo(ServiceDiscoveryManager.java:554)
	at org.jivesoftware.smackx.ServiceDiscoveryManager.discoverInfo(ServiceDiscoveryManager.java:512)
	at de.fu_berlin.inf.dpp.net.discoverymanager.DiscoveryManager.performServiceDiscovery(DiscoveryManager.java:442)
	at de.fu_berlin.inf.dpp.net.discoverymanager.DiscoveryManager.queryFeatureSupport(DiscoveryManager.java:379)
	at de.fu_berlin.inf.dpp.net.discoverymanager.DiscoveryManager.access$3(DiscoveryManager.java:346)
	at de.fu_berlin.inf.dpp.net.discoverymanager.DiscoveryManager$2.run(DiscoveryManager.java:325)
	at de.fu_berlin.inf.dpp.util.Utils$2.run(Utils.java:175)
	at java.util.concurrent.ThreadPoolExecutor.runWorker(Unknown Source)
	at java.util.concurrent.ThreadPoolExecutor$Worker.run(Unknown Source)
	at java.lang.Thread.run(Unknown Source)
ERROR 2014-04-17 11:19:32,337 (Socks5Transport.java:352) [SOCKS5] Wrapping bidirectional stream timed out in Request! Shouldn't have happened.
WARN  2014-04-17 11:20:00,541 (DiscoveryManager.java:445) Service Discovery failed on recipient gabrielwilde@gmail.com/MessagingAe01cc205 server: xmpp.l.google.com
No response from the server.: 
	at org.jivesoftware.smackx.ServiceDiscoveryManager.discoverInfo(ServiceDiscoveryManager.java:554)
	at org.jivesoftware.smackx.ServiceDiscoveryManager.discoverInfo(ServiceDiscoveryManager.java:512)
	at de.fu_berlin.inf.dpp.net.discoverymanager.DiscoveryManager.performServiceDiscovery(DiscoveryManager.java:442)
	at de.fu_berlin.inf.dpp.net.discoverymanager.DiscoveryManager.queryFeatureSupport(DiscoveryManager.java:379)
	at de.fu_berlin.inf.dpp.net.discoverymanager.DiscoveryManager.access$3(DiscoveryManager.java:346)
	at de.fu_berlin.inf.dpp.net.discoverymanager.DiscoveryManager$2.run(DiscoveryManager.java:325)
	at de.fu_berlin.inf.dpp.util.Utils$2.run(Utils.java:175)
	at java.util.concurrent.ThreadPoolExecutor.runWorker(Unknown Source)
	at java.util.concurrent.ThreadPoolExecutor$Worker.run(Unknown Source)
	at java.lang.Thread.run(Unknown Source)
WARN  2014-04-17 11:20:30,557 (DiscoveryManager.java:445) Service Discovery failed on recipient gabrielwilde@gmail.com/MessagingAe01cc205 server: xmpp.l.google.com
No response from the server.: 
	at org.jivesoftware.smackx.ServiceDiscoveryManager.discoverInfo(ServiceDiscoveryManager.java:554)
	at org.jivesoftware.smackx.ServiceDiscoveryManager.discoverInfo(ServiceDiscoveryManager.java:512)
	at de.fu_berlin.inf.dpp.net.discoverymanager.DiscoveryManager.performServiceDiscovery(DiscoveryManager.java:442)
	at de.fu_berlin.inf.dpp.net.discoverymanager.DiscoveryManager.queryFeatureSupport(DiscoveryManager.java:379)
	at de.fu_berlin.inf.dpp.net.discoverymanager.DiscoveryManager.access$3(DiscoveryManager.java:346)
	at de.fu_berlin.inf.dpp.net.discoverymanager.DiscoveryManager$2.run(DiscoveryManager.java:325)
	at de.fu_berlin.inf.dpp.util.Utils$2.run(Utils.java:175)
	at java.util.concurrent.ThreadPoolExecutor.runWorker(Unknown Source)
	at java.util.concurrent.ThreadPoolExecutor$Worker.run(Unknown Source)
	at java.lang.Thread.run(Unknown Source)
WARN  2014-04-17 11:20:48,041 (NullSarosSession.java:64) unexpected method call
WARN  2014-04-17 11:20:48,041 (NullSarosSession.java:64) unexpected method call
WARN  2014-04-17 11:20:50,932 (NullSarosSession.java:64) unexpected method call
WARN  2014-04-17 11:20:50,932 (NullSarosSession.java:64) unexpected method call
WARN  2014-04-17 11:20:52,619 (NullSarosSession.java:64) unexpected method call
WARN  2014-04-17 11:20:52,619 (NullSarosSession.java:64) unexpected method call
WARN  2014-04-17 11:20:52,619 (NullSarosSession.java:64) unexpected method call
WARN  2014-04-17 11:20:52,619 (NullSarosSession.java:64) unexpected method call
WARN  2014-04-17 11:20:53,010 (NullSarosSession.java:64) unexpected method call
WARN  2014-04-17 11:20:53,010 (NullSarosSession.java:64) unexpected method call
WARN  2014-04-17 11:20:53,026 (NullSarosSession.java:64) unexpected method call
WARN  2014-04-17 11:20:53,026 (NullSarosSession.java:64) unexpected method call
WARN  2014-04-17 11:20:53,057 (NullSarosSession.java:64) unexpected method call
WARN  2014-04-17 11:20:53,073 (NullSarosSession.java:64) unexpected method call
WARN  2014-04-17 11:20:53,104 (NullSarosSession.java:64) unexpected method call
WARN  2014-04-17 11:20:53,119 (NullSarosSession.java:64) unexpected method call
WARN  2014-04-17 11:20:53,198 (NullSarosSession.java:64) unexpected method call
WARN  2014-04-17 11:20:53,213 (NullSarosSession.java:64) unexpected method call
WARN  2014-04-17 11:20:53,213 (NullSarosSession.java:64) unexpected method call
WARN  2014-04-17 11:20:53,213 (NullSarosSession.java:64) unexpected method call
WARN  2014-04-17 11:20:53,526 (SWTUtils.java:144) could not execute runnable de.fu_berlin.inf.dpp.ui.widgets.ConnectionStateComposite$1$1@970b7de, UI thread is not available
StackTrace:
	at de.fu_berlin.inf.dpp.ui.util.SWTUtils.runSafeSWTAsync(SWTUtils.java:145)
	at de.fu_berlin.inf.dpp.ui.widgets.ConnectionStateComposite$1.connectionStateChanged(ConnectionStateComposite.java:55)
	at de.fu_berlin.inf.dpp.net.SarosNet.setConnectionState(SarosNet.java:390)
	at de.fu_berlin.inf.dpp.net.SarosNet.disconnect(SarosNet.java:289)
	at de.fu_berlin.inf.dpp.Saros$1.run(Saros.java:334)
	at de.fu_berlin.inf.dpp.util.Utils$2.run(Utils.java:175)
	at java.lang.Thread.run(Unknown Source)
WARN  2014-04-17 11:20:53,682 (SWTUtils.java:144) could not execute runnable de.fu_berlin.inf.dpp.ui.widgets.ConnectionStateComposite$1$1@79cf5705, UI thread is not available
StackTrace:
	at de.fu_berlin.inf.dpp.ui.util.SWTUtils.runSafeSWTAsync(SWTUtils.java:145)
	at de.fu_berlin.inf.dpp.ui.widgets.ConnectionStateComposite$1.connectionStateChanged(ConnectionStateComposite.java:55)
	at de.fu_berlin.inf.dpp.net.SarosNet.setConnectionState(SarosNet.java:390)
	at de.fu_berlin.inf.dpp.net.SarosNet.disconnect(SarosNet.java:293)
	at de.fu_berlin.inf.dpp.Saros$1.run(Saros.java:334)
	at de.fu_berlin.inf.dpp.util.Utils$2.run(Utils.java:175)
	at java.lang.Thread.run(Unknown Source)
ERROR 2014-04-17 11:20:53,682 (Utils.java:177) Internal Error:
java.lang.RuntimeException: java.lang.InterruptedException
	at org.jivesoftware.smack.PacketCollector.nextResult(PacketCollector.java:138)
	at org.jivesoftware.smackx.ServiceDiscoveryManager.discoverInfo(ServiceDiscoveryManager.java:550)
	at org.jivesoftware.smackx.ServiceDiscoveryManager.discoverInfo(ServiceDiscoveryManager.java:512)
	at de.fu_berlin.inf.dpp.net.discoverymanager.DiscoveryManager.performServiceDiscovery(DiscoveryManager.java:442)
	at de.fu_berlin.inf.dpp.net.discoverymanager.DiscoveryManager.queryFeatureSupport(DiscoveryManager.java:379)
	at de.fu_berlin.inf.dpp.net.discoverymanager.DiscoveryManager.access$3(DiscoveryManager.java:346)
	at de.fu_berlin.inf.dpp.net.discoverymanager.DiscoveryManager$2.run(DiscoveryManager.java:325)
	at de.fu_berlin.inf.dpp.util.Utils$2.run(Utils.java:175)
	at java.util.concurrent.ThreadPoolExecutor.runWorker(Unknown Source)
	at java.util.concurrent.ThreadPoolExecutor$Worker.run(Unknown Source)
	at java.lang.Thread.run(Unknown Source)
Caused by: java.lang.InterruptedException
	at java.util.concurrent.locks.AbstractQueuedSynchronizer$ConditionObject.reportInterruptAfterWait(Unknown Source)
	at java.util.concurrent.locks.AbstractQueuedSynchronizer$ConditionObject.awaitNanos(Unknown Source)
	at java.util.concurrent.ArrayBlockingQueue.poll(Unknown Source)
	at org.jivesoftware.smack.PacketCollector.nextResult(PacketCollector.java:135)
	... 10 more
ERROR 2014-04-17 11:20:53,682 (Utils.java:178) Original caller:
StackTrace:
	at de.fu_berlin.inf.dpp.util.Utils.wrapSafe(Utils.java:169)
	at de.fu_berlin.inf.dpp.net.discoverymanager.DiscoveryManager.queryFeatureSupport(DiscoveryManager.java:322)
	at de.fu_berlin.inf.dpp.ui.model.roster.RosterEntryElement.isSarosSupported(RosterEntryElement.java:146)
	at de.fu_berlin.inf.dpp.ui.widgets.viewer.roster.FilteredContactSelectionComposite$1.select(FilteredContactSelectionComposite.java:81)
	at org.eclipse.jface.viewers.ViewerFilter.filter(ViewerFilter.java:51)
	at org.eclipse.jface.viewers.StructuredViewer.getFilteredChildren(StructuredViewer.java:921)
	at org.eclipse.jface.viewers.AbstractTreeViewer.getSortedChildren(AbstractTreeViewer.java:620)
	at org.eclipse.jface.viewers.AbstractTreeViewer$1.run(AbstractTreeViewer.java:820)
	at org.eclipse.swt.custom.BusyIndicator.showWhile(BusyIndicator.java:70)
	at org.eclipse.jface.viewers.AbstractTreeViewer.createChildren(AbstractTreeViewer.java:797)
	at org.eclipse.jface.viewers.TreeViewer.createChildren(TreeViewer.java:644)
	at org.eclipse.jface.viewers.AbstractTreeViewer.internalExpandToLevel(AbstractTreeViewer.java:1770)
	at org.eclipse.jface.viewers.AbstractTreeViewer.expandToLevel(AbstractTreeViewer.java:1075)
	at org.eclipse.jface.viewers.AbstractTreeViewer.expandToLevel(AbstractTreeViewer.java:1056)
	at org.eclipse.jface.viewers.AbstractTreeViewer.expandAll(AbstractTreeViewer.java:1045)
	at de.fu_berlin.inf.nebula.utils.ViewerUtils$10.run(ViewerUtils.java:271)
	at org.eclipse.swt.widgets.RunnableLock.run(RunnableLock.java:35)
	at org.eclipse.swt.widgets.Synchronizer.runAsyncMessages(Synchronizer.java:135)
	at org.eclipse.swt.widgets.Display.runAsyncMessages(Display.java:4145)
	at org.eclipse.swt.widgets.Display.readAndDispatch(Display.java:3762)
	at org.eclipse.jface.window.Window.runEventLoop(Window.java:826)
	at org.eclipse.jface.window.Window.open(Window.java:802)
	at de.fu_berlin.inf.dpp.ui.util.WizardUtils$1.call(WizardUtils.java:49)
	at de.fu_berlin.inf.dpp.ui.util.WizardUtils$1.call(WizardUtils.java:1)
	at de.fu_berlin.inf.dpp.ui.util.SWTUtils$1.run(SWTUtils.java:161)
	at de.fu_berlin.inf.dpp.util.Utils$2.run(Utils.java:175)
	at org.eclipse.swt.widgets.Synchronizer.syncExec(Synchronizer.java:180)
	at org.eclipse.ui.internal.UISynchronizer.syncExec(UISynchronizer.java:150)
	at org.eclipse.swt.widgets.Display.syncExec(Display.java:4688)
	at de.fu_berlin.inf.dpp.ui.util.SWTUtils.runSafeSWTSync(SWTUtils.java:188)
	at de.fu_berlin.inf.dpp.ui.util.SWTUtils.runSWTSync(SWTUtils.java:157)
	at de.fu_berlin.inf.dpp.ui.util.WizardUtils.openWizard(WizardUtils.java:43)
	at de.fu_berlin.inf.dpp.ui.util.WizardUtils.openWizardSuccessfully(WizardUtils.java:68)
	at de.fu_berlin.inf.dpp.ui.util.WizardUtils.openWizardSuccessfully(WizardUtils.java:81)
	at de.fu_berlin.inf.dpp.ui.util.WizardUtils.openStartSessionWizard(WizardUtils.java:160)
	at de.fu_berlin.inf.dpp.ui.commandHandlers.ShareProjectHandler.execute(ShareProjectHandler.java:52)
	at org.eclipse.ui.internal.handlers.HandlerProxy.execute(HandlerProxy.java:290)
	at org.eclipse.ui.internal.handlers.E4HandlerProxy.execute(E4HandlerProxy.java:90)
	at sun.reflect.GeneratedMethodAccessor27.invoke(Unknown Source)
	at sun.reflect.DelegatingMethodAccessorImpl.invoke(Unknown Source)
	at java.lang.reflect.Method.invoke(Unknown Source)
	at org.eclipse.e4.core.internal.di.MethodRequestor.execute(MethodRequestor.java:56)
	at org.eclipse.e4.core.internal.di.InjectorImpl.invokeUsingClass(InjectorImpl.java:243)
	at org.eclipse.e4.core.internal.di.InjectorImpl.invoke(InjectorImpl.java:224)
	at org.eclipse.e4.core.contexts.ContextInjectionFactory.invoke(ContextInjectionFactory.java:132)
	at org.eclipse.e4.core.commands.internal.HandlerServiceHandler.execute(HandlerServiceHandler.java:167)
	at org.eclipse.core.commands.Command.executeWithChecks(Command.java:499)
	at org.eclipse.core.commands.ParameterizedCommand.executeWithChecks(ParameterizedCommand.java:508)
	at org.eclipse.e4.core.commands.internal.HandlerServiceImpl.executeHandler(HandlerServiceImpl.java:213)
	at org.eclipse.e4.ui.workbench.renderers.swt.HandledContributionItem.executeItem(HandledContributionItem.java:850)
	at org.eclipse.e4.ui.workbench.renderers.swt.HandledContributionItem.handleWidgetSelection(HandledContributionItem.java:743)
	at org.eclipse.e4.ui.workbench.renderers.swt.HandledContributionItem.access$7(HandledContributionItem.java:727)
	at org.eclipse.e4.ui.workbench.renderers.swt.HandledContributionItem$4.handleEvent(HandledContributionItem.java:662)
	at org.eclipse.swt.widgets.EventTable.sendEvent(EventTable.java:84)
	at org.eclipse.swt.widgets.Widget.sendEvent(Widget.java:1057)
	at org.eclipse.swt.widgets.Display.runDeferredEvents(Display.java:4170)
	at org.eclipse.swt.widgets.Display.readAndDispatch(Display.java:3759)
	at org.eclipse.e4.ui.internal.workbench.swt.PartRenderingEngine$9.run(PartRenderingEngine.java:1113)
	at org.eclipse.core.databinding.observable.Realm.runWithDefault(Realm.java:332)
	at org.eclipse.e4.ui.internal.workbench.swt.PartRenderingEngine.run(PartRenderingEngine.java:997)
	at org.eclipse.e4.ui.internal.workbench.E4Workbench.createAndRunUI(E4Workbench.java:140)
	at org.eclipse.ui.internal.Workbench$5.run(Workbench.java:611)
	at org.eclipse.core.databinding.observable.Realm.runWithDefault(Realm.java:332)
	at org.eclipse.ui.internal.Workbench.createAndRunWorkbench(Workbench.java:567)
	at org.eclipse.ui.PlatformUI.createAndRunWorkbench(PlatformUI.java:150)
	at org.eclipse.ui.internal.ide.application.IDEApplication.start(IDEApplication.java:124)
	at org.eclipse.equinox.internal.app.EclipseAppHandle.run(EclipseAppHandle.java:196)
	at org.eclipse.core.runtime.internal.adaptor.EclipseAppLauncher.runApplication(EclipseAppLauncher.java:110)
	at org.eclipse.core.runtime.internal.adaptor.EclipseAppLauncher.start(EclipseAppLauncher.java:79)
	at org.eclipse.core.runtime.adaptor.EclipseStarter.run(EclipseStarter.java:354)
	at org.eclipse.core.runtime.adaptor.EclipseStarter.run(EclipseStarter.java:181)
	at sun.reflect.NativeMethodAccessorImpl.invoke0(Native Method)
	at sun.reflect.NativeMethodAccessorImpl.invoke(Unknown Source)
	at sun.reflect.DelegatingMethodAccessorImpl.invoke(Unknown Source)
	at java.lang.reflect.Method.invoke(Unknown Source)
	at org.eclipse.equinox.launcher.Main.invokeFramework(Main.java:636)
	at org.eclipse.equinox.launcher.Main.basicRun(Main.java:591)
	at org.eclipse.equinox.launcher.Main.run(Main.java:1450)
	at org.eclipse.equinox.launcher.Main.main(Main.java:1426)
