INFO  2014-04-15 15:30:50,211 (Saros.java:256) Starting Saros 13.12.6 running:
  Java Version: 1.8.0
  Java Vendor: Oracle Corporation
  Eclipse Runtime Version: 3.9.100.v20131218-1515
  Operating System: Windows 8.1 (6.3)
  Hardware Architecture: amd64
INFO  2014-04-15 15:30:50,242 (XMPPAccountStore.java:103) loaded 1 accounts
INFO  2014-04-15 15:30:50,273 (PreferenceInitializer.java:53) initializing preference default values
DEBUG 2014-04-15 15:30:50,289 (DataTransferManager.java:444) used transport order for the current XMPP connection: [de.fu_berlin.inf.dpp.net.internal.Socks5Transport@e1e2e5e, de.fu_berlin.inf.dpp.net.internal.IBBTransport@661c46bc]
DEBUG 2014-04-15 15:30:50,336 (StreamServiceManager.java:225) StreamServices added:
  SendFile
  AudioService
  VideoSharing
DEBUG 2014-04-15 15:30:50,398 (SarosAnnotation.java:112) resetting annotation colors
WARN  2014-04-15 15:30:50,695 (NullSarosSession.java:64) unexpected method call
WARN  2014-04-15 15:30:50,820 (NullSarosSession.java:64) unexpected method call
WARN  2014-04-15 15:30:53,804 (NullSarosSession.java:64) unexpected method call
WARN  2014-04-15 15:30:53,804 (NullSarosSession.java:64) unexpected method call
DEBUG 2014-04-15 15:30:54,584 (WhiteboardManager.java:108) WhiteboardManager instantiated
DEBUG 2014-04-15 15:30:54,602 (DocumentRecord.java:93) Added Node: attr(139756865459813646) name=svg
DEBUG 2014-04-15 15:30:59,995 (SarosNet.java:423) started Socks5 proxy on port: 7777 [listening on all interfaces]
DEBUG 2014-04-15 15:31:00,385 (SarosNet.java:433) found interface addresses: [192.168.56.1, 141.22.91.162, fe80:0:0:0:6916:72e8:fdbf:3bcd%wlan0, fe80:0:0:0:6162:f90:6766:5971%eth5, 2002:8d16:5ba2:0:0:0:8d16:5ba2]
DEBUG 2014-04-15 15:31:00,948 (SarosNet.java:383)  new connection state == CONNECTING
DEBUG 2014-04-15 15:31:05,057 (SarosNet.java:383) pascal.borchert.games@googlemail.com/SarosBA425693 new connection state == CONNECTED
DEBUG 2014-04-15 15:31:05,057 (DataTransferManager.java:444) used transport order for the current XMPP connection: [de.fu_berlin.inf.dpp.net.internal.Socks5Transport@e1e2e5e, de.fu_berlin.inf.dpp.net.internal.IBBTransport@661c46bc]
DEBUG 2014-04-15 15:31:05,057 (SkypeManager.java:286) Refreshing Skype username cache...
WARN  2014-04-15 15:31:10,811 (StunServiceImpl.java:420) received no response from STUN server stunserver.org/132.177.123.6:3478 at local address /192.168.56.1:0
WARN  2014-04-15 15:31:10,811 (StunServiceImpl.java:420) received no response from STUN server stunserver.org/132.177.123.6:3478 at local address /141.22.91.162:0
WARN  2014-04-15 15:31:51,781 (NullSarosSession.java:64) unexpected method call
WARN  2014-04-15 15:31:51,937 (NullSarosSession.java:64) unexpected method call
DEBUG 2014-04-15 15:31:52,109 (SarosNet.java:383) pascal.borchert.games@googlemail.com/SarosBA425693 new connection state == DISCONNECTING
DEBUG 2014-04-15 15:31:52,281 (SarosNet.java:383)  new connection state == NOT_CONNECTED
DEBUG 2014-04-15 15:31:52,281 (UPnPServiceImpl.java:295) deleting existing port mappings
