INFO  2014-04-15 15:45:53,317 (Saros.java:256) Starting Saros 13.12.6 running:
  Java Version: 1.8.0
  Java Vendor: Oracle Corporation
  Eclipse Runtime Version: 3.9.100.v20131218-1515
  Operating System: Windows 8.1 (6.3)
  Hardware Architecture: amd64
INFO  2014-04-15 15:45:53,349 (XMPPAccountStore.java:103) loaded 1 accounts
INFO  2014-04-15 15:45:53,380 (PreferenceInitializer.java:53) initializing preference default values
DEBUG 2014-04-15 15:45:53,395 (DataTransferManager.java:444) used transport order for the current XMPP connection: [de.fu_berlin.inf.dpp.net.internal.Socks5Transport@4f8b4bd0, de.fu_berlin.inf.dpp.net.internal.IBBTransport@4e904fd5]
DEBUG 2014-04-15 15:45:53,427 (StreamServiceManager.java:225) StreamServices added:
  SendFile
  AudioService
  VideoSharing
DEBUG 2014-04-15 15:45:53,474 (SarosAnnotation.java:112) resetting annotation colors
WARN  2014-04-15 15:45:53,958 (NullSarosSession.java:64) unexpected method call
WARN  2014-04-15 15:45:54,067 (NullSarosSession.java:64) unexpected method call
WARN  2014-04-15 15:45:56,677 (NullSarosSession.java:64) unexpected method call
WARN  2014-04-15 15:45:56,692 (NullSarosSession.java:64) unexpected method call
DEBUG 2014-04-15 15:45:57,659 (WhiteboardManager.java:108) WhiteboardManager instantiated
DEBUG 2014-04-15 15:45:57,675 (DocumentRecord.java:93) Added Node: attr(13975695576746181) name=svg
DEBUG 2014-04-15 15:45:57,721 (SarosNet.java:423) started Socks5 proxy on port: 7777 [listening on all interfaces]
DEBUG 2014-04-15 15:45:57,925 (SarosNet.java:433) found interface addresses: [192.168.56.1, 141.22.91.162, fe80:0:0:0:6916:72e8:fdbf:3bcd%wlan0, fe80:0:0:0:6162:f90:6766:5971%eth5, 2002:8d16:5ba2:0:0:0:8d16:5ba2]
DEBUG 2014-04-15 15:45:57,940 (SarosNet.java:383)  new connection state == CONNECTING
DEBUG 2014-04-15 15:45:58,456 (SarosNet.java:383) pascal.borchert.games@googlemail.com/SarosDBEA8B0F new connection state == CONNECTED
DEBUG 2014-04-15 15:45:58,456 (DataTransferManager.java:444) used transport order for the current XMPP connection: [de.fu_berlin.inf.dpp.net.internal.Socks5Transport@4f8b4bd0, de.fu_berlin.inf.dpp.net.internal.IBBTransport@4e904fd5]
DEBUG 2014-04-15 15:45:58,456 (SkypeManager.java:286) Refreshing Skype username cache...
WARN  2014-04-15 15:46:08,347 (StunServiceImpl.java:420) received no response from STUN server stunserver.org/132.177.123.6:3478 at local address /192.168.56.1:0
WARN  2014-04-15 15:46:08,347 (StunServiceImpl.java:420) received no response from STUN server stunserver.org/132.177.123.6:3478 at local address /141.22.91.162:0
DEBUG 2014-04-15 15:48:37,576 (SharedDocumentProvider.java:79) SharedDocumentProvider created by Eclipse
ERROR 2014-04-15 15:51:52,181 (SarosNet.java:95) XMPP connection error: 
java.net.SocketException: Software caused connection abort: recv failed
	at java.net.SocketInputStream.socketRead0(Native Method)
	at java.net.SocketInputStream.read(Unknown Source)
	at java.net.SocketInputStream.read(Unknown Source)
	at sun.security.ssl.InputRecord.readFully(Unknown Source)
	at sun.security.ssl.InputRecord.read(Unknown Source)
	at sun.security.ssl.SSLSocketImpl.readRecord(Unknown Source)
	at sun.security.ssl.SSLSocketImpl.readDataRecord(Unknown Source)
	at sun.security.ssl.AppInputStream.read(Unknown Source)
	at sun.nio.cs.StreamDecoder.readBytes(Unknown Source)
	at sun.nio.cs.StreamDecoder.implRead(Unknown Source)
	at sun.nio.cs.StreamDecoder.read(Unknown Source)
	at java.io.InputStreamReader.read(Unknown Source)
	at java.io.BufferedReader.fill(Unknown Source)
	at java.io.BufferedReader.read1(Unknown Source)
	at java.io.BufferedReader.read(Unknown Source)
	at org.xmlpull.mxp1.MXParser.fillBuf(MXParser.java:2992)
	at org.xmlpull.mxp1.MXParser.more(MXParser.java:3046)
	at org.xmlpull.mxp1.MXParser.nextImpl(MXParser.java:1144)
	at org.xmlpull.mxp1.MXParser.next(MXParser.java:1093)
	at org.jivesoftware.smack.PacketReader.parsePackets(PacketReader.java:316)
	at org.jivesoftware.smack.PacketReader.access$000(PacketReader.java:46)
	at org.jivesoftware.smack.PacketReader$1.run(PacketReader.java:72)
ERROR 2014-04-15 15:51:52,276 (SarosNet.java:385)  new connection state == ERROR
java.net.SocketException: Software caused connection abort: recv failed
	at java.net.SocketInputStream.socketRead0(Native Method)
	at java.net.SocketInputStream.read(Unknown Source)
	at java.net.SocketInputStream.read(Unknown Source)
	at sun.security.ssl.InputRecord.readFully(Unknown Source)
	at sun.security.ssl.InputRecord.read(Unknown Source)
	at sun.security.ssl.SSLSocketImpl.readRecord(Unknown Source)
	at sun.security.ssl.SSLSocketImpl.readDataRecord(Unknown Source)
	at sun.security.ssl.AppInputStream.read(Unknown Source)
	at sun.nio.cs.StreamDecoder.readBytes(Unknown Source)
	at sun.nio.cs.StreamDecoder.implRead(Unknown Source)
	at sun.nio.cs.StreamDecoder.read(Unknown Source)
	at java.io.InputStreamReader.read(Unknown Source)
	at java.io.BufferedReader.fill(Unknown Source)
	at java.io.BufferedReader.read1(Unknown Source)
	at java.io.BufferedReader.read(Unknown Source)
	at org.xmlpull.mxp1.MXParser.fillBuf(MXParser.java:2992)
	at org.xmlpull.mxp1.MXParser.more(MXParser.java:3046)
	at org.xmlpull.mxp1.MXParser.nextImpl(MXParser.java:1144)
	at org.xmlpull.mxp1.MXParser.next(MXParser.java:1093)
	at org.jivesoftware.smack.PacketReader.parsePackets(PacketReader.java:316)
	at org.jivesoftware.smack.PacketReader.access$000(PacketReader.java:46)
	at org.jivesoftware.smack.PacketReader$1.run(PacketReader.java:72)
DEBUG 2014-04-15 15:56:57,464 (SarosNet.java:383)  new connection state == NOT_CONNECTED
WARN  2014-04-15 15:58:20,603 (NullSarosSession.java:64) unexpected method call
WARN  2014-04-15 15:58:20,603 (NullSarosSession.java:64) unexpected method call
DEBUG 2014-04-15 15:58:20,743 (UPnPServiceImpl.java:295) deleting existing port mappings
