INFO  2014-04-15 09:49:37,928 (Saros.java:256) Starting Saros 13.12.6 running:
  Java Version: 1.8.0
  Java Vendor: Oracle Corporation
  Eclipse Runtime Version: 3.9.100.v20131218-1515
  Operating System: Windows 8.1 (6.3)
  Hardware Architecture: amd64
INFO  2014-04-15 09:49:37,975 (XMPPAccountStore.java:103) loaded 1 accounts
INFO  2014-04-15 09:49:38,022 (PreferenceInitializer.java:53) initializing preference default values
DEBUG 2014-04-15 09:49:38,022 (DataTransferManager.java:444) used transport order for the current XMPP connection: [de.fu_berlin.inf.dpp.net.internal.Socks5Transport@7308ffff, de.fu_berlin.inf.dpp.net.internal.IBBTransport@6601cc93]
DEBUG 2014-04-15 09:49:38,084 (StreamServiceManager.java:225) StreamServices added:
  SendFile
  AudioService
  VideoSharing
DEBUG 2014-04-15 09:49:38,147 (SarosAnnotation.java:112) resetting annotation colors
WARN  2014-04-15 09:49:38,412 (NullSarosSession.java:64) unexpected method call
WARN  2014-04-15 09:49:38,444 (NullSarosSession.java:64) unexpected method call
DEBUG 2014-04-15 09:49:43,850 (SharedDocumentProvider.java:79) SharedDocumentProvider created by Eclipse
WARN  2014-04-15 09:49:49,069 (NullSarosSession.java:64) unexpected method call
WARN  2014-04-15 09:49:49,084 (NullSarosSession.java:64) unexpected method call
DEBUG 2014-04-15 09:49:52,352 (WhiteboardManager.java:108) WhiteboardManager instantiated
DEBUG 2014-04-15 09:49:52,423 (DocumentRecord.java:93) Added Node: attr(139754819241936887) name=svg
DEBUG 2014-04-15 09:49:52,979 (SarosNet.java:423) started Socks5 proxy on port: 7777 [listening on all interfaces]
DEBUG 2014-04-15 09:49:53,229 (SarosNet.java:433) found interface addresses: [192.168.56.1, 141.22.91.162, fe80:0:0:0:6916:72e8:fdbf:3bcd%wlan0, fe80:0:0:0:6162:f90:6766:5971%eth5, 2002:8d16:5ba2:0:0:0:8d16:5ba2]
DEBUG 2014-04-15 09:49:53,494 (SarosNet.java:383)  new connection state == CONNECTING
DEBUG 2014-04-15 09:49:54,901 (SarosNet.java:383) pascal.borchert.games@googlemail.com/Saros930D7C05 new connection state == CONNECTED
DEBUG 2014-04-15 09:49:54,901 (DataTransferManager.java:444) used transport order for the current XMPP connection: [de.fu_berlin.inf.dpp.net.internal.Socks5Transport@7308ffff, de.fu_berlin.inf.dpp.net.internal.IBBTransport@6601cc93]
DEBUG 2014-04-15 09:49:54,901 (SkypeManager.java:286) Refreshing Skype username cache...
WARN  2014-04-15 09:50:03,592 (StunServiceImpl.java:420) received no response from STUN server stunserver.org/132.177.123.6:3478 at local address /192.168.56.1:0
WARN  2014-04-15 09:50:03,592 (StunServiceImpl.java:420) received no response from STUN server stunserver.org/132.177.123.6:3478 at local address /141.22.91.162:0
WARN  2014-04-15 10:17:38,940 (NullSarosSession.java:64) unexpected method call
WARN  2014-04-15 10:17:38,940 (NullSarosSession.java:64) unexpected method call
DEBUG 2014-04-15 10:17:39,347 (SarosNet.java:383) pascal.borchert.games@googlemail.com/Saros930D7C05 new connection state == DISCONNECTING
DEBUG 2014-04-15 10:17:39,503 (SarosNet.java:383)  new connection state == NOT_CONNECTED
DEBUG 2014-04-15 10:17:39,503 (UPnPServiceImpl.java:295) deleting existing port mappings
