INFO  2014-04-15 14:49:52,096 (Saros.java:256) Starting Saros 13.12.6 running:
  Java Version: 1.8.0
  Java Vendor: Oracle Corporation
  Eclipse Runtime Version: 3.9.100.v20131218-1515
  Operating System: Windows 8.1 (6.3)
  Hardware Architecture: amd64
INFO  2014-04-15 14:49:52,333 (XMPPAccountStore.java:103) loaded 1 accounts
INFO  2014-04-15 14:49:52,360 (PreferenceInitializer.java:53) initializing preference default values
DEBUG 2014-04-15 14:49:52,369 (DataTransferManager.java:444) used transport order for the current XMPP connection: [de.fu_berlin.inf.dpp.net.internal.Socks5Transport@557eb543, de.fu_berlin.inf.dpp.net.internal.IBBTransport@3b95d13c]
DEBUG 2014-04-15 14:49:52,407 (StreamServiceManager.java:225) StreamServices added:
  SendFile
  AudioService
  VideoSharing
DEBUG 2014-04-15 14:49:52,462 (SarosAnnotation.java:112) resetting annotation colors
WARN  2014-04-15 14:49:52,724 (NullSarosSession.java:64) unexpected method call
WARN  2014-04-15 14:49:52,730 (NullSarosSession.java:64) unexpected method call
WARN  2014-04-15 14:49:56,080 (NullSarosSession.java:64) unexpected method call
WARN  2014-04-15 14:49:56,096 (NullSarosSession.java:64) unexpected method call
DEBUG 2014-04-15 14:49:56,924 (WhiteboardManager.java:108) WhiteboardManager instantiated
DEBUG 2014-04-15 14:49:56,948 (DocumentRecord.java:93) Added Node: attr(139756619694516946) name=svg
DEBUG 2014-04-15 14:49:57,290 (SarosNet.java:423) started Socks5 proxy on port: 7777 [listening on all interfaces]
DEBUG 2014-04-15 14:49:57,540 (SarosNet.java:433) found interface addresses: [192.168.56.1, 141.22.91.162, fe80:0:0:0:6916:72e8:fdbf:3bcd%wlan0, fe80:0:0:0:6162:f90:6766:5971%eth5, 2002:8d16:5ba2:0:0:0:8d16:5ba2]
DEBUG 2014-04-15 14:49:57,555 (SarosNet.java:383)  new connection state == CONNECTING
DEBUG 2014-04-15 14:49:59,899 (SarosNet.java:383) pascal.borchert.games@googlemail.com/SarosEA00D71F new connection state == CONNECTED
DEBUG 2014-04-15 14:49:59,899 (DataTransferManager.java:444) used transport order for the current XMPP connection: [de.fu_berlin.inf.dpp.net.internal.Socks5Transport@557eb543, de.fu_berlin.inf.dpp.net.internal.IBBTransport@3b95d13c]
DEBUG 2014-04-15 14:49:59,915 (SkypeManager.java:286) Refreshing Skype username cache...
WARN  2014-04-15 14:50:07,977 (StunServiceImpl.java:420) received no response from STUN server stunserver.org/132.177.123.6:3478 at local address /192.168.56.1:0
WARN  2014-04-15 14:50:07,993 (StunServiceImpl.java:420) received no response from STUN server stunserver.org/132.177.123.6:3478 at local address /141.22.91.162:0
WARN  2014-04-15 14:50:50,507 (NullSarosSession.java:64) unexpected method call
WARN  2014-04-15 14:50:50,616 (NullSarosSession.java:64) unexpected method call
DEBUG 2014-04-15 14:50:50,804 (SarosNet.java:383) pascal.borchert.games@googlemail.com/SarosEA00D71F new connection state == DISCONNECTING
DEBUG 2014-04-15 14:50:50,976 (SarosNet.java:383)  new connection state == NOT_CONNECTED
DEBUG 2014-04-15 14:50:50,976 (UPnPServiceImpl.java:295) deleting existing port mappings
