INFO  2014-04-21 18:34:10,092 (Saros.java:256) Starting Saros 13.12.6 running:
  Java Version: 1.8.0
  Java Vendor: Oracle Corporation
  Eclipse Runtime Version: 3.9.100.v20131218-1515
  Operating System: Windows 8.1 (6.3)
  Hardware Architecture: amd64
INFO  2014-04-21 18:34:10,130 (XMPPAccountStore.java:103) loaded 1 accounts
INFO  2014-04-21 18:34:10,157 (PreferenceInitializer.java:53) initializing preference default values
DEBUG 2014-04-21 18:34:10,166 (DataTransferManager.java:444) used transport order for the current XMPP connection: [de.fu_berlin.inf.dpp.net.internal.Socks5Transport@39e67516, de.fu_berlin.inf.dpp.net.internal.IBBTransport@77010a30]
DEBUG 2014-04-21 18:34:10,201 (StreamServiceManager.java:225) StreamServices added:
  SendFile
  AudioService
  VideoSharing
DEBUG 2014-04-21 18:34:10,258 (SarosAnnotation.java:112) resetting annotation colors
WARN  2014-04-21 18:34:10,519 (NullSarosSession.java:64) unexpected method call
WARN  2014-04-21 18:34:10,519 (NullSarosSession.java:64) unexpected method call
DEBUG 2014-04-21 18:34:12,894 (SharedDocumentProvider.java:79) SharedDocumentProvider created by Eclipse
WARN  2014-04-21 18:34:15,065 (NullSarosSession.java:64) unexpected method call
WARN  2014-04-21 18:34:15,074 (NullSarosSession.java:64) unexpected method call
DEBUG 2014-04-21 18:34:16,305 (WhiteboardManager.java:108) WhiteboardManager instantiated
DEBUG 2014-04-21 18:34:16,324 (DocumentRecord.java:93) Added Node: attr(139809805632050285) name=svg
DEBUG 2014-04-21 18:34:16,405 (SarosNet.java:423) started Socks5 proxy on port: 7777 [listening on all interfaces]
DEBUG 2014-04-21 18:34:16,916 (SarosNet.java:433) found interface addresses: [192.168.56.1, 192.168.178.42, fe80:0:0:0:6916:72e8:fdbf:3bcd%wlan0, fe80:0:0:0:6162:f90:6766:5971%eth5]
DEBUG 2014-04-21 18:34:16,929 (SarosNet.java:383)  new connection state == CONNECTING
DEBUG 2014-04-21 18:34:17,705 (StunServiceImpl.java:173) discovered public WAN-IP: 2.240.108.193 through interface 192.168.178.42
DEBUG 2014-04-21 18:34:17,815 (SarosNet.java:383) pascal.borchert.games@googlemail.com/SarosC62C4CF1 new connection state == CONNECTED
DEBUG 2014-04-21 18:34:17,815 (DataTransferManager.java:444) used transport order for the current XMPP connection: [de.fu_berlin.inf.dpp.net.internal.Socks5Transport@39e67516, de.fu_berlin.inf.dpp.net.internal.IBBTransport@77010a30]
DEBUG 2014-04-21 18:34:17,815 (SkypeManager.java:286) Refreshing Skype username cache...
WARN  2014-04-21 18:34:27,588 (StunServiceImpl.java:420) received no response from STUN server stunserver.org/132.177.123.6:3478 at local address /192.168.56.1:0
WARN  2014-04-21 18:34:48,240 (DiscoveryManager.java:445) Service Discovery failed on recipient gabrielwilde@gmail.com/MessagingAe01cc205 server: xmpp.l.google.com
No response from the server.: 
	at org.jivesoftware.smackx.ServiceDiscoveryManager.discoverInfo(ServiceDiscoveryManager.java:554)
	at org.jivesoftware.smackx.ServiceDiscoveryManager.discoverInfo(ServiceDiscoveryManager.java:512)
	at de.fu_berlin.inf.dpp.net.discoverymanager.DiscoveryManager.performServiceDiscovery(DiscoveryManager.java:442)
	at de.fu_berlin.inf.dpp.net.discoverymanager.DiscoveryManager.queryFeatureSupport(DiscoveryManager.java:379)
	at de.fu_berlin.inf.dpp.net.discoverymanager.DiscoveryManager.access$3(DiscoveryManager.java:346)
	at de.fu_berlin.inf.dpp.net.discoverymanager.DiscoveryManager$2.run(DiscoveryManager.java:325)
	at de.fu_berlin.inf.dpp.util.Utils$2.run(Utils.java:175)
	at java.util.concurrent.ThreadPoolExecutor.runWorker(Unknown Source)
	at java.util.concurrent.ThreadPoolExecutor$Worker.run(Unknown Source)
	at java.lang.Thread.run(Unknown Source)
WARN  2014-04-21 18:35:18,267 (DiscoveryManager.java:445) Service Discovery failed on recipient gabrielwilde@gmail.com/MessagingAe01cc205 server: xmpp.l.google.com
No response from the server.: 
	at org.jivesoftware.smackx.ServiceDiscoveryManager.discoverInfo(ServiceDiscoveryManager.java:554)
	at org.jivesoftware.smackx.ServiceDiscoveryManager.discoverInfo(ServiceDiscoveryManager.java:512)
	at de.fu_berlin.inf.dpp.net.discoverymanager.DiscoveryManager.performServiceDiscovery(DiscoveryManager.java:442)
	at de.fu_berlin.inf.dpp.net.discoverymanager.DiscoveryManager.queryFeatureSupport(DiscoveryManager.java:379)
	at de.fu_berlin.inf.dpp.net.discoverymanager.DiscoveryManager.access$3(DiscoveryManager.java:346)
	at de.fu_berlin.inf.dpp.net.discoverymanager.DiscoveryManager$2.run(DiscoveryManager.java:325)
	at de.fu_berlin.inf.dpp.util.Utils$2.run(Utils.java:175)
	at java.util.concurrent.ThreadPoolExecutor.runWorker(Unknown Source)
	at java.util.concurrent.ThreadPoolExecutor$Worker.run(Unknown Source)
	at java.lang.Thread.run(Unknown Source)
DEBUG 2014-04-21 22:05:06,586 (DiscoveryManager.java:101) clearing cache entry of contact gabrielwilde@gmail.com/MessagingAe01cc205 but cache entry is empty (a discovery is still running or the last one failed)
ERROR 2014-04-21 22:05:06,586 (SarosNet.java:95) XMPP connection error: 
java.net.SocketException: Software caused connection abort: recv failed
	at java.net.SocketInputStream.socketRead0(Native Method)
	at java.net.SocketInputStream.read(Unknown Source)
	at java.net.SocketInputStream.read(Unknown Source)
	at sun.security.ssl.InputRecord.readFully(Unknown Source)
	at sun.security.ssl.InputRecord.read(Unknown Source)
	at sun.security.ssl.SSLSocketImpl.readRecord(Unknown Source)
	at sun.security.ssl.SSLSocketImpl.readDataRecord(Unknown Source)
	at sun.security.ssl.AppInputStream.read(Unknown Source)
	at sun.nio.cs.StreamDecoder.readBytes(Unknown Source)
	at sun.nio.cs.StreamDecoder.implRead(Unknown Source)
	at sun.nio.cs.StreamDecoder.read(Unknown Source)
	at java.io.InputStreamReader.read(Unknown Source)
	at java.io.BufferedReader.fill(Unknown Source)
	at java.io.BufferedReader.read1(Unknown Source)
	at java.io.BufferedReader.read(Unknown Source)
	at org.xmlpull.mxp1.MXParser.fillBuf(MXParser.java:2992)
	at org.xmlpull.mxp1.MXParser.more(MXParser.java:3046)
	at org.xmlpull.mxp1.MXParser.nextImpl(MXParser.java:1144)
	at org.xmlpull.mxp1.MXParser.next(MXParser.java:1093)
	at org.jivesoftware.smack.PacketReader.parsePackets(PacketReader.java:316)
	at org.jivesoftware.smack.PacketReader.access$000(PacketReader.java:46)
	at org.jivesoftware.smack.PacketReader$1.run(PacketReader.java:72)
ERROR 2014-04-21 22:05:06,586 (SarosNet.java:385)  new connection state == ERROR
java.net.SocketException: Software caused connection abort: recv failed
	at java.net.SocketInputStream.socketRead0(Native Method)
	at java.net.SocketInputStream.read(Unknown Source)
	at java.net.SocketInputStream.read(Unknown Source)
	at sun.security.ssl.InputRecord.readFully(Unknown Source)
	at sun.security.ssl.InputRecord.read(Unknown Source)
	at sun.security.ssl.SSLSocketImpl.readRecord(Unknown Source)
	at sun.security.ssl.SSLSocketImpl.readDataRecord(Unknown Source)
	at sun.security.ssl.AppInputStream.read(Unknown Source)
	at sun.nio.cs.StreamDecoder.readBytes(Unknown Source)
	at sun.nio.cs.StreamDecoder.implRead(Unknown Source)
	at sun.nio.cs.StreamDecoder.read(Unknown Source)
	at java.io.InputStreamReader.read(Unknown Source)
	at java.io.BufferedReader.fill(Unknown Source)
	at java.io.BufferedReader.read1(Unknown Source)
	at java.io.BufferedReader.read(Unknown Source)
	at org.xmlpull.mxp1.MXParser.fillBuf(MXParser.java:2992)
	at org.xmlpull.mxp1.MXParser.more(MXParser.java:3046)
	at org.xmlpull.mxp1.MXParser.nextImpl(MXParser.java:1144)
	at org.xmlpull.mxp1.MXParser.next(MXParser.java:1093)
	at org.jivesoftware.smack.PacketReader.parsePackets(PacketReader.java:316)
	at org.jivesoftware.smack.PacketReader.access$000(PacketReader.java:46)
	at org.jivesoftware.smack.PacketReader$1.run(PacketReader.java:72)
DEBUG 2014-04-21 22:05:06,586 (SarosNet.java:383)  new connection state == NOT_CONNECTED
INFO  2014-04-22 08:23:44,481 (XMPPAccountStore.java:161) saved 1 accounts
INFO  2014-04-22 08:23:50,782 (XMPPAccountStore.java:161) saved 1 accounts
INFO  2014-04-22 08:23:50,782 (ChangeXMPPAccountAction.java:192) User clicked too fast, running already a connect or disconnect.
DEBUG 2014-04-22 08:23:53,516 (IconUtils.java:198) color: RGB {255, 255, 255}
DEBUG 2014-04-22 08:23:53,516 (IconUtils.java:209) create foreground icon with color RGB {0, 0, 0}
DEBUG 2014-04-22 08:23:59,516 (SarosNet.java:423) started Socks5 proxy on port: 7777 [listening on all interfaces]
DEBUG 2014-04-22 08:23:59,688 (SarosNet.java:433) found interface addresses: [192.168.56.1, 141.22.91.162, fe80:0:0:0:6916:72e8:fdbf:3bcd%wlan0, fe80:0:0:0:6162:f90:6766:5971%eth5, 2002:8d16:5ba2:0:0:0:8d16:5ba2]
DEBUG 2014-04-22 08:23:59,688 (SarosNet.java:383)  new connection state == CONNECTING
WARN  2014-04-22 08:24:09,972 (StunServiceImpl.java:420) received no response from STUN server stunserver.org/132.177.123.6:3478 at local address /192.168.56.1:0
WARN  2014-04-22 08:24:09,972 (StunServiceImpl.java:420) received no response from STUN server stunserver.org/132.177.123.6:3478 at local address /141.22.91.162:0
ERROR 2014-04-22 08:24:20,723 (SarosNet.java:385)  new connection state == ERROR
googlemail.com:5222 Exception: XMPPError connecting to googlemail.com:5222.; : remote-server-error(502)
	at org.jivesoftware.smack.XMPPConnection.connectUsingConfiguration(XMPPConnection.java:600)
	at org.jivesoftware.smack.XMPPConnection.connect(XMPPConnection.java:1022)
	at de.fu_berlin.inf.dpp.net.SarosNet.connect(SarosNet.java:250)
	at de.fu_berlin.inf.dpp.Saros.connect(Saros.java:660)
	at de.fu_berlin.inf.dpp.ui.actions.ChangeXMPPAccountAction$6.run(ChangeXMPPAccountAction.java:195)
	at de.fu_berlin.inf.dpp.util.Utils$2.run(Utils.java:175)
	at java.lang.Thread.run(Unknown Source)
DEBUG 2014-04-22 08:24:20,723 (SarosNet.java:383)  new connection state == NOT_CONNECTED
INFO  2014-04-22 08:24:27,726 (XMPPAccountStore.java:161) saved 1 accounts
DEBUG 2014-04-22 08:24:27,741 (SarosNet.java:423) started Socks5 proxy on port: 7777 [listening on all interfaces]
DEBUG 2014-04-22 08:24:27,913 (SarosNet.java:433) found interface addresses: [192.168.56.1, 141.22.91.162, fe80:0:0:0:6916:72e8:fdbf:3bcd%wlan0, fe80:0:0:0:6162:f90:6766:5971%eth5, 2002:8d16:5ba2:0:0:0:8d16:5ba2]
DEBUG 2014-04-22 08:24:27,913 (SarosNet.java:383)  new connection state == CONNECTING
WARN  2014-04-22 08:24:38,101 (StunServiceImpl.java:420) received no response from STUN server stunserver.org/132.177.123.6:3478 at local address /192.168.56.1:0
WARN  2014-04-22 08:24:38,101 (StunServiceImpl.java:420) received no response from STUN server stunserver.org/132.177.123.6:3478 at local address /141.22.91.162:0
ERROR 2014-04-22 08:24:48,932 (SarosNet.java:385)  new connection state == ERROR
googlemail.com:5222 Exception: XMPPError connecting to googlemail.com:5222.; : remote-server-error(502)
	at org.jivesoftware.smack.XMPPConnection.connectUsingConfiguration(XMPPConnection.java:600)
	at org.jivesoftware.smack.XMPPConnection.connect(XMPPConnection.java:1022)
	at de.fu_berlin.inf.dpp.net.SarosNet.connect(SarosNet.java:250)
	at de.fu_berlin.inf.dpp.Saros.connect(Saros.java:660)
	at de.fu_berlin.inf.dpp.Saros.connect(Saros.java:681)
	at de.fu_berlin.inf.dpp.ui.actions.ChangeXMPPAccountAction$6.run(ChangeXMPPAccountAction.java:195)
	at de.fu_berlin.inf.dpp.util.Utils$2.run(Utils.java:175)
	at java.lang.Thread.run(Unknown Source)
DEBUG 2014-04-22 08:24:48,932 (SarosNet.java:383)  new connection state == NOT_CONNECTED
INFO  2014-04-22 08:25:22,923 (XMPPAccountStore.java:161) saved 1 accounts
DEBUG 2014-04-22 08:25:22,939 (SarosNet.java:423) started Socks5 proxy on port: 7777 [listening on all interfaces]
DEBUG 2014-04-22 08:25:23,111 (SarosNet.java:433) found interface addresses: [192.168.56.1, 141.22.91.162, fe80:0:0:0:6916:72e8:fdbf:3bcd%wlan0, fe80:0:0:0:6162:f90:6766:5971%eth5, 2002:8d16:5ba2:0:0:0:8d16:5ba2]
DEBUG 2014-04-22 08:25:23,111 (SarosNet.java:383)  new connection state == CONNECTING
WARN  2014-04-22 08:25:33,411 (StunServiceImpl.java:420) received no response from STUN server stunserver.org/132.177.123.6:3478 at local address /141.22.91.162:0
WARN  2014-04-22 08:25:33,411 (StunServiceImpl.java:420) received no response from STUN server stunserver.org/132.177.123.6:3478 at local address /192.168.56.1:0
ERROR 2014-04-22 08:25:44,129 (SarosNet.java:385)  new connection state == ERROR
googlemail.com:5222 Exception: XMPPError connecting to googlemail.com:5222.; : remote-server-error(502)
	at org.jivesoftware.smack.XMPPConnection.connectUsingConfiguration(XMPPConnection.java:600)
	at org.jivesoftware.smack.XMPPConnection.connect(XMPPConnection.java:1022)
	at de.fu_berlin.inf.dpp.net.SarosNet.connect(SarosNet.java:250)
	at de.fu_berlin.inf.dpp.Saros.connect(Saros.java:660)
	at de.fu_berlin.inf.dpp.Saros.connect(Saros.java:681)
	at de.fu_berlin.inf.dpp.Saros.connect(Saros.java:681)
	at de.fu_berlin.inf.dpp.ui.actions.ChangeXMPPAccountAction$6.run(ChangeXMPPAccountAction.java:195)
	at de.fu_berlin.inf.dpp.util.Utils$2.run(Utils.java:175)
	at java.lang.Thread.run(Unknown Source)
DEBUG 2014-04-22 08:25:44,129 (SarosNet.java:383)  new connection state == NOT_CONNECTED
INFO  2014-04-22 08:26:10,372 (XMPPAccountStore.java:161) saved 1 accounts
DEBUG 2014-04-22 08:26:10,388 (SarosNet.java:423) started Socks5 proxy on port: 7777 [listening on all interfaces]
DEBUG 2014-04-22 08:26:10,575 (SarosNet.java:433) found interface addresses: [192.168.56.1, 141.22.91.162, fe80:0:0:0:6916:72e8:fdbf:3bcd%wlan0, fe80:0:0:0:6162:f90:6766:5971%eth5, 2002:8d16:5ba2:0:0:0:8d16:5ba2]
DEBUG 2014-04-22 08:26:10,575 (SarosNet.java:383)  new connection state == CONNECTING
WARN  2014-04-22 08:26:20,888 (StunServiceImpl.java:420) received no response from STUN server stunserver.org/132.177.123.6:3478 at local address /192.168.56.1:0
WARN  2014-04-22 08:26:20,888 (StunServiceImpl.java:420) received no response from STUN server stunserver.org/132.177.123.6:3478 at local address /141.22.91.162:0
ERROR 2014-04-22 08:26:31,595 (SarosNet.java:385)  new connection state == ERROR
googlemail.com:5222 Exception: XMPPError connecting to googlemail.com:5222.; : remote-server-error(502)
	at org.jivesoftware.smack.XMPPConnection.connectUsingConfiguration(XMPPConnection.java:600)
	at org.jivesoftware.smack.XMPPConnection.connect(XMPPConnection.java:1022)
	at de.fu_berlin.inf.dpp.net.SarosNet.connect(SarosNet.java:250)
	at de.fu_berlin.inf.dpp.Saros.connect(Saros.java:660)
	at de.fu_berlin.inf.dpp.Saros.connect(Saros.java:681)
	at de.fu_berlin.inf.dpp.Saros.connect(Saros.java:681)
	at de.fu_berlin.inf.dpp.Saros.connect(Saros.java:681)
	at de.fu_berlin.inf.dpp.ui.actions.ChangeXMPPAccountAction$6.run(ChangeXMPPAccountAction.java:195)
	at de.fu_berlin.inf.dpp.util.Utils$2.run(Utils.java:175)
	at java.lang.Thread.run(Unknown Source)
DEBUG 2014-04-22 08:26:31,595 (SarosNet.java:383)  new connection state == NOT_CONNECTED
INFO  2014-04-22 08:26:31,595 (XMPPAccountStore.java:161) saved 1 accounts
DEBUG 2014-04-22 08:26:31,595 (SarosNet.java:423) started Socks5 proxy on port: 7777 [listening on all interfaces]
DEBUG 2014-04-22 08:26:31,782 (SarosNet.java:433) found interface addresses: [192.168.56.1, 141.22.91.162, fe80:0:0:0:6916:72e8:fdbf:3bcd%wlan0, fe80:0:0:0:6162:f90:6766:5971%eth5, 2002:8d16:5ba2:0:0:0:8d16:5ba2]
DEBUG 2014-04-22 08:26:31,782 (SarosNet.java:383)  new connection state == CONNECTING
INFO  2014-04-22 08:26:40,189 (XMPPAccountStore.java:161) saved 1 accounts
WARN  2014-04-22 08:26:41,954 (StunServiceImpl.java:420) received no response from STUN server stunserver.org/132.177.123.6:3478 at local address /141.22.91.162:0
WARN  2014-04-22 08:26:41,954 (StunServiceImpl.java:420) received no response from STUN server stunserver.org/132.177.123.6:3478 at local address /192.168.56.1:0
WARN  2014-04-22 08:26:45,126 (NullSarosSession.java:64) unexpected method call
WARN  2014-04-22 08:26:45,126 (NullSarosSession.java:64) unexpected method call
ERROR 2014-04-22 08:26:52,817 (SarosNet.java:385)  new connection state == ERROR
googlemail.com:5222 Exception: XMPPError connecting to googlemail.com:5222.; : remote-server-error(502)
	at org.jivesoftware.smack.XMPPConnection.connectUsingConfiguration(XMPPConnection.java:600)
	at org.jivesoftware.smack.XMPPConnection.connect(XMPPConnection.java:1022)
	at de.fu_berlin.inf.dpp.net.SarosNet.connect(SarosNet.java:250)
	at de.fu_berlin.inf.dpp.Saros.connect(Saros.java:660)
	at de.fu_berlin.inf.dpp.ui.actions.ChangeXMPPAccountAction$6.run(ChangeXMPPAccountAction.java:195)
	at de.fu_berlin.inf.dpp.util.Utils$2.run(Utils.java:175)
	at java.lang.Thread.run(Unknown Source)
WARN  2014-04-22 08:26:52,817 (SWTUtils.java:144) could not execute runnable de.fu_berlin.inf.dpp.ui.widgets.ConnectionStateComposite$1$1@10c72d61, UI thread is not available
StackTrace:
	at de.fu_berlin.inf.dpp.ui.util.SWTUtils.runSafeSWTAsync(SWTUtils.java:145)
	at de.fu_berlin.inf.dpp.ui.widgets.ConnectionStateComposite$1.connectionStateChanged(ConnectionStateComposite.java:55)
	at de.fu_berlin.inf.dpp.net.SarosNet.setConnectionState(SarosNet.java:390)
	at de.fu_berlin.inf.dpp.net.SarosNet.connect(SarosNet.java:273)
	at de.fu_berlin.inf.dpp.Saros.connect(Saros.java:660)
	at de.fu_berlin.inf.dpp.ui.actions.ChangeXMPPAccountAction$6.run(ChangeXMPPAccountAction.java:195)
	at de.fu_berlin.inf.dpp.util.Utils$2.run(Utils.java:175)
	at java.lang.Thread.run(Unknown Source)
DEBUG 2014-04-22 08:26:52,817 (SarosNet.java:383)  new connection state == NOT_CONNECTED
WARN  2014-04-22 08:26:52,817 (SWTUtils.java:144) could not execute runnable de.fu_berlin.inf.dpp.ui.widgets.ConnectionStateComposite$1$1@7c48faa4, UI thread is not available
StackTrace:
	at de.fu_berlin.inf.dpp.ui.util.SWTUtils.runSafeSWTAsync(SWTUtils.java:145)
	at de.fu_berlin.inf.dpp.ui.widgets.ConnectionStateComposite$1.connectionStateChanged(ConnectionStateComposite.java:55)
	at de.fu_berlin.inf.dpp.net.SarosNet.setConnectionState(SarosNet.java:390)
	at de.fu_berlin.inf.dpp.net.SarosNet.connect(SarosNet.java:275)
	at de.fu_berlin.inf.dpp.Saros.connect(Saros.java:660)
	at de.fu_berlin.inf.dpp.ui.actions.ChangeXMPPAccountAction$6.run(ChangeXMPPAccountAction.java:195)
	at de.fu_berlin.inf.dpp.util.Utils$2.run(Utils.java:175)
	at java.lang.Thread.run(Unknown Source)
WARN  2014-04-22 08:26:52,817 (SWTUtils.java:193) could not execute runnable de.fu_berlin.inf.dpp.ui.util.SWTUtils$1@785ab9ba, UI thread is not available
StackTrace:
	at de.fu_berlin.inf.dpp.ui.util.SWTUtils.runSafeSWTSync(SWTUtils.java:194)
	at de.fu_berlin.inf.dpp.ui.util.SWTUtils.runSWTSync(SWTUtils.java:157)
	at de.fu_berlin.inf.dpp.ui.util.DialogUtils.popUpYesNoQuestion(DialogUtils.java:242)
	at de.fu_berlin.inf.dpp.Saros.connect(Saros.java:675)
	at de.fu_berlin.inf.dpp.ui.actions.ChangeXMPPAccountAction$6.run(ChangeXMPPAccountAction.java:195)
	at de.fu_berlin.inf.dpp.util.Utils$2.run(Utils.java:175)
	at java.lang.Thread.run(Unknown Source)
ERROR 2014-04-22 08:26:52,817 (DialogUtils.java:250) An internal error ocurred while trying to open the question dialog.
DEBUG 2014-04-22 08:26:52,817 (UPnPServiceImpl.java:295) deleting existing port mappings
DEBUG 2014-04-22 08:26:52,817 (SarosNet.java:423) started Socks5 proxy on port: 7777 [listening on all interfaces]
DEBUG 2014-04-22 08:26:53,021 (SarosNet.java:433) found interface addresses: [192.168.56.1, 141.22.91.162, fe80:0:0:0:6916:72e8:fdbf:3bcd%wlan0, fe80:0:0:0:6162:f90:6766:5971%eth5, 2002:8d16:5ba2:0:0:0:8d16:5ba2]
DEBUG 2014-04-22 08:26:53,021 (SarosNet.java:383)  new connection state == CONNECTING
WARN  2014-04-22 08:26:53,021 (SWTUtils.java:144) could not execute runnable de.fu_berlin.inf.dpp.ui.widgets.ConnectionStateComposite$1$1@11b83070, UI thread is not available
StackTrace:
	at de.fu_berlin.inf.dpp.ui.util.SWTUtils.runSafeSWTAsync(SWTUtils.java:145)
	at de.fu_berlin.inf.dpp.ui.widgets.ConnectionStateComposite$1.connectionStateChanged(ConnectionStateComposite.java:55)
	at de.fu_berlin.inf.dpp.net.SarosNet.setConnectionState(SarosNet.java:390)
	at de.fu_berlin.inf.dpp.net.SarosNet.connect(SarosNet.java:248)
	at de.fu_berlin.inf.dpp.Saros.connect(Saros.java:660)
	at de.fu_berlin.inf.dpp.Saros.connect(Saros.java:681)
	at de.fu_berlin.inf.dpp.Saros.connect(Saros.java:681)
	at de.fu_berlin.inf.dpp.Saros.connect(Saros.java:681)
	at de.fu_berlin.inf.dpp.Saros.connect(Saros.java:681)
	at de.fu_berlin.inf.dpp.ui.actions.ChangeXMPPAccountAction$6.run(ChangeXMPPAccountAction.java:195)
	at de.fu_berlin.inf.dpp.util.Utils$2.run(Utils.java:175)
	at java.lang.Thread.run(Unknown Source)
