INFO  2014-04-11 14:08:02,498 (Saros.java:256) Starting Saros 13.12.6 running:
  Java Version: 1.8.0
  Java Vendor: Oracle Corporation
  Eclipse Runtime Version: 3.9.100.v20131218-1515
  Operating System: Windows 8.1 (6.3)
  Hardware Architecture: amd64
INFO  2014-04-11 14:08:02,644 (XMPPAccountStore.java:103) loaded 1 accounts
INFO  2014-04-11 14:08:02,796 (PreferenceInitializer.java:53) initializing preference default values
DEBUG 2014-04-11 14:08:02,841 (DataTransferManager.java:444) used transport order for the current XMPP connection: [de.fu_berlin.inf.dpp.net.internal.Socks5Transport@4393593c, de.fu_berlin.inf.dpp.net.internal.IBBTransport@314c8b4a]
DEBUG 2014-04-11 14:08:03,022 (StreamServiceManager.java:225) StreamServices added:
  SendFile
  AudioService
  VideoSharing
DEBUG 2014-04-11 14:08:03,225 (SarosAnnotation.java:112) resetting annotation colors
WARN  2014-04-11 14:08:04,403 (NullSarosSession.java:64) unexpected method call
WARN  2014-04-11 14:08:04,429 (NullSarosSession.java:64) unexpected method call
DEBUG 2014-04-11 14:08:13,773 (SharedDocumentProvider.java:79) SharedDocumentProvider created by Eclipse
WARN  2014-04-11 14:08:22,071 (NullSarosSession.java:64) unexpected method call
WARN  2014-04-11 14:08:22,118 (NullSarosSession.java:64) unexpected method call
DEBUG 2014-04-11 14:08:26,481 (WhiteboardManager.java:108) WhiteboardManager instantiated
DEBUG 2014-04-11 14:08:26,575 (DocumentRecord.java:93) Added Node: attr(139721810656363201) name=svg
DEBUG 2014-04-11 14:08:27,524 (SarosNet.java:423) started Socks5 proxy on port: 7777 [listening on all interfaces]
DEBUG 2014-04-11 14:08:28,555 (SarosNet.java:433) found interface addresses: [192.168.56.1, 141.22.91.162, fe80:0:0:0:6916:72e8:fdbf:3bcd%wlan0, fe80:0:0:0:6162:f90:6766:5971%eth5, 2002:8d16:5ba2:0:0:0:8d16:5ba2]
DEBUG 2014-04-11 14:08:28,649 (SarosNet.java:383)  new connection state == CONNECTING
DEBUG 2014-04-11 14:08:31,701 (SarosNet.java:383) pascal.borchert.games@googlemail.com/SarosAF0556E8 new connection state == CONNECTED
DEBUG 2014-04-11 14:08:31,703 (DataTransferManager.java:444) used transport order for the current XMPP connection: [de.fu_berlin.inf.dpp.net.internal.Socks5Transport@4393593c, de.fu_berlin.inf.dpp.net.internal.IBBTransport@314c8b4a]
DEBUG 2014-04-11 14:08:31,709 (SkypeManager.java:286) Refreshing Skype username cache...
WARN  2014-04-11 14:08:41,809 (StunServiceImpl.java:420) received no response from STUN server stunserver.org/132.177.123.6:3478 at local address /141.22.91.162:0
WARN  2014-04-11 14:08:41,824 (StunServiceImpl.java:420) received no response from STUN server stunserver.org/132.177.123.6:3478 at local address /192.168.56.1:0
WARN  2014-04-11 14:11:13,180 (NullSarosSession.java:64) unexpected method call
WARN  2014-04-11 14:11:13,196 (NullSarosSession.java:64) unexpected method call
DEBUG 2014-04-11 14:11:13,446 (SarosNet.java:383) pascal.borchert.games@googlemail.com/SarosAF0556E8 new connection state == DISCONNECTING
DEBUG 2014-04-11 14:11:13,602 (SarosNet.java:383)  new connection state == NOT_CONNECTED
DEBUG 2014-04-11 14:11:13,602 (UPnPServiceImpl.java:295) deleting existing port mappings
