INFO  2014-04-11 15:07:57,687 (Saros.java:256) Starting Saros 13.12.6 running:
  Java Version: 1.8.0
  Java Vendor: Oracle Corporation
  Eclipse Runtime Version: 3.9.100.v20131218-1515
  Operating System: Windows 8.1 (6.3)
  Hardware Architecture: amd64
INFO  2014-04-11 15:07:57,718 (XMPPAccountStore.java:103) loaded 1 accounts
INFO  2014-04-11 15:07:57,749 (PreferenceInitializer.java:53) initializing preference default values
DEBUG 2014-04-11 15:07:57,765 (DataTransferManager.java:444) used transport order for the current XMPP connection: [de.fu_berlin.inf.dpp.net.internal.Socks5Transport@45d6ef73, de.fu_berlin.inf.dpp.net.internal.IBBTransport@3f29e26]
DEBUG 2014-04-11 15:07:57,796 (StreamServiceManager.java:225) StreamServices added:
  SendFile
  AudioService
  VideoSharing
DEBUG 2014-04-11 15:07:57,857 (SarosAnnotation.java:112) resetting annotation colors
WARN  2014-04-11 15:07:58,109 (NullSarosSession.java:64) unexpected method call
WARN  2014-04-11 15:07:58,109 (NullSarosSession.java:64) unexpected method call
DEBUG 2014-04-11 15:08:00,594 (SharedDocumentProvider.java:79) SharedDocumentProvider created by Eclipse
WARN  2014-04-11 15:08:02,796 (NullSarosSession.java:64) unexpected method call
WARN  2014-04-11 15:08:02,811 (NullSarosSession.java:64) unexpected method call
DEBUG 2014-04-11 15:08:04,066 (WhiteboardManager.java:108) WhiteboardManager instantiated
DEBUG 2014-04-11 15:08:04,101 (DocumentRecord.java:93) Added Node: attr(139722168409756490) name=svg
DEBUG 2014-04-11 15:08:04,173 (SarosNet.java:423) started Socks5 proxy on port: 7777 [listening on all interfaces]
DEBUG 2014-04-11 15:08:04,607 (SarosNet.java:433) found interface addresses: [192.168.56.1, 141.22.91.162, fe80:0:0:0:6916:72e8:fdbf:3bcd%wlan0, fe80:0:0:0:6162:f90:6766:5971%eth5, 2002:8d16:5ba2:0:0:0:8d16:5ba2]
DEBUG 2014-04-11 15:08:04,616 (SarosNet.java:383)  new connection state == CONNECTING
DEBUG 2014-04-11 15:08:05,408 (SarosNet.java:383) pascal.borchert.games@googlemail.com/Saros9AB1AF4B new connection state == CONNECTED
DEBUG 2014-04-11 15:08:05,408 (DataTransferManager.java:444) used transport order for the current XMPP connection: [de.fu_berlin.inf.dpp.net.internal.Socks5Transport@45d6ef73, de.fu_berlin.inf.dpp.net.internal.IBBTransport@3f29e26]
DEBUG 2014-04-11 15:08:05,408 (SkypeManager.java:286) Refreshing Skype username cache...
WARN  2014-04-11 15:08:15,299 (StunServiceImpl.java:420) received no response from STUN server stunserver.org/132.177.123.6:3478 at local address /141.22.91.162:0
WARN  2014-04-11 15:08:15,299 (StunServiceImpl.java:420) received no response from STUN server stunserver.org/132.177.123.6:3478 at local address /192.168.56.1:0
ERROR 2014-04-11 16:31:21,173 (SarosNet.java:95) XMPP connection error: 
java.net.SocketException: Software caused connection abort: recv failed
	at java.net.SocketInputStream.socketRead0(Native Method)
	at java.net.SocketInputStream.read(Unknown Source)
	at java.net.SocketInputStream.read(Unknown Source)
	at sun.security.ssl.InputRecord.readFully(Unknown Source)
	at sun.security.ssl.InputRecord.read(Unknown Source)
	at sun.security.ssl.SSLSocketImpl.readRecord(Unknown Source)
	at sun.security.ssl.SSLSocketImpl.readDataRecord(Unknown Source)
	at sun.security.ssl.AppInputStream.read(Unknown Source)
	at sun.nio.cs.StreamDecoder.readBytes(Unknown Source)
	at sun.nio.cs.StreamDecoder.implRead(Unknown Source)
	at sun.nio.cs.StreamDecoder.read(Unknown Source)
	at java.io.InputStreamReader.read(Unknown Source)
	at java.io.BufferedReader.fill(Unknown Source)
	at java.io.BufferedReader.read1(Unknown Source)
	at java.io.BufferedReader.read(Unknown Source)
	at org.xmlpull.mxp1.MXParser.fillBuf(MXParser.java:2992)
	at org.xmlpull.mxp1.MXParser.more(MXParser.java:3046)
	at org.xmlpull.mxp1.MXParser.nextImpl(MXParser.java:1144)
	at org.xmlpull.mxp1.MXParser.next(MXParser.java:1093)
	at org.jivesoftware.smack.PacketReader.parsePackets(PacketReader.java:316)
	at org.jivesoftware.smack.PacketReader.access$000(PacketReader.java:46)
	at org.jivesoftware.smack.PacketReader$1.run(PacketReader.java:72)
ERROR 2014-04-11 16:31:21,197 (SarosNet.java:385)  new connection state == ERROR
java.net.SocketException: Software caused connection abort: recv failed
	at java.net.SocketInputStream.socketRead0(Native Method)
	at java.net.SocketInputStream.read(Unknown Source)
	at java.net.SocketInputStream.read(Unknown Source)
	at sun.security.ssl.InputRecord.readFully(Unknown Source)
	at sun.security.ssl.InputRecord.read(Unknown Source)
	at sun.security.ssl.SSLSocketImpl.readRecord(Unknown Source)
	at sun.security.ssl.SSLSocketImpl.readDataRecord(Unknown Source)
	at sun.security.ssl.AppInputStream.read(Unknown Source)
	at sun.nio.cs.StreamDecoder.readBytes(Unknown Source)
	at sun.nio.cs.StreamDecoder.implRead(Unknown Source)
	at sun.nio.cs.StreamDecoder.read(Unknown Source)
	at java.io.InputStreamReader.read(Unknown Source)
	at java.io.BufferedReader.fill(Unknown Source)
	at java.io.BufferedReader.read1(Unknown Source)
	at java.io.BufferedReader.read(Unknown Source)
	at org.xmlpull.mxp1.MXParser.fillBuf(MXParser.java:2992)
	at org.xmlpull.mxp1.MXParser.more(MXParser.java:3046)
	at org.xmlpull.mxp1.MXParser.nextImpl(MXParser.java:1144)
	at org.xmlpull.mxp1.MXParser.next(MXParser.java:1093)
	at org.jivesoftware.smack.PacketReader.parsePackets(PacketReader.java:316)
	at org.jivesoftware.smack.PacketReader.access$000(PacketReader.java:46)
	at org.jivesoftware.smack.PacketReader$1.run(PacketReader.java:72)
DEBUG 2014-04-11 16:31:21,200 (SarosNet.java:383)  new connection state == NOT_CONNECTED
