WARN  2014-04-25 15:15:29,333 (NullSarosSession.java:64) unexpected method call
WARN  2014-04-25 15:15:29,391 (NullSarosSession.java:64) unexpected method call
WARN  2014-04-25 15:15:34,980 (NullSarosSession.java:64) unexpected method call
WARN  2014-04-25 15:15:34,995 (NullSarosSession.java:64) unexpected method call
WARN  2014-04-25 15:15:48,287 (StunServiceImpl.java:420) received no response from STUN server stunserver.org/132.177.123.6:3478 at local address /192.168.56.1:0
WARN  2014-04-25 15:15:48,287 (StunServiceImpl.java:420) received no response from STUN server stunserver.org/132.177.123.6:3478 at local address /141.22.91.162:0
WARN  2014-04-25 15:16:10,676 (DiscoveryManager.java:445) Service Discovery failed on recipient gabrielwilde@gmail.com/MessagingAe01cc205 server: xmpp.l.google.com
No response from the server.: 
	at org.jivesoftware.smackx.ServiceDiscoveryManager.discoverInfo(ServiceDiscoveryManager.java:554)
	at org.jivesoftware.smackx.ServiceDiscoveryManager.discoverInfo(ServiceDiscoveryManager.java:512)
	at de.fu_berlin.inf.dpp.net.discoverymanager.DiscoveryManager.performServiceDiscovery(DiscoveryManager.java:442)
	at de.fu_berlin.inf.dpp.net.discoverymanager.DiscoveryManager.queryFeatureSupport(DiscoveryManager.java:379)
	at de.fu_berlin.inf.dpp.net.discoverymanager.DiscoveryManager.access$3(DiscoveryManager.java:346)
	at de.fu_berlin.inf.dpp.net.discoverymanager.DiscoveryManager$2.run(DiscoveryManager.java:325)
	at de.fu_berlin.inf.dpp.util.Utils$2.run(Utils.java:175)
	at java.util.concurrent.ThreadPoolExecutor.runWorker(Unknown Source)
	at java.util.concurrent.ThreadPoolExecutor$Worker.run(Unknown Source)
	at java.lang.Thread.run(Unknown Source)
WARN  2014-04-25 15:16:40,707 (DiscoveryManager.java:445) Service Discovery failed on recipient gabrielwilde@gmail.com/MessagingAe01cc205 server: xmpp.l.google.com
No response from the server.: 
	at org.jivesoftware.smackx.ServiceDiscoveryManager.discoverInfo(ServiceDiscoveryManager.java:554)
	at org.jivesoftware.smackx.ServiceDiscoveryManager.discoverInfo(ServiceDiscoveryManager.java:512)
	at de.fu_berlin.inf.dpp.net.discoverymanager.DiscoveryManager.performServiceDiscovery(DiscoveryManager.java:442)
	at de.fu_berlin.inf.dpp.net.discoverymanager.DiscoveryManager.queryFeatureSupport(DiscoveryManager.java:379)
	at de.fu_berlin.inf.dpp.net.discoverymanager.DiscoveryManager.access$3(DiscoveryManager.java:346)
	at de.fu_berlin.inf.dpp.net.discoverymanager.DiscoveryManager$2.run(DiscoveryManager.java:325)
	at de.fu_berlin.inf.dpp.util.Utils$2.run(Utils.java:175)
	at java.util.concurrent.ThreadPoolExecutor.runWorker(Unknown Source)
	at java.util.concurrent.ThreadPoolExecutor$Worker.run(Unknown Source)
	at java.lang.Thread.run(Unknown Source)
ERROR 2014-04-25 16:02:44,099 (SarosNet.java:95) XMPP connection error: 
java.net.SocketException: Software caused connection abort: recv failed
	at java.net.SocketInputStream.socketRead0(Native Method)
	at java.net.SocketInputStream.read(Unknown Source)
	at java.net.SocketInputStream.read(Unknown Source)
	at sun.security.ssl.InputRecord.readFully(Unknown Source)
	at sun.security.ssl.InputRecord.read(Unknown Source)
	at sun.security.ssl.SSLSocketImpl.readRecord(Unknown Source)
	at sun.security.ssl.SSLSocketImpl.readDataRecord(Unknown Source)
	at sun.security.ssl.AppInputStream.read(Unknown Source)
	at sun.nio.cs.StreamDecoder.readBytes(Unknown Source)
	at sun.nio.cs.StreamDecoder.implRead(Unknown Source)
	at sun.nio.cs.StreamDecoder.read(Unknown Source)
	at java.io.InputStreamReader.read(Unknown Source)
	at java.io.BufferedReader.fill(Unknown Source)
	at java.io.BufferedReader.read1(Unknown Source)
	at java.io.BufferedReader.read(Unknown Source)
	at org.xmlpull.mxp1.MXParser.fillBuf(MXParser.java:2992)
	at org.xmlpull.mxp1.MXParser.more(MXParser.java:3046)
	at org.xmlpull.mxp1.MXParser.nextImpl(MXParser.java:1144)
	at org.xmlpull.mxp1.MXParser.next(MXParser.java:1093)
	at org.jivesoftware.smack.PacketReader.parsePackets(PacketReader.java:316)
	at org.jivesoftware.smack.PacketReader.access$000(PacketReader.java:46)
	at org.jivesoftware.smack.PacketReader$1.run(PacketReader.java:72)
ERROR 2014-04-25 16:02:44,104 (SarosNet.java:385)  new connection state == ERROR
java.net.SocketException: Software caused connection abort: recv failed
	at java.net.SocketInputStream.socketRead0(Native Method)
	at java.net.SocketInputStream.read(Unknown Source)
	at java.net.SocketInputStream.read(Unknown Source)
	at sun.security.ssl.InputRecord.readFully(Unknown Source)
	at sun.security.ssl.InputRecord.read(Unknown Source)
	at sun.security.ssl.SSLSocketImpl.readRecord(Unknown Source)
	at sun.security.ssl.SSLSocketImpl.readDataRecord(Unknown Source)
	at sun.security.ssl.AppInputStream.read(Unknown Source)
	at sun.nio.cs.StreamDecoder.readBytes(Unknown Source)
	at sun.nio.cs.StreamDecoder.implRead(Unknown Source)
	at sun.nio.cs.StreamDecoder.read(Unknown Source)
	at java.io.InputStreamReader.read(Unknown Source)
	at java.io.BufferedReader.fill(Unknown Source)
	at java.io.BufferedReader.read1(Unknown Source)
	at java.io.BufferedReader.read(Unknown Source)
	at org.xmlpull.mxp1.MXParser.fillBuf(MXParser.java:2992)
	at org.xmlpull.mxp1.MXParser.more(MXParser.java:3046)
	at org.xmlpull.mxp1.MXParser.nextImpl(MXParser.java:1144)
	at org.xmlpull.mxp1.MXParser.next(MXParser.java:1093)
	at org.jivesoftware.smack.PacketReader.parsePackets(PacketReader.java:316)
	at org.jivesoftware.smack.PacketReader.access$000(PacketReader.java:46)
	at org.jivesoftware.smack.PacketReader$1.run(PacketReader.java:72)
WARN  2014-05-05 12:43:16,253 (NullSarosSession.java:64) unexpected method call
WARN  2014-05-05 12:43:16,409 (NullSarosSession.java:64) unexpected method call
