WARN  2014-04-22 08:27:02,052 (NullSarosSession.java:64) unexpected method call
WARN  2014-04-22 08:27:02,052 (NullSarosSession.java:64) unexpected method call
WARN  2014-04-22 08:27:06,224 (NullSarosSession.java:64) unexpected method call
WARN  2014-04-22 08:27:06,224 (NullSarosSession.java:64) unexpected method call
WARN  2014-04-22 08:27:18,495 (StunServiceImpl.java:420) received no response from STUN server stunserver.org/132.177.123.6:3478 at local address /141.22.91.162:0
WARN  2014-04-22 08:27:18,495 (StunServiceImpl.java:420) received no response from STUN server stunserver.org/132.177.123.6:3478 at local address /192.168.56.1:0
WARN  2014-04-22 08:27:38,131 (NullSarosSession.java:64) unexpected method call
WARN  2014-04-22 08:27:38,131 (NullSarosSession.java:64) unexpected method call
WARN  2014-04-22 08:27:38,334 (SWTUtils.java:144) could not execute runnable de.fu_berlin.inf.dpp.ui.widgets.ConnectionStateComposite$1$1@595f5ed1, UI thread is not available
StackTrace:
	at de.fu_berlin.inf.dpp.ui.util.SWTUtils.runSafeSWTAsync(SWTUtils.java:145)
	at de.fu_berlin.inf.dpp.ui.widgets.ConnectionStateComposite$1.connectionStateChanged(ConnectionStateComposite.java:55)
	at de.fu_berlin.inf.dpp.net.SarosNet.setConnectionState(SarosNet.java:390)
	at de.fu_berlin.inf.dpp.net.SarosNet.disconnect(SarosNet.java:289)
	at de.fu_berlin.inf.dpp.Saros$1.run(Saros.java:334)
	at de.fu_berlin.inf.dpp.util.Utils$2.run(Utils.java:175)
	at java.lang.Thread.run(Unknown Source)
WARN  2014-04-22 08:27:38,506 (SWTUtils.java:144) could not execute runnable de.fu_berlin.inf.dpp.ui.widgets.ConnectionStateComposite$1$1@784daba5, UI thread is not available
StackTrace:
	at de.fu_berlin.inf.dpp.ui.util.SWTUtils.runSafeSWTAsync(SWTUtils.java:145)
	at de.fu_berlin.inf.dpp.ui.widgets.ConnectionStateComposite$1.connectionStateChanged(ConnectionStateComposite.java:55)
	at de.fu_berlin.inf.dpp.net.SarosNet.setConnectionState(SarosNet.java:390)
	at de.fu_berlin.inf.dpp.net.SarosNet.disconnect(SarosNet.java:293)
	at de.fu_berlin.inf.dpp.Saros$1.run(Saros.java:334)
	at de.fu_berlin.inf.dpp.util.Utils$2.run(Utils.java:175)
	at java.lang.Thread.run(Unknown Source)
ERROR 2014-04-22 08:27:38,506 (Utils.java:177) Internal Error:
java.lang.RuntimeException: java.lang.InterruptedException
	at org.jivesoftware.smack.PacketCollector.nextResult(PacketCollector.java:138)
	at org.jivesoftware.smackx.ServiceDiscoveryManager.discoverInfo(ServiceDiscoveryManager.java:550)
	at org.jivesoftware.smackx.ServiceDiscoveryManager.discoverInfo(ServiceDiscoveryManager.java:512)
	at de.fu_berlin.inf.dpp.net.discoverymanager.DiscoveryManager.performServiceDiscovery(DiscoveryManager.java:442)
	at de.fu_berlin.inf.dpp.net.discoverymanager.DiscoveryManager.queryFeatureSupport(DiscoveryManager.java:379)
	at de.fu_berlin.inf.dpp.net.discoverymanager.DiscoveryManager.access$3(DiscoveryManager.java:346)
	at de.fu_berlin.inf.dpp.net.discoverymanager.DiscoveryManager$2.run(DiscoveryManager.java:325)
	at de.fu_berlin.inf.dpp.util.Utils$2.run(Utils.java:175)
	at java.util.concurrent.ThreadPoolExecutor.runWorker(Unknown Source)
	at java.util.concurrent.ThreadPoolExecutor$Worker.run(Unknown Source)
	at java.lang.Thread.run(Unknown Source)
Caused by: java.lang.InterruptedException
	at java.util.concurrent.locks.AbstractQueuedSynchronizer$ConditionObject.reportInterruptAfterWait(Unknown Source)
	at java.util.concurrent.locks.AbstractQueuedSynchronizer$ConditionObject.awaitNanos(Unknown Source)
	at java.util.concurrent.ArrayBlockingQueue.poll(Unknown Source)
	at org.jivesoftware.smack.PacketCollector.nextResult(PacketCollector.java:135)
	... 10 more
ERROR 2014-04-22 08:27:38,506 (Utils.java:178) Original caller:
StackTrace:
	at de.fu_berlin.inf.dpp.util.Utils.wrapSafe(Utils.java:169)
	at de.fu_berlin.inf.dpp.net.discoverymanager.DiscoveryManager.queryFeatureSupport(DiscoveryManager.java:322)
	at de.fu_berlin.inf.dpp.ui.model.roster.RosterEntryElement.isSarosSupported(RosterEntryElement.java:146)
	at de.fu_berlin.inf.dpp.ui.model.roster.RosterEntryElement.getImage(RosterEntryElement.java:112)
	at de.fu_berlin.inf.dpp.ui.model.TreeLabelProvider.update(TreeLabelProvider.java:28)
	at org.eclipse.jface.viewers.ViewerColumn.refresh(ViewerColumn.java:152)
	at org.eclipse.jface.viewers.AbstractTreeViewer.doUpdateItem(AbstractTreeViewer.java:953)
	at org.eclipse.jface.viewers.AbstractTreeViewer$UpdateItemSafeRunnable.run(AbstractTreeViewer.java:113)
	at org.eclipse.core.runtime.SafeRunner.run(SafeRunner.java:42)
	at org.eclipse.ui.internal.JFaceUtil$1.run(JFaceUtil.java:49)
	at org.eclipse.jface.util.SafeRunnable.run(SafeRunnable.java:175)
	at org.eclipse.jface.viewers.AbstractTreeViewer.doUpdateItem(AbstractTreeViewer.java:1033)
	at org.eclipse.jface.viewers.StructuredViewer$UpdateItemSafeRunnable.run(StructuredViewer.java:485)
	at org.eclipse.core.runtime.SafeRunner.run(SafeRunner.java:42)
	at org.eclipse.ui.internal.JFaceUtil$1.run(JFaceUtil.java:49)
	at org.eclipse.jface.util.SafeRunnable.run(SafeRunnable.java:175)
	at org.eclipse.jface.viewers.StructuredViewer.updateItem(StructuredViewer.java:2167)
	at org.eclipse.jface.viewers.StructuredViewer.internalUpdate(StructuredViewer.java:2150)
	at org.eclipse.jface.viewers.StructuredViewer.update(StructuredViewer.java:2089)
	at org.eclipse.jface.viewers.ColumnViewer.update(ColumnViewer.java:561)
	at de.fu_berlin.inf.nebula.utils.ViewerUtils$6.run(ViewerUtils.java:178)
	at org.eclipse.swt.widgets.RunnableLock.run(RunnableLock.java:35)
	at org.eclipse.swt.widgets.Synchronizer.runAsyncMessages(Synchronizer.java:135)
	at org.eclipse.swt.widgets.Display.runAsyncMessages(Display.java:4145)
	at org.eclipse.swt.widgets.Display.readAndDispatch(Display.java:3762)
	at org.eclipse.e4.ui.internal.workbench.swt.PartRenderingEngine$9.run(PartRenderingEngine.java:1113)
	at org.eclipse.core.databinding.observable.Realm.runWithDefault(Realm.java:332)
	at org.eclipse.e4.ui.internal.workbench.swt.PartRenderingEngine.run(PartRenderingEngine.java:997)
	at org.eclipse.e4.ui.internal.workbench.E4Workbench.createAndRunUI(E4Workbench.java:140)
	at org.eclipse.ui.internal.Workbench$5.run(Workbench.java:611)
	at org.eclipse.core.databinding.observable.Realm.runWithDefault(Realm.java:332)
	at org.eclipse.ui.internal.Workbench.createAndRunWorkbench(Workbench.java:567)
	at org.eclipse.ui.PlatformUI.createAndRunWorkbench(PlatformUI.java:150)
	at org.eclipse.ui.internal.ide.application.IDEApplication.start(IDEApplication.java:124)
	at org.eclipse.equinox.internal.app.EclipseAppHandle.run(EclipseAppHandle.java:196)
	at org.eclipse.core.runtime.internal.adaptor.EclipseAppLauncher.runApplication(EclipseAppLauncher.java:110)
	at org.eclipse.core.runtime.internal.adaptor.EclipseAppLauncher.start(EclipseAppLauncher.java:79)
	at org.eclipse.core.runtime.adaptor.EclipseStarter.run(EclipseStarter.java:354)
	at org.eclipse.core.runtime.adaptor.EclipseStarter.run(EclipseStarter.java:181)
	at sun.reflect.NativeMethodAccessorImpl.invoke0(Native Method)
	at sun.reflect.NativeMethodAccessorImpl.invoke(Unknown Source)
	at sun.reflect.DelegatingMethodAccessorImpl.invoke(Unknown Source)
	at java.lang.reflect.Method.invoke(Unknown Source)
	at org.eclipse.equinox.launcher.Main.invokeFramework(Main.java:636)
	at org.eclipse.equinox.launcher.Main.basicRun(Main.java:591)
	at org.eclipse.equinox.launcher.Main.run(Main.java:1450)
	at org.eclipse.equinox.launcher.Main.main(Main.java:1426)
