INFO  2014-05-11 23:12:32,129 (Saros.java:256) Starting Saros 13.12.6 running:
  Java Version: 1.8.0
  Java Vendor: Oracle Corporation
  Eclipse Runtime Version: 3.9.100.v20131218-1515
  Operating System: Windows 8.1 (6.3)
  Hardware Architecture: amd64
INFO  2014-05-11 23:12:32,165 (XMPPAccountStore.java:103) loaded 1 accounts
INFO  2014-05-11 23:12:32,193 (PreferenceInitializer.java:53) initializing preference default values
DEBUG 2014-05-11 23:12:32,201 (DataTransferManager.java:444) used transport order for the current XMPP connection: [de.fu_berlin.inf.dpp.net.internal.Socks5Transport@d56aaa6, de.fu_berlin.inf.dpp.net.internal.IBBTransport@6972c30a]
DEBUG 2014-05-11 23:12:32,239 (StreamServiceManager.java:225) StreamServices added:
  SendFile
  AudioService
  VideoSharing
DEBUG 2014-05-11 23:12:32,301 (SarosAnnotation.java:112) resetting annotation colors
WARN  2014-05-11 23:12:32,606 (NullSarosSession.java:64) unexpected method call
WARN  2014-05-11 23:12:32,609 (NullSarosSession.java:64) unexpected method call
DEBUG 2014-05-11 23:12:34,895 (SharedDocumentProvider.java:79) SharedDocumentProvider created by Eclipse
WARN  2014-05-11 23:12:37,152 (NullSarosSession.java:64) unexpected method call
WARN  2014-05-11 23:12:37,152 (NullSarosSession.java:64) unexpected method call
DEBUG 2014-05-11 23:12:38,242 (WhiteboardManager.java:108) WhiteboardManager instantiated
DEBUG 2014-05-11 23:12:38,285 (DocumentRecord.java:93) Added Node: attr(139984275828154505) name=svg
DEBUG 2014-05-11 23:12:38,352 (SarosNet.java:423) started Socks5 proxy on port: 7777 [listening on all interfaces]
DEBUG 2014-05-11 23:12:38,509 (SarosNet.java:433) found interface addresses: [192.168.56.1, 192.168.178.42, fe80:0:0:0:6916:72e8:fdbf:3bcd%wlan0, fe80:0:0:0:6162:f90:6766:5971%eth5]
DEBUG 2014-05-11 23:12:38,524 (SarosNet.java:383)  new connection state == CONNECTING
DEBUG 2014-05-11 23:12:39,055 (StunServiceImpl.java:173) discovered public WAN-IP: 2.240.243.177 through interface 192.168.178.42
DEBUG 2014-05-11 23:12:39,558 (SarosNet.java:383) pascal.borchert.games@googlemail.com/Saros73470D51 new connection state == CONNECTED
DEBUG 2014-05-11 23:12:39,558 (DataTransferManager.java:444) used transport order for the current XMPP connection: [de.fu_berlin.inf.dpp.net.internal.Socks5Transport@d56aaa6, de.fu_berlin.inf.dpp.net.internal.IBBTransport@6972c30a]
DEBUG 2014-05-11 23:12:39,560 (SkypeManager.java:286) Refreshing Skype username cache...
WARN  2014-05-11 23:12:48,919 (StunServiceImpl.java:420) received no response from STUN server stunserver.org/132.177.123.6:3478 at local address /192.168.56.1:0
WARN  2014-05-11 23:13:10,425 (DiscoveryManager.java:445) Service Discovery failed on recipient gabrielwilde@gmail.com/MessagingAe01cc205 server: xmpp.l.google.com
No response from the server.: 
	at org.jivesoftware.smackx.ServiceDiscoveryManager.discoverInfo(ServiceDiscoveryManager.java:554)
	at org.jivesoftware.smackx.ServiceDiscoveryManager.discoverInfo(ServiceDiscoveryManager.java:512)
	at de.fu_berlin.inf.dpp.net.discoverymanager.DiscoveryManager.performServiceDiscovery(DiscoveryManager.java:442)
	at de.fu_berlin.inf.dpp.net.discoverymanager.DiscoveryManager.queryFeatureSupport(DiscoveryManager.java:379)
	at de.fu_berlin.inf.dpp.net.discoverymanager.DiscoveryManager.access$3(DiscoveryManager.java:346)
	at de.fu_berlin.inf.dpp.net.discoverymanager.DiscoveryManager$2.run(DiscoveryManager.java:325)
	at de.fu_berlin.inf.dpp.util.Utils$2.run(Utils.java:175)
	at java.util.concurrent.ThreadPoolExecutor.runWorker(Unknown Source)
	at java.util.concurrent.ThreadPoolExecutor$Worker.run(Unknown Source)
	at java.lang.Thread.run(Unknown Source)
WARN  2014-05-11 23:30:25,989 (NullSarosSession.java:64) unexpected method call
WARN  2014-05-11 23:30:26,004 (NullSarosSession.java:64) unexpected method call
DEBUG 2014-05-11 23:30:26,192 (SarosNet.java:383) pascal.borchert.games@googlemail.com/Saros73470D51 new connection state == DISCONNECTING
WARN  2014-05-11 23:30:26,208 (SWTUtils.java:144) could not execute runnable de.fu_berlin.inf.dpp.ui.widgets.ConnectionStateComposite$1$1@671c9093, UI thread is not available
StackTrace:
	at de.fu_berlin.inf.dpp.ui.util.SWTUtils.runSafeSWTAsync(SWTUtils.java:145)
	at de.fu_berlin.inf.dpp.ui.widgets.ConnectionStateComposite$1.connectionStateChanged(ConnectionStateComposite.java:55)
	at de.fu_berlin.inf.dpp.net.SarosNet.setConnectionState(SarosNet.java:390)
	at de.fu_berlin.inf.dpp.net.SarosNet.disconnect(SarosNet.java:289)
	at de.fu_berlin.inf.dpp.Saros$1.run(Saros.java:334)
	at de.fu_berlin.inf.dpp.util.Utils$2.run(Utils.java:175)
	at java.lang.Thread.run(Unknown Source)
DEBUG 2014-05-11 23:30:26,364 (SarosNet.java:383)  new connection state == NOT_CONNECTED
WARN  2014-05-11 23:30:26,364 (SWTUtils.java:144) could not execute runnable de.fu_berlin.inf.dpp.ui.widgets.ConnectionStateComposite$1$1@17cd7a06, UI thread is not available
StackTrace:
	at de.fu_berlin.inf.dpp.ui.util.SWTUtils.runSafeSWTAsync(SWTUtils.java:145)
	at de.fu_berlin.inf.dpp.ui.widgets.ConnectionStateComposite$1.connectionStateChanged(ConnectionStateComposite.java:55)
	at de.fu_berlin.inf.dpp.net.SarosNet.setConnectionState(SarosNet.java:390)
	at de.fu_berlin.inf.dpp.net.SarosNet.disconnect(SarosNet.java:293)
	at de.fu_berlin.inf.dpp.Saros$1.run(Saros.java:334)
	at de.fu_berlin.inf.dpp.util.Utils$2.run(Utils.java:175)
	at java.lang.Thread.run(Unknown Source)
DEBUG 2014-05-11 23:30:26,364 (UPnPServiceImpl.java:295) deleting existing port mappings
