INFO  2014-04-02 13:29:34,418 (Saros.java:256) Starting Saros 13.12.6 running:
  Java Version: 1.8.0
  Java Vendor: Oracle Corporation
  Eclipse Runtime Version: 3.9.100.v20131218-1515
  Operating System: Windows 8.1 (6.3)
  Hardware Architecture: amd64
INFO  2014-04-02 13:29:35,183 (XMPPAccountStore.java:103) loaded 1 accounts
INFO  2014-04-02 13:29:35,824 (PreferenceInitializer.java:53) initializing preference default values
DEBUG 2014-04-02 13:29:36,074 (DataTransferManager.java:444) used transport order for the current XMPP connection: [de.fu_berlin.inf.dpp.net.internal.Socks5Transport@5cbd159f, de.fu_berlin.inf.dpp.net.internal.IBBTransport@3b05a99b]
DEBUG 2014-04-02 13:29:36,574 (StreamServiceManager.java:225) StreamServices added:
  SendFile
  AudioService
  VideoSharing
DEBUG 2014-04-02 13:29:37,183 (SarosAnnotation.java:112) resetting annotation colors
WARN  2014-04-02 13:29:39,589 (NullSarosSession.java:64) unexpected method call
WARN  2014-04-02 13:29:39,683 (NullSarosSession.java:64) unexpected method call
DEBUG 2014-04-02 13:29:57,324 (SharedDocumentProvider.java:79) SharedDocumentProvider created by Eclipse
WARN  2014-04-02 13:30:01,927 (NullSarosSession.java:64) unexpected method call
WARN  2014-04-02 13:30:01,958 (NullSarosSession.java:64) unexpected method call
DEBUG 2014-04-02 13:30:04,840 (WhiteboardManager.java:108) WhiteboardManager instantiated
DEBUG 2014-04-02 13:30:05,152 (DocumentRecord.java:93) Added Node: attr(13964382051055636) name=svg
DEBUG 2014-04-02 13:30:07,918 (SarosNet.java:423) started Socks5 proxy on port: 7777 [listening on all interfaces]
DEBUG 2014-04-02 13:30:08,152 (SarosNet.java:433) found interface addresses: [192.168.56.1, 141.22.64.13, fe80:0:0:0:6916:72e8:fdbf:3bcd%wlan0, fe80:0:0:0:6162:f90:6766:5971%eth5, 2002:8d16:400d:0:0:0:8d16:400d]
DEBUG 2014-04-02 13:30:08,590 (SarosNet.java:383)  new connection state == CONNECTING
DEBUG 2014-04-02 13:30:14,496 (SarosNet.java:383) pascal.borchert.games@googlemail.com/SarosFBAE41FB new connection state == CONNECTED
DEBUG 2014-04-02 13:30:14,496 (DataTransferManager.java:444) used transport order for the current XMPP connection: [de.fu_berlin.inf.dpp.net.internal.Socks5Transport@5cbd159f, de.fu_berlin.inf.dpp.net.internal.IBBTransport@3b05a99b]
DEBUG 2014-04-02 13:30:14,496 (SkypeManager.java:286) Refreshing Skype username cache...
WARN  2014-04-02 13:30:18,574 (StunServiceImpl.java:420) received no response from STUN server stunserver.org/132.177.123.6:3478 at local address /141.22.64.13:0
WARN  2014-04-02 13:30:18,574 (StunServiceImpl.java:420) received no response from STUN server stunserver.org/132.177.123.6:3478 at local address /192.168.56.1:0
DEBUG 2014-04-02 13:34:41,779 (DiscoveryManager.java:381) Inserted DiscoveryInfo into Cache for: brede@saros-con.imp.fu-berlin.de/Saros
DEBUG 2014-04-02 13:34:53,513 (BaseResourceSelectionComposite.java:173) I got the names from the list: 1
DEBUG 2014-04-02 13:34:53,607 (BaseResourceSelectionComposite.java:149) Remembered checked/grayed items: 0/0 Saved 1 snapshots
DEBUG 2014-04-02 13:34:55,388 (BaseResourceSelectionComposite.java:149) Remembered checked/grayed items: 90/0 Saved 2 snapshots
DEBUG 2014-04-02 13:34:56,060 (BaseResourceSelectionComposite.java:149) Remembered checked/grayed items: 165/0 Saved 3 snapshots
DEBUG 2014-04-02 13:34:59,498 (BaseResourceSelectionComposite.java:149) Remembered checked/grayed items: 250/0 Saved 4 snapshots
DEBUG 2014-04-02 13:35:06,489 (BaseResourceSelectionComposite.java:271) Storing checked elements (not grayed): /Bank**#**/Bank/bin**#**/Bank/bin/bank**#**/Bank/bin/bank/BankPackage**#**/Bank/bin/bank/BankPackage/EKontoAlreadyExists.class**#**/Bank/bin/bank/BankPackage/EKontoAlreadyExistsHelper.class**#**/Bank/bin/bank/BankPackage/EKontoAlreadyExistsHolder.class**#**/Bank/bin/bank/BankPackage/EKontoNotFound.class**#**/Bank/bin/bank/BankPackage/EKontoNotFoundHelper.class**#**/Bank/bin/bank/BankPackage/EKontoNotFoundHolder.class**#**/Bank/bin/bank/KontoPackage**#**/Bank/bin/bank/KontoPackage/EInvalidAmount.class**#**/Bank/bin/bank/KontoPackage/EInvalidAmountHelper.class**#**/Bank/bin/bank/KontoPackage/EInvalidAmountHolder.class**#**/Bank/bin/bank/KontoPackage/ENotEnoughMoney.class**#**/Bank/bin/bank/KontoPackage/ENotEnoughMoneyHelper.class**#**/Bank/bin/bank/KontoPackage/ENotEnoughMoneyHolder.class**#**/Bank/bin/bank/_BankStub.class**#**/Bank/bin/bank/_KontoStub.class**#**/Bank/bin/bank/_MonitorStub.class**#**/Bank/bin/bank/Bank.class**#**/Bank/bin/bank/BankHelper.class**#**/Bank/bin/bank/BankHolder.class**#**/Bank/bin/bank/BankOperations.class**#**/Bank/bin/bank/BankPOA.class**#**/Bank/bin/bank/Konto.class**#**/Bank/bin/bank/KontoHelper.class**#**/Bank/bin/bank/KontoHolder.class**#**/Bank/bin/bank/KontoOperations.class**#**/Bank/bin/bank/KontoPOA.class**#**/Bank/bin/bank/Monitor.class**#**/Bank/bin/bank/MonitorHelper.class**#**/Bank/bin/bank/MonitorHolder.class**#**/Bank/bin/bank/MonitorOperations.class**#**/Bank/bin/bank/MonitorPOA.class**#**/Bank/bin/bank/TKontolisteHelper.class**#**/Bank/bin/bank/TKontolisteHolder.class**#**/Bank/bin/server**#**/Bank/bin/server/BankImpl.class**#**/Bank/bin/server/BankImpl$1.class**#**/Bank/bin/server/KontoImpl.class**#**/Bank/bin/server/SendMessage.class**#**/Bank/bin/server/Server.class**#**/Bank/bin/server/ShutdownT.class**#**/Bank/bin/bank.idl**#**/Bank/src**#**/Bank/src/bank**#**/Bank/src/bank/BankPackage**#**/Bank/src/bank/BankPackage/EKontoAlreadyExists.java**#**/Bank/src/bank/BankPackage/EKontoAlreadyExistsHelper.java**#**/Bank/src/bank/BankPackage/EKontoAlreadyExistsHolder.java**#**/Bank/src/bank/BankPackage/EKontoNotFound.java**#**/Bank/src/bank/BankPackage/EKontoNotFoundHelper.java**#**/Bank/src/bank/BankPackage/EKontoNotFoundHolder.java**#**/Bank/src/bank/KontoPackage**#**/Bank/src/bank/KontoPackage/EInvalidAmount.java**#**/Bank/src/bank/KontoPackage/EInvalidAmountHelper.java**#**/Bank/src/bank/KontoPackage/EInvalidAmountHolder.java**#**/Bank/src/bank/KontoPackage/ENotEnoughMoney.java**#**/Bank/src/bank/KontoPackage/ENotEnoughMoneyHelper.java**#**/Bank/src/bank/KontoPackage/ENotEnoughMoneyHolder.java**#**/Bank/src/bank/_BankStub.java**#**/Bank/src/bank/_KontoStub.java**#**/Bank/src/bank/_MonitorStub.java**#**/Bank/src/bank/Bank.java**#**/Bank/src/bank/BankHelper.java**#**/Bank/src/bank/BankHolder.java**#**/Bank/src/bank/BankOperations.java**#**/Bank/src/bank/BankPOA.java**#**/Bank/src/bank/Konto.java**#**/Bank/src/bank/KontoHelper.java**#**/Bank/src/bank/KontoHolder.java**#**/Bank/src/bank/KontoOperations.java**#**/Bank/src/bank/KontoPOA.java**#**/Bank/src/bank/Monitor.java**#**/Bank/src/bank/MonitorHelper.java**#**/Bank/src/bank/MonitorHolder.java**#**/Bank/src/bank/MonitorOperations.java**#**/Bank/src/bank/MonitorPOA.java**#**/Bank/src/bank/TKontolisteHelper.java**#**/Bank/src/bank/TKontolisteHolder.java**#**/Bank/src/server**#**/Bank/src/server/BankImpl.java**#**/Bank/src/server/KontoImpl.java**#**/Bank/src/server/SendMessage.java**#**/Bank/src/server/Server.java**#**/Bank/src/server/ShutdownT.java**#**/Bank/src/bank.idl**#**/Bank/.classpath**#**/Bank/.project**#**/Filiale**#**/Filiale/bin**#**/Filiale/bin/bank**#**/Filiale/bin/bank/BankPackage**#**/Filiale/bin/bank/BankPackage/EKontoAlreadyExists.class**#**/Filiale/bin/bank/BankPackage/EKontoAlreadyExistsHelper.class**#**/Filiale/bin/bank/BankPackage/EKontoAlreadyExistsHolder.class**#**/Filiale/bin/bank/BankPackage/EKontoNotFound.class**#**/Filiale/bin/bank/BankPackage/EKontoNotFoundHelper.class**#**/Filiale/bin/bank/BankPackage/EKontoNotFoundHolder.class**#**/Filiale/bin/bank/KontoPackage**#**/Filiale/bin/bank/KontoPackage/EInvalidAmount.class**#**/Filiale/bin/bank/KontoPackage/EInvalidAmountHelper.class**#**/Filiale/bin/bank/KontoPackage/EInvalidAmountHolder.class**#**/Filiale/bin/bank/KontoPackage/ENotEnoughMoney.class**#**/Filiale/bin/bank/KontoPackage/ENotEnoughMoneyHelper.class**#**/Filiale/bin/bank/KontoPackage/ENotEnoughMoneyHolder.class**#**/Filiale/bin/bank/_BankStub.class**#**/Filiale/bin/bank/_KontoStub.class**#**/Filiale/bin/bank/_MonitorStub.class**#**/Filiale/bin/bank/Bank.class**#**/Filiale/bin/bank/BankHelper.class**#**/Filiale/bin/bank/BankHolder.class**#**/Filiale/bin/bank/BankOperations.class**#**/Filiale/bin/bank/Konto.class**#**/Filiale/bin/bank/KontoHelper.class**#**/Filiale/bin/bank/KontoHolder.class**#**/Filiale/bin/bank/KontoOperations.class**#**/Filiale/bin/bank/Monitor.class**#**/Filiale/bin/bank/MonitorHelper.class**#**/Filiale/bin/bank/MonitorHolder.class**#**/Filiale/bin/bank/MonitorOperations.class**#**/Filiale/bin/bank/TKontolisteHelper.class**#**/Filiale/bin/bank/TKontolisteHolder.class**#**/Filiale/bin/client**#**/Filiale/bin/client/Client.class**#**/Filiale/bin/bank.idl**#**/Filiale/src**#**/Filiale/src/bank**#**/Filiale/src/bank/BankPackage**#**/Filiale/src/bank/BankPackage/EKontoAlreadyExists.java**#**/Filiale/src/bank/BankPackage/EKontoAlreadyExistsHelper.java**#**/Filiale/src/bank/BankPackage/EKontoAlreadyExistsHolder.java**#**/Filiale/src/bank/BankPackage/EKontoNotFound.java**#**/Filiale/src/bank/BankPackage/EKontoNotFoundHelper.java**#**/Filiale/src/bank/BankPackage/EKontoNotFoundHolder.java**#**/Filiale/src/bank/KontoPackage**#**/Filiale/src/bank/KontoPackage/EInvalidAmount.java**#**/Filiale/src/bank/KontoPackage/EInvalidAmountHelper.java**#**/Filiale/src/bank/KontoPackage/EInvalidAmountHolder.java**#**/Filiale/src/bank/KontoPackage/ENotEnoughMoney.java**#**/Filiale/src/bank/KontoPackage/ENotEnoughMoneyHelper.java**#**/Filiale/src/bank/KontoPackage/ENotEnoughMoneyHolder.java**#**/Filiale/src/bank/_BankStub.java**#**/Filiale/src/bank/_KontoStub.java**#**/Filiale/src/bank/_MonitorStub.java**#**/Filiale/src/bank/Bank.java**#**/Filiale/src/bank/BankHelper.java**#**/Filiale/src/bank/BankHolder.java**#**/Filiale/src/bank/BankOperations.java**#**/Filiale/src/bank/Konto.java**#**/Filiale/src/bank/KontoHelper.java**#**/Filiale/src/bank/KontoHolder.java**#**/Filiale/src/bank/KontoOperations.java**#**/Filiale/src/bank/Monitor.java**#**/Filiale/src/bank/MonitorHelper.java**#**/Filiale/src/bank/MonitorHolder.java**#**/Filiale/src/bank/MonitorOperations.java**#**/Filiale/src/bank/TKontolisteHelper.java**#**/Filiale/src/bank/TKontolisteHolder.java**#**/Filiale/src/client**#**/Filiale/src/client/Client.java**#**/Filiale/src/bank.idl**#**/Filiale/.classpath**#**/Filiale/.project**#**/Monitor**#**/Monitor/bin**#**/Monitor/bin/bank**#**/Monitor/bin/bank/BankPackage**#**/Monitor/bin/bank/BankPackage/EKontoAlreadyExists.class**#**/Monitor/bin/bank/BankPackage/EKontoAlreadyExistsHelper.class**#**/Monitor/bin/bank/BankPackage/EKontoAlreadyExistsHolder.class**#**/Monitor/bin/bank/BankPackage/EKontoNotFound.class**#**/Monitor/bin/bank/BankPackage/EKontoNotFoundHelper.class**#**/Monitor/bin/bank/BankPackage/EKontoNotFoundHolder.class**#**/Monitor/bin/bank/KontoPackage**#**/Monitor/bin/bank/KontoPackage/EInvalidAmount.class**#**/Monitor/bin/bank/KontoPackage/EInvalidAmountHelper.class**#**/Monitor/bin/bank/KontoPackage/EInvalidAmountHolder.class**#**/Monitor/bin/bank/KontoPackage/ENotEnoughMoney.class**#**/Monitor/bin/bank/KontoPackage/ENotEnoughMoneyHelper.class**#**/Monitor/bin/bank/KontoPackage/ENotEnoughMoneyHolder.class**#**/Monitor/bin/bank/_BankStub.class**#**/Monitor/bin/bank/_KontoStub.class**#**/Monitor/bin/bank/_MonitorStub.class**#**/Monitor/bin/bank/Bank.class**#**/Monitor/bin/bank/BankHelper.class**#**/Monitor/bin/bank/BankHolder.class**#**/Monitor/bin/bank/BankOperations.class**#**/Monitor/bin/bank/BankPOA.class**#**/Monitor/bin/bank/Konto.class**#**/Monitor/bin/bank/KontoHelper.class**#**/Monitor/bin/bank/KontoHolder.class**#**/Monitor/bin/bank/KontoOperations.class**#**/Monitor/bin/bank/KontoPOA.class**#**/Monitor/bin/bank/Monitor.class**#**/Monitor/bin/bank/MonitorHelper.class**#**/Monitor/bin/bank/MonitorHolder.class**#**/Monitor/bin/bank/MonitorOperations.class**#**/Monitor/bin/bank/MonitorPOA.class**#**/Monitor/bin/bank/TKontolisteHelper.class**#**/Monitor/bin/bank/TKontolisteHolder.class**#**/Monitor/bin/monitor**#**/Monitor/bin/monitor/MonitorClient.class**#**/Monitor/bin/monitor/MonitorClient$1.class**#**/Monitor/bin/monitor/MonitorImpl.class**#**/Monitor/bin/monitor/MonitorImpl$1.class**#**/Monitor/bin/bank.idl**#**/Monitor/src**#**/Monitor/src/bank**#**/Monitor/src/bank/BankPackage**#**/Monitor/src/bank/BankPackage/EKontoAlreadyExists.java**#**/Monitor/src/bank/BankPackage/EKontoAlreadyExistsHelper.java**#**/Monitor/src/bank/BankPackage/EKontoAlreadyExistsHolder.java**#**/Monitor/src/bank/BankPackage/EKontoNotFound.java**#**/Monitor/src/bank/BankPackage/EKontoNotFoundHelper.java**#**/Monitor/src/bank/BankPackage/EKontoNotFoundHolder.java**#**/Monitor/src/bank/KontoPackage**#**/Monitor/src/bank/KontoPackage/EInvalidAmount.java**#**/Monitor/src/bank/KontoPackage/EInvalidAmountHelper.java**#**/Monitor/src/bank/KontoPackage/EInvalidAmountHolder.java**#**/Monitor/src/bank/KontoPackage/ENotEnoughMoney.java**#**/Monitor/src/bank/KontoPackage/ENotEnoughMoneyHelper.java**#**/Monitor/src/bank/KontoPackage/ENotEnoughMoneyHolder.java**#**/Monitor/src/bank/_BankStub.java**#**/Monitor/src/bank/_KontoStub.java**#**/Monitor/src/bank/_MonitorStub.java**#**/Monitor/src/bank/Bank.java**#**/Monitor/src/bank/BankHelper.java**#**/Monitor/src/bank/BankHolder.java**#**/Monitor/src/bank/BankOperations.java**#**/Monitor/src/bank/BankPOA.java**#**/Monitor/src/bank/Konto.java**#**/Monitor/src/bank/KontoHelper.java**#**/Monitor/src/bank/KontoHolder.java**#**/Monitor/src/bank/KontoOperations.java**#**/Monitor/src/bank/KontoPOA.java**#**/Monitor/src/bank/Monitor.java**#**/Monitor/src/bank/MonitorHelper.java**#**/Monitor/src/bank/MonitorHolder.java**#**/Monitor/src/bank/MonitorOperations.java**#**/Monitor/src/bank/MonitorPOA.java**#**/Monitor/src/bank/TKontolisteHelper.java**#**/Monitor/src/bank/TKontolisteHolder.java**#**/Monitor/src/monitor**#**/Monitor/src/monitor/MonitorClient.java**#**/Monitor/src/monitor/MonitorImpl.java**#**/Monitor/src/bank.idl**#**/Monitor/.classpath**#**/Monitor/.project**#**
DEBUG 2014-04-02 13:35:06,489 (BaseResourceSelectionComposite.java:183) Remembering new selection name: -Last selection-
DEBUG 2014-04-02 13:35:06,489 (BaseResourceSelectionComposite.java:173) I got the names from the list: 1
DEBUG 2014-04-02 13:35:06,489 (BaseResourceSelectionComposite.java:189) Not adding name to list because already exists: -Last selection-
INFO  2014-04-02 13:35:06,552 (StatisticManager.java:185) Current feedback settings:
  Feedback disabled: false
  Feedback interval: 5
  Statistic submission allowed: false
  Pseudonym submission allowed: false
INFO  2014-04-02 13:35:06,568 (ErrorLogManager.java:259) Current error log settings:
  Error log submission allowed: false
  Full Error log submission allowed: false
DEBUG 2014-04-02 13:35:06,568 (WhiteboardManager.java:55) Session Started, set Color: RGB {186, 220, 81}
DEBUG 2014-04-02 13:35:06,568 (ColorUtils.java:21) set foregroundcolor RGB {186, 220, 81}
INFO  2014-04-02 13:35:06,802 (StatisticManager.java:164) Session count: 10
INFO  2014-04-02 13:35:06,802 (ParticipantCollector.java:138) Session started: Current number of participants: 1
DEBUG 2014-04-02 13:35:06,802 (ActivityHandler.java:104) activity dispatcher started
DEBUG 2014-04-02 13:35:06,849 (SXEController.java:120) SXE (436): initialize session at inviter side
DEBUG 2014-04-02 13:35:06,849 (ConsistencyAction.java:168) Inconsistency indicator goes: off
DEBUG 2014-04-02 13:35:06,849 (SarosProjectMapper.java:193) added project P/Bank with ID 1956566174 [completely shared:true]
DEBUG 2014-04-02 13:35:06,849 (EditorAPI.java:324) IWorkbenchPage.getEditorReferences() returned IEditorPart which needs to be restored: BankImpl.java
ERROR 2014-04-02 13:35:06,911 (RosterUtils.java:506) discovery for service 'googlemail.com' failed
feature-not-implemented(501)
	at org.jivesoftware.smackx.ServiceDiscoveryManager.discoverItems(ServiceDiscoveryManager.java:604)
	at org.jivesoftware.smackx.ServiceDiscoveryManager.discoverItems(ServiceDiscoveryManager.java:570)
	at de.fu_berlin.inf.dpp.net.util.RosterUtils.getMultiUserChatService(RosterUtils.java:504)
	at de.fu_berlin.inf.dpp.communication.chat.muc.negotiation.MUCNegotiationManager.getMUCService(MUCNegotiationManager.java:149)
	at de.fu_berlin.inf.dpp.communication.chat.muc.negotiation.MUCNegotiationManager.getOwnPreferences(MUCNegotiationManager.java:106)
	at de.fu_berlin.inf.dpp.communication.chat.muc.MultiUserChatService.createChat(MultiUserChatService.java:95)
	at de.fu_berlin.inf.dpp.ui.widgets.chat.ChatRoomsComposite$3$2.run(ChatRoomsComposite.java:169)
	at de.fu_berlin.inf.dpp.util.Utils$2.run(Utils.java:175)
	at java.lang.Thread.run(Unknown Source)
DEBUG 2014-04-02 13:35:06,943 (MultiUserChatService.java:122) Joining MUC...
WARN  2014-04-02 13:35:06,943 (MultiUserChatService.java:125) MUC service is not available, aborting connection request
DEBUG 2014-04-02 13:35:06,958 (EditorAPI.java:324) IWorkbenchPage.getEditorReferences() returned IEditorPart which needs to be restored: ShutdownT.java
DEBUG 2014-04-02 13:35:07,036 (EditorAPI.java:324) IWorkbenchPage.getEditorReferences() returned IEditorPart which needs to be restored: KontoImpl.java
DEBUG 2014-04-02 13:35:07,130 (EditorAPI.java:324) IWorkbenchPage.getEditorReferences() returned IEditorPart which needs to be restored: Client.java
DEBUG 2014-04-02 13:35:07,239 (EditorAPI.java:324) IWorkbenchPage.getEditorReferences() returned IEditorPart which needs to be restored: SendMessage.java
DEBUG 2014-04-02 13:35:07,302 (EditorAPI.java:324) IWorkbenchPage.getEditorReferences() returned IEditorPart which needs to be restored: MonitorClient.java
DEBUG 2014-04-02 13:35:07,380 (EditorAPI.java:324) IWorkbenchPage.getEditorReferences() returned IEditorPart which needs to be restored: MonitorImpl.java
DEBUG 2014-04-02 13:35:07,474 (EditorManager.java:396) MonitorClient.java
DEBUG 2014-04-02 13:35:07,474 (EditorManager.java:396) Client.java
DEBUG 2014-04-02 13:35:07,474 (EditorManager.java:396) SendMessage.java
DEBUG 2014-04-02 13:35:07,474 (EditorManager.java:396) KontoImpl.java
DEBUG 2014-04-02 13:35:07,474 (EditorManager.java:396) ShutdownT.java
DEBUG 2014-04-02 13:35:07,474 (EditorManager.java:396) Server.java
DEBUG 2014-04-02 13:35:07,474 (EditorManager.java:396) BankImpl.java
DEBUG 2014-04-02 13:35:07,474 (EditorManager.java:396) MonitorImpl.java
DEBUG 2014-04-02 13:35:07,489 (SharedProjectDecorator.java:98) updating project decoration for all shared projects
DEBUG 2014-04-02 13:35:07,489 (SarosProjectMapper.java:193) added project P/Monitor with ID 1546232304 [completely shared:true]
DEBUG 2014-04-02 13:35:07,646 (EditorManager.java:396) MonitorClient.java
DEBUG 2014-04-02 13:35:07,646 (EditorManager.java:396) Client.java
DEBUG 2014-04-02 13:35:07,661 (EditorManager.java:396) SendMessage.java
DEBUG 2014-04-02 13:35:07,661 (EditorManager.java:396) KontoImpl.java
DEBUG 2014-04-02 13:35:07,661 (EditorManager.java:396) ShutdownT.java
DEBUG 2014-04-02 13:35:07,661 (EditorManager.java:396) Server.java
DEBUG 2014-04-02 13:35:07,661 (EditorManager.java:396) BankImpl.java
DEBUG 2014-04-02 13:35:07,661 (EditorManager.java:396) MonitorImpl.java
DEBUG 2014-04-02 13:35:07,661 (SharedProjectDecorator.java:98) updating project decoration for all shared projects
DEBUG 2014-04-02 13:35:07,661 (SarosProjectMapper.java:193) added project P/Filiale with ID 1673737387 [completely shared:true]
DEBUG 2014-04-02 13:35:07,752 (EditorManager.java:396) MonitorClient.java
DEBUG 2014-04-02 13:35:07,753 (EditorManager.java:396) Client.java
DEBUG 2014-04-02 13:35:07,760 (EditorManager.java:396) SendMessage.java
DEBUG 2014-04-02 13:35:07,761 (EditorManager.java:396) KontoImpl.java
DEBUG 2014-04-02 13:35:07,761 (EditorManager.java:396) ShutdownT.java
DEBUG 2014-04-02 13:35:07,762 (EditorManager.java:396) Server.java
DEBUG 2014-04-02 13:35:07,762 (EditorManager.java:396) BankImpl.java
DEBUG 2014-04-02 13:35:07,762 (EditorManager.java:396) MonitorImpl.java
DEBUG 2014-04-02 13:35:07,764 (SharedProjectDecorator.java:98) updating project decoration for all shared projects
INFO  2014-04-02 13:35:07,764 (SarosSessionManager.java:264) session started
DEBUG 2014-04-02 13:35:07,887 (OutgoingSessionNegotiation.java:123) OSN [remote side: brede@saros-con.imp.fu-berlin.de] : starting invitation
DEBUG 2014-04-02 13:35:07,925 (OutgoingSessionNegotiation.java:230) OSN [remote side: brede@saros-con.imp.fu-berlin.de] : checking Saros support
DEBUG 2014-04-02 13:35:07,972 (OutgoingSessionNegotiation.java:242) OSN [remote side: brede@saros-con.imp.fu-berlin.de] :  remote contact offers Saros support
DEBUG 2014-04-02 13:35:07,973 (OutgoingSessionNegotiation.java:259) OSN [remote side: brede@saros-con.imp.fu-berlin.de/Saros] : checking version compatibility
DEBUG 2014-04-02 13:35:08,151 (EditorListener.java:236) Viewport changed: 29+0
DEBUG 2014-04-02 13:35:08,184 (EditorListener.java:236) Viewport changed: 33+0
DEBUG 2014-04-02 13:35:08,188 (EditorListener.java:236) Viewport changed: 25+0
DEBUG 2014-04-02 13:35:08,191 (EditorListener.java:236) Viewport changed: 120+0
DEBUG 2014-04-02 13:35:08,368 (OutgoingSessionNegotiation.java:289) OSN [remote side: brede@saros-con.imp.fu-berlin.de/Saros] : Saros versions are compatible
DEBUG 2014-04-02 13:35:08,369 (OutgoingSessionNegotiation.java:303) OSN [remote side: brede@saros-con.imp.fu-berlin.de/Saros] : sending invitation
DEBUG 2014-04-02 13:35:08,371 (OutgoingSessionNegotiation.java:329) OSN [remote side: brede@saros-con.imp.fu-berlin.de/Saros] : waiting for invitation acknowledgement
DEBUG 2014-04-02 13:35:08,756 (OutgoingSessionNegotiation.java:340) OSN [remote side: brede@saros-con.imp.fu-berlin.de/Saros] : invitation acknowledged
DEBUG 2014-04-02 13:35:08,757 (OutgoingSessionNegotiation.java:349) OSN [remote side: brede@saros-con.imp.fu-berlin.de/Saros] : waiting for peer to accept the invitation
DEBUG 2014-04-02 13:35:11,153 (OutgoingSessionNegotiation.java:360) OSN [remote side: brede@saros-con.imp.fu-berlin.de/Saros] : invitation accepted
DEBUG 2014-04-02 13:35:11,153 (OutgoingSessionNegotiation.java:370) OSN [remote side: brede@saros-con.imp.fu-berlin.de/Saros] : waiting for client's session parameters
DEBUG 2014-04-02 13:35:11,168 (OutgoingSessionNegotiation.java:390) OSN [remote side: brede@saros-con.imp.fu-berlin.de/Saros] : received client's session parameters
ERROR 2014-04-02 13:35:11,278 (RosterUtils.java:506) discovery for service 'googlemail.com' failed
feature-not-implemented(501)
	at org.jivesoftware.smackx.ServiceDiscoveryManager.discoverItems(ServiceDiscoveryManager.java:604)
	at org.jivesoftware.smackx.ServiceDiscoveryManager.discoverItems(ServiceDiscoveryManager.java:570)
	at de.fu_berlin.inf.dpp.net.util.RosterUtils.getMultiUserChatService(RosterUtils.java:504)
	at de.fu_berlin.inf.dpp.communication.chat.muc.negotiation.MUCNegotiationManager.getMUCService(MUCNegotiationManager.java:149)
	at de.fu_berlin.inf.dpp.communication.chat.muc.negotiation.MUCNegotiationManager.getOwnPreferences(MUCNegotiationManager.java:106)
	at de.fu_berlin.inf.dpp.communication.chat.muc.negotiation.MUCNegotiationManager$1.considerClientPreferences(MUCNegotiationManager.java:67)
	at de.fu_berlin.inf.dpp.invitation.OutgoingSessionNegotiation.determineSessionParameters(OutgoingSessionNegotiation.java:412)
	at de.fu_berlin.inf.dpp.invitation.OutgoingSessionNegotiation.start(OutgoingSessionNegotiation.java:193)
	at de.fu_berlin.inf.dpp.ui.eventhandler.NegotiationHandler$OutgoingInvitationJob.run(NegotiationHandler.java:83)
	at org.eclipse.core.internal.jobs.Worker.run(Worker.java:53)
DEBUG 2014-04-02 13:35:11,278 (OutgoingSessionNegotiation.java:438) OSN [remote side: brede@saros-con.imp.fu-berlin.de/Saros] : sending updated session negotiation data
DEBUG 2014-04-02 13:35:11,278 (OutgoingSessionNegotiation.java:445) OSN [remote side: brede@saros-con.imp.fu-berlin.de/Saros] : sent updated session negotiation data
DEBUG 2014-04-02 13:35:11,278 (OutgoingSessionNegotiation.java:455) OSN [remote side: brede@saros-con.imp.fu-berlin.de/Saros] : waiting for remote side to start its Saros session
WARN  2014-04-02 13:35:11,793 (DiscoveryManager.java:445) Service Discovery failed on recipient gabrielwilde@gmail.com/MessagingAe01cc205 server: xmpp.l.google.com
No response from the server.: 
	at org.jivesoftware.smackx.ServiceDiscoveryManager.discoverInfo(ServiceDiscoveryManager.java:554)
	at org.jivesoftware.smackx.ServiceDiscoveryManager.discoverInfo(ServiceDiscoveryManager.java:512)
	at de.fu_berlin.inf.dpp.net.discoverymanager.DiscoveryManager.performServiceDiscovery(DiscoveryManager.java:442)
	at de.fu_berlin.inf.dpp.net.discoverymanager.DiscoveryManager.queryFeatureSupport(DiscoveryManager.java:379)
	at de.fu_berlin.inf.dpp.net.discoverymanager.DiscoveryManager.access$3(DiscoveryManager.java:346)
	at de.fu_berlin.inf.dpp.net.discoverymanager.DiscoveryManager$2.run(DiscoveryManager.java:325)
	at de.fu_berlin.inf.dpp.util.Utils$2.run(Utils.java:175)
	at java.util.concurrent.ThreadPoolExecutor.runWorker(Unknown Source)
	at java.util.concurrent.ThreadPoolExecutor$Worker.run(Unknown Source)
	at java.lang.Thread.run(Unknown Source)
DEBUG 2014-04-02 13:35:11,964 (OutgoingSessionNegotiation.java:466) OSN [remote side: brede@saros-con.imp.fu-berlin.de/Saros] : remote side started its Saros session
DEBUG 2014-04-02 13:35:11,965 (DataTransferManager.java:387) currently used IP addresses for Socks5Proxy: [192.168.56.1, 141.22.64.13, fe80:0:0:0:6916:72e8:fdbf:3bcd%wlan0, fe80:0:0:0:6162:f90:6766:5971%eth5, 2002:8d16:400d:0:0:0:8d16:400d]
INFO  2014-04-02 13:35:11,966 (DataTransferManager.java:392) establishing connection to brede@saros-con.imp.fu-berlin.de from pascal.borchert.games@googlemail.com/SarosFBAE41FB using SOCKS5
DEBUG 2014-04-02 13:35:11,967 (ByteStreamTransport.java:44) establishing bytestream connection to brede@saros-con.imp.fu-berlin.de/Saros
DEBUG 2014-04-02 13:35:11,967 (Socks5Transport.java:505) [SOCKS5] establishing new connection to brede@saros-con.imp.fu-berlin.de/Saros with local proxy enabled (Port 7777). 
DEBUG 2014-04-02 13:35:13,081 (ByteStreamTransport.java:71) received request to establish a SOCKS5 bytestream connection to brede@saros-con.imp.fu-berlin.de/Saros
DEBUG 2014-04-02 13:35:13,081 (Socks5Transport.java:325) [SOCKS5] receiving response connection from brede@saros-con.imp.fu-berlin.de/Saros with local proxy enabled (Port 7777). 
DEBUG 2014-04-02 13:35:16,721 (Socks5Transport.java:728) nagle algorithm for socket disabled: true
DEBUG 2014-04-02 13:35:16,768 (DataTransferManager.java:141) bytestream connection changed SOCKS5 (direct) [to: brede@saros-con.imp.fu-berlin.de/Saros|inc: false|id: saros-main-session]
DEBUG 2014-04-02 13:35:16,768 (OutgoingSessionNegotiation.java:481) OSN [remote side: brede@saros-con.imp.fu-berlin.de/Saros] : synchronizing user list
DEBUG 2014-04-02 13:35:16,768 (BinaryChannelConnection.java:88) SOCKS5 (direct) [brede@saros-con.imp.fu-berlin.de/Saros]  ReceiverThread started.
DEBUG 2014-04-02 13:35:16,768 (UserInformationHandler.java:147) synchronizing user list (A)[pascal.borchert.games, brede], (R) [] with user(s) [brede]
DEBUG 2014-04-02 13:35:16,893 (UserInformationHandler.java:199) received user list confirmation from: brede@saros-con.imp.fu-berlin.de/Saros
DEBUG 2014-04-02 13:35:16,893 (UserInformationHandler.java:206) synchronized user list with user(s) [brede]
DEBUG 2014-04-02 13:35:16,893 (ChangeColorManager.java:254) reassigning color IDs for the current session users
DEBUG 2014-04-02 13:35:16,893 (ChangeColorManager.java:288) color conflict resolve result = NO CONFLICT
DEBUG 2014-04-02 13:35:16,893 (ChangeColorManager.java:347) new color assignment: {pascal.borchert.games=2, brede=1}
DEBUG 2014-04-02 13:35:16,893 (ChangeColorManager.java:566) updating color id set: [pascal.borchert.games@googlemail.com/SarosA255DAF3, brede@saros-con.imp.fu-berlin.de/Saros]
DEBUG 2014-04-02 13:35:16,909 (ActivitySequencer.java:529) send (001) [brede@saros-con.imp.fu-berlin.de/Saros] [ChangeColorActivityDO(source: pascal.borchert.games@googlemail.com/SarosFBAE41FB, affected: pascal.borchert.games@googlemail.com/SarosFBAE41FB, colorID: 2)]
INFO  2014-04-02 13:35:16,909 (ParticipantCollector.java:69) [brede@saros-con.imp.fu-berlin.de/Saros] joined - session now contains 2 users
INFO  2014-04-02 13:35:16,909 (SarosSession.java:460) user [brede@saros-con.imp.fu-berlin.de/Saros]  joined session
DEBUG 2014-04-02 13:35:16,909 (ActivitySequencer.java:529) send (001) [brede@saros-con.imp.fu-berlin.de/Saros] [ChangeColorActivityDO(source: pascal.borchert.games@googlemail.com/SarosFBAE41FB, affected: brede@saros-con.imp.fu-berlin.de/Saros, colorID: 1)]
DEBUG 2014-04-02 13:35:16,909 (OutgoingSessionNegotiation.java:491) OSN [remote side: brede@saros-con.imp.fu-berlin.de/Saros] : added [brede@saros-con.imp.fu-berlin.de/Saros]  to the current session, colorID: 1
DEBUG 2014-04-02 13:35:16,925 (OutgoingSessionNegotiation.java:510) OSN [remote side: brede@saros-con.imp.fu-berlin.de/Saros] : session negotiation finished
DEBUG 2014-04-02 13:35:16,925 (SXEOutgoingSynchronizationProcess.java:49) SXE(436)  send state-offer to brede@saros-con.imp.fu-berlin.de/Saros
DEBUG 2014-04-02 13:35:16,925 (SarosSXETransmitter.java:149) SXE send state-offer to brede@saros-con.imp.fu-berlin.de/Saros waiting for [accept-state, refuse-state]
DEBUG 2014-04-02 13:35:16,971 (DataTransferManager.java:387) currently used IP addresses for Socks5Proxy: [192.168.56.1, 141.22.64.13, fe80:0:0:0:6916:72e8:fdbf:3bcd%wlan0, fe80:0:0:0:6162:f90:6766:5971%eth5, 2002:8d16:400d:0:0:0:8d16:400d]
INFO  2014-04-02 13:35:16,971 (DataTransferManager.java:392) establishing connection to brede@saros-con.imp.fu-berlin.de from pascal.borchert.games@googlemail.com/SarosFBAE41FB using SOCKS5
DEBUG 2014-04-02 13:35:16,971 (ByteStreamTransport.java:44) establishing bytestream connection to brede@saros-con.imp.fu-berlin.de/Saros
DEBUG 2014-04-02 13:35:16,971 (Socks5Transport.java:505) [SOCKS5] establishing new connection to brede@saros-con.imp.fu-berlin.de/Saros with local proxy enabled (Port 7777). 
DEBUG 2014-04-02 13:35:18,159 (ByteStreamTransport.java:71) received request to establish a SOCKS5 bytestream connection to brede@saros-con.imp.fu-berlin.de/Saros
DEBUG 2014-04-02 13:35:18,159 (Socks5Transport.java:325) [SOCKS5] receiving response connection from brede@saros-con.imp.fu-berlin.de/Saros with local proxy enabled (Port 7777). 
DEBUG 2014-04-02 13:35:21,847 (Socks5Transport.java:728) nagle algorithm for socket disabled: true
DEBUG 2014-04-02 13:35:21,847 (DataTransferManager.java:141) bytestream connection changed SOCKS5 (direct) [to: brede@saros-con.imp.fu-berlin.de/Saros|inc: false|id: default]
DEBUG 2014-04-02 13:35:21,847 (BinaryChannelConnection.java:88) SOCKS5 (direct) [brede@saros-con.imp.fu-berlin.de/Saros]  ReceiverThread started.
DEBUG 2014-04-02 13:35:21,878 (SXEOutgoingSynchronizationProcess.java:62) SXE(436) brede@saros-con.imp.fu-berlin.de/Saros accepted state-offer
DEBUG 2014-04-02 13:35:21,878 (SXEOutgoingSynchronizationProcess.java:81) SXE(436) Sending state to brede@saros-con.imp.fu-berlin.de/Saros
DEBUG 2014-04-02 13:35:21,878 (SXEOutgoingSynchronizationProcess.java:83) Send message: de.fu_berlin.inf.dpp.whiteboard.sxe.net.SXEMessage@405b37e: from: null, to: brede@saros-con.imp.fu-berlin.de/Saros, msgId: 1messageTyp: statemessage: [new visible=true ns=http://www.w3.org/2000/svg rid=13964382051055636 version=0 type=element name=svg, ]
DEBUG 2014-04-02 13:35:21,878 (CancelableProcess.java:321) process OSN [remote side: brede@saros-con.imp.fu-berlin.de/Saros] exit status: OK
INFO  2014-04-02 13:35:21,909 (ProjectNegotiationObservable.java:61) This is ProjectNegotiation number 1 in this session. There are 0 process(es) in this session
DEBUG 2014-04-02 13:35:22,206 (OutgoingProjectNegotiation.java:198) OPN [remote side: brede@saros-con.imp.fu-berlin.de/Saros] : sending file list
DEBUG 2014-04-02 13:35:22,253 (OutgoingProjectNegotiation.java:232) OPN [remote side: brede@saros-con.imp.fu-berlin.de/Saros] : waiting for remote file list
DEBUG 2014-04-02 13:35:25,612 (OutgoingProjectNegotiation.java:250) OPN [remote side: brede@saros-con.imp.fu-berlin.de/Saros] : remote file list has been received
DEBUG 2014-04-02 13:35:25,612 (OutgoingProjectNegotiation.java:295) OPN [remote side: brede@saros-con.imp.fu-berlin.de/Saros] : stopping users [pascal.borchert.games, brede]
DEBUG 2014-04-02 13:35:25,612 (StopManager.java:348) Waiting for acknowledgment [brede@saros-con.imp.fu-berlin.de/Saros] 
DEBUG 2014-04-02 13:35:25,612 (ActivitySequencer.java:529) send (001) [brede@saros-con.imp.fu-berlin.de/Saros] [StopActivityDO(id: 1335256127840681959284520972, type: LOCKREQUEST, state: INITIATED, initiator: pascal.borchert.games@googlemail.com/SarosFBAE41FB, affected user: brede@saros-con.imp.fu-berlin.de/Saros, src: pascal.borchert.games@googlemail.com/SarosFBAE41FB)]
DEBUG 2014-04-02 13:35:25,612 (EditorManager.java:1836) Lock all editors
DEBUG 2014-04-02 13:35:25,612 (StopManager.java:242) added StartHandle (pascal.borchert.games, 1335256128360112008162667686, startable) to resulting handles.
DEBUG 2014-04-02 13:35:25,878 (ActivitySequencer.java:586) rcvd (001) brede@saros-con.imp.fu-berlin.de/Saros: [StopActivityDO(id: 1335256127840681959284520972, type: LOCKREQUEST, state: ACKNOWLEDGED, initiator: pascal.borchert.games@googlemail.com/SarosFBAE41FB, affected user: brede@saros-con.imp.fu-berlin.de/Saros, src: brede@saros-con.imp.fu-berlin.de/Saros)]
DEBUG 2014-04-02 13:35:25,878 (StopManager.java:367) Acknowledgment arrived [brede@saros-con.imp.fu-berlin.de/Saros] 
DEBUG 2014-04-02 13:35:25,878 (StopManager.java:242) added StartHandle (brede, 1335256127840681959284520972, startable) to resulting handles.
INFO  2014-04-02 13:35:25,909 (SarosSession.java:466) user brede started queuing projects and can receive IResourceActivities
DEBUG 2014-04-02 13:35:25,909 (OutgoingProjectNegotiation.java:341) OPN [remote side: brede@saros-con.imp.fu-berlin.de/Saros] : creating archive(s)
DEBUG 2014-04-02 13:35:25,909 (EditorManager.java:1452) .saveText File KontoImpl.java does not need to be saved
DEBUG 2014-04-02 13:35:25,909 (EditorManager.java:1452) .saveText File MonitorImpl.java does not need to be saved
DEBUG 2014-04-02 13:35:25,909 (EditorManager.java:1452) .saveText File BankImpl.java does not need to be saved
DEBUG 2014-04-02 13:35:25,909 (EditorManager.java:1452) .saveText File ShutdownT.java does not need to be saved
DEBUG 2014-04-02 13:35:25,909 (EditorManager.java:1452) .saveText File SendMessage.java does not need to be saved
DEBUG 2014-04-02 13:35:25,909 (EditorManager.java:1452) .saveText File Server.java does not need to be saved
DEBUG 2014-04-02 13:35:25,909 (EditorManager.java:1452) .saveText File MonitorClient.java does not need to be saved
DEBUG 2014-04-02 13:35:25,909 (EditorManager.java:1452) .saveText File Client.java does not need to be saved
DEBUG 2014-04-02 13:35:25,956 (FileZipper.java:200) created archive C:\Users\Pascal\AppData\Local\Temp\1673737387&&&&1623965438301480157.zip I/O: [22,2 kB in < 1 s at 1,4 MB/s]
DEBUG 2014-04-02 13:35:25,987 (FileZipper.java:200) created archive C:\Users\Pascal\AppData\Local\Temp\1546232304&&&&3924994641361641538.zip I/O: [26,2 kB in < 1 s at 1,7 MB/s]
DEBUG 2014-04-02 13:35:26,003 (FileZipper.java:200) created archive C:\Users\Pascal\AppData\Local\Temp\1956566174&&&&1978603435320921056.zip I/O: [28,9 kB in < 1 s at 1,8 MB/s]
DEBUG 2014-04-02 13:35:26,018 (OutgoingProjectNegotiation.java:326) OPN [remote side: brede@saros-con.imp.fu-berlin.de/Saros] : restarting user [pascal.borchert.games@googlemail.com/SarosFBAE41FB] 
DEBUG 2014-04-02 13:35:26,018 (StartHandle.java:60) Called start on pascal.borchert.games
DEBUG 2014-04-02 13:35:26,018 (StopManager.java:412) StartHandle (pascal.borchert.games, 1335256128360112008162667686, not startable) couldn't be removed because it doesn't exist any more.
DEBUG 2014-04-02 13:35:26,018 (EditorManager.java:1838) Unlock all editors
DEBUG 2014-04-02 13:35:26,018 (OutgoingProjectNegotiation.java:326) OPN [remote side: brede@saros-con.imp.fu-berlin.de/Saros] : restarting user [brede@saros-con.imp.fu-berlin.de/Saros] 
DEBUG 2014-04-02 13:35:26,018 (StartHandle.java:60) Called start on brede
DEBUG 2014-04-02 13:35:26,018 (ActivitySequencer.java:529) send (001) [brede@saros-con.imp.fu-berlin.de/Saros] [StopActivityDO(id: 1335256127840681959284520972, type: UNLOCKREQUEST, state: INITIATED, initiator: pascal.borchert.games@googlemail.com/SarosFBAE41FB, affected user: brede@saros-con.imp.fu-berlin.de/Saros, src: pascal.borchert.games@googlemail.com/SarosFBAE41FB)]
DEBUG 2014-04-02 13:35:26,018 (FileZipper.java:200) created archive C:\Users\Pascal\AppData\Local\Temp\SarosSyncArchive8716233566117122087.zip I/O: [77,8 kB in < 1 ms at 77,8 MB/s]
DEBUG 2014-04-02 13:35:26,018 (OutgoingProjectNegotiation.java:432) OPN [remote side: brede@saros-con.imp.fu-berlin.de/Saros] : sending archive
DEBUG 2014-04-02 13:35:26,065 (ActivitySequencer.java:586) rcvd (001) brede@saros-con.imp.fu-berlin.de/Saros: [StopActivityDO(id: 1335256127840681959284520972, type: UNLOCKREQUEST, state: ACKNOWLEDGED, initiator: pascal.borchert.games@googlemail.com/SarosFBAE41FB, affected user: brede@saros-con.imp.fu-berlin.de/Saros, src: brede@saros-con.imp.fu-berlin.de/Saros)]
DEBUG 2014-04-02 13:35:27,456 (OutgoingProjectNegotiation.java:449) OPN [remote side: brede@saros-con.imp.fu-berlin.de/Saros] : archive send
INFO  2014-04-02 13:35:27,456 (SarosSession.java:486) user brede now has Projects and can process IResourceActivities
DEBUG 2014-04-02 13:35:27,456 (ActivitySequencer.java:529) send (001) [brede@saros-con.imp.fu-berlin.de/Saros] [EditorActivityDO(type: ACTIVATED, path: SPathDataObject [editorType=txt, path=src/server/KontoImpl.java, projectID=1956566174])]
DEBUG 2014-04-02 13:35:27,456 (ActivitySequencer.java:529) send (010) [brede@saros-con.imp.fu-berlin.de/Saros] [EditorActivityDO(type: ACTIVATED, path: SPathDataObject [editorType=txt, path=src/monitor/MonitorImpl.java, projectID=1546232304]), EditorActivityDO(type: ACTIVATED, path: SPathDataObject [editorType=txt, path=src/server/BankImpl.java, projectID=1956566174]), EditorActivityDO(type: ACTIVATED, path: SPathDataObject [editorType=txt, path=src/server/ShutdownT.java, projectID=1956566174]), EditorActivityDO(type: ACTIVATED, path: SPathDataObject [editorType=txt, path=src/server/SendMessage.java, projectID=1956566174]), EditorActivityDO(type: ACTIVATED, path: SPathDataObject [editorType=txt, path=src/server/Server.java, projectID=1956566174]), EditorActivityDO(type: ACTIVATED, path: SPathDataObject [editorType=txt, path=src/monitor/MonitorClient.java, projectID=1546232304]), EditorActivityDO(type: ACTIVATED, path: SPathDataObject [editorType=txt, path=src/client/Client.java, projectID=1673737387]), EditorActivityDO(type: ACTIVATED, path: SPathDataObject [editorType=txt, path=src/server/Server.java, projectID=1956566174]), ViewportActivityDO(path:SPathDataObject [editorType=txt, path=src/server/Server.java, projectID=1956566174], range: (45,62)), TextSelectionActivityDO(offset: 2105, length:0, src: pascal.borchert.games@googlemail.com/SarosFBAE41FB, path: SPathDataObject [editorType=txt, path=src/server/Server.java, projectID=1956566174])]
DEBUG 2014-04-02 13:35:27,456 (CancelableProcess.java:321) process OPN [remote side: brede@saros-con.imp.fu-berlin.de/Saros] exit status: OK
DEBUG 2014-04-02 13:35:27,565 (ActivitySequencer.java:586) rcvd (001) brede@saros-con.imp.fu-berlin.de/Saros: [EditorActivityDO(type: ACTIVATED, path: null)]
WARN  2014-04-02 13:35:41,801 (DiscoveryManager.java:445) Service Discovery failed on recipient gabrielwilde@gmail.com/MessagingAe01cc205 server: xmpp.l.google.com
No response from the server.: 
	at org.jivesoftware.smackx.ServiceDiscoveryManager.discoverInfo(ServiceDiscoveryManager.java:554)
	at org.jivesoftware.smackx.ServiceDiscoveryManager.discoverInfo(ServiceDiscoveryManager.java:512)
	at de.fu_berlin.inf.dpp.net.discoverymanager.DiscoveryManager.performServiceDiscovery(DiscoveryManager.java:442)
	at de.fu_berlin.inf.dpp.net.discoverymanager.DiscoveryManager.queryFeatureSupport(DiscoveryManager.java:379)
	at de.fu_berlin.inf.dpp.net.discoverymanager.DiscoveryManager.access$3(DiscoveryManager.java:346)
	at de.fu_berlin.inf.dpp.net.discoverymanager.DiscoveryManager$2.run(DiscoveryManager.java:325)
	at de.fu_berlin.inf.dpp.util.Utils$2.run(Utils.java:175)
	at java.util.concurrent.ThreadPoolExecutor.runWorker(Unknown Source)
	at java.util.concurrent.ThreadPoolExecutor$Worker.run(Unknown Source)
	at java.lang.Thread.run(Unknown Source)
ERROR 2014-04-02 13:35:43,124 (Socks5Transport.java:352) [SOCKS5] Wrapping bidirectional stream timed out in Request! Shouldn't have happened.
ERROR 2014-04-02 13:35:48,197 (Socks5Transport.java:352) [SOCKS5] Wrapping bidirectional stream timed out in Request! Shouldn't have happened.
WARN  2014-04-02 13:36:11,807 (DiscoveryManager.java:445) Service Discovery failed on recipient gabrielwilde@gmail.com/MessagingAe01cc205 server: xmpp.l.google.com
No response from the server.: 
	at org.jivesoftware.smackx.ServiceDiscoveryManager.discoverInfo(ServiceDiscoveryManager.java:554)
	at org.jivesoftware.smackx.ServiceDiscoveryManager.discoverInfo(ServiceDiscoveryManager.java:512)
	at de.fu_berlin.inf.dpp.net.discoverymanager.DiscoveryManager.performServiceDiscovery(DiscoveryManager.java:442)
	at de.fu_berlin.inf.dpp.net.discoverymanager.DiscoveryManager.queryFeatureSupport(DiscoveryManager.java:379)
	at de.fu_berlin.inf.dpp.net.discoverymanager.DiscoveryManager.access$3(DiscoveryManager.java:346)
	at de.fu_berlin.inf.dpp.net.discoverymanager.DiscoveryManager$2.run(DiscoveryManager.java:325)
	at de.fu_berlin.inf.dpp.util.Utils$2.run(Utils.java:175)
	at java.util.concurrent.ThreadPoolExecutor.runWorker(Unknown Source)
	at java.util.concurrent.ThreadPoolExecutor$Worker.run(Unknown Source)
	at java.lang.Thread.run(Unknown Source)
DEBUG 2014-04-02 13:36:30,464 (ActivitySequencer.java:529) send (002) [brede@saros-con.imp.fu-berlin.de/Saros] [EditorActivityDO(type: ACTIVATED, path: SPathDataObject [editorType=txt, path=src/server/Server.java, projectID=1956566174]), TextSelectionActivityDO(offset: 2105, length:0, src: pascal.borchert.games@googlemail.com/SarosFBAE41FB, path: SPathDataObject [editorType=txt, path=src/server/Server.java, projectID=1956566174])]
DEBUG 2014-04-02 13:36:30,479 (ActivitySequencer.java:529) send (002) [brede@saros-con.imp.fu-berlin.de/Saros] [ViewportActivityDO(path:SPathDataObject [editorType=txt, path=src/server/Server.java, projectID=1956566174], range: (45,62)), TextSelectionActivityDO(offset: 2316, length:0, src: pascal.borchert.games@googlemail.com/SarosFBAE41FB, path: SPathDataObject [editorType=txt, path=src/server/Server.java, projectID=1956566174])]
WARN  2014-04-02 13:36:41,820 (DiscoveryManager.java:445) Service Discovery failed on recipient gabrielwilde@gmail.com/MessagingAe01cc205 server: xmpp.l.google.com
No response from the server.: 
	at org.jivesoftware.smackx.ServiceDiscoveryManager.discoverInfo(ServiceDiscoveryManager.java:554)
	at org.jivesoftware.smackx.ServiceDiscoveryManager.discoverInfo(ServiceDiscoveryManager.java:512)
	at de.fu_berlin.inf.dpp.net.discoverymanager.DiscoveryManager.performServiceDiscovery(DiscoveryManager.java:442)
	at de.fu_berlin.inf.dpp.net.discoverymanager.DiscoveryManager.queryFeatureSupport(DiscoveryManager.java:379)
	at de.fu_berlin.inf.dpp.net.discoverymanager.DiscoveryManager.access$3(DiscoveryManager.java:346)
	at de.fu_berlin.inf.dpp.net.discoverymanager.DiscoveryManager$2.run(DiscoveryManager.java:325)
	at de.fu_berlin.inf.dpp.util.Utils$2.run(Utils.java:175)
	at java.util.concurrent.ThreadPoolExecutor.runWorker(Unknown Source)
	at java.util.concurrent.ThreadPoolExecutor$Worker.run(Unknown Source)
	at java.lang.Thread.run(Unknown Source)
WARN  2014-04-02 13:37:11,824 (DiscoveryManager.java:445) Service Discovery failed on recipient gabrielwilde@gmail.com/MessagingAe01cc205 server: xmpp.l.google.com
No response from the server.: 
	at org.jivesoftware.smackx.ServiceDiscoveryManager.discoverInfo(ServiceDiscoveryManager.java:554)
	at org.jivesoftware.smackx.ServiceDiscoveryManager.discoverInfo(ServiceDiscoveryManager.java:512)
	at de.fu_berlin.inf.dpp.net.discoverymanager.DiscoveryManager.performServiceDiscovery(DiscoveryManager.java:442)
	at de.fu_berlin.inf.dpp.net.discoverymanager.DiscoveryManager.queryFeatureSupport(DiscoveryManager.java:379)
	at de.fu_berlin.inf.dpp.net.discoverymanager.DiscoveryManager.access$3(DiscoveryManager.java:346)
	at de.fu_berlin.inf.dpp.net.discoverymanager.DiscoveryManager$2.run(DiscoveryManager.java:325)
	at de.fu_berlin.inf.dpp.util.Utils$2.run(Utils.java:175)
	at java.util.concurrent.ThreadPoolExecutor.runWorker(Unknown Source)
	at java.util.concurrent.ThreadPoolExecutor$Worker.run(Unknown Source)
	at java.lang.Thread.run(Unknown Source)
WARN  2014-04-02 13:37:41,840 (DiscoveryManager.java:445) Service Discovery failed on recipient gabrielwilde@gmail.com/MessagingAe01cc205 server: xmpp.l.google.com
No response from the server.: 
	at org.jivesoftware.smackx.ServiceDiscoveryManager.discoverInfo(ServiceDiscoveryManager.java:554)
	at org.jivesoftware.smackx.ServiceDiscoveryManager.discoverInfo(ServiceDiscoveryManager.java:512)
	at de.fu_berlin.inf.dpp.net.discoverymanager.DiscoveryManager.performServiceDiscovery(DiscoveryManager.java:442)
	at de.fu_berlin.inf.dpp.net.discoverymanager.DiscoveryManager.queryFeatureSupport(DiscoveryManager.java:379)
	at de.fu_berlin.inf.dpp.net.discoverymanager.DiscoveryManager.access$3(DiscoveryManager.java:346)
	at de.fu_berlin.inf.dpp.net.discoverymanager.DiscoveryManager$2.run(DiscoveryManager.java:325)
	at de.fu_berlin.inf.dpp.util.Utils$2.run(Utils.java:175)
	at java.util.concurrent.ThreadPoolExecutor.runWorker(Unknown Source)
	at java.util.concurrent.ThreadPoolExecutor$Worker.run(Unknown Source)
	at java.lang.Thread.run(Unknown Source)
WARN  2014-04-02 13:38:11,856 (DiscoveryManager.java:445) Service Discovery failed on recipient gabrielwilde@gmail.com/MessagingAe01cc205 server: xmpp.l.google.com
No response from the server.: 
	at org.jivesoftware.smackx.ServiceDiscoveryManager.discoverInfo(ServiceDiscoveryManager.java:554)
	at org.jivesoftware.smackx.ServiceDiscoveryManager.discoverInfo(ServiceDiscoveryManager.java:512)
	at de.fu_berlin.inf.dpp.net.discoverymanager.DiscoveryManager.performServiceDiscovery(DiscoveryManager.java:442)
	at de.fu_berlin.inf.dpp.net.discoverymanager.DiscoveryManager.queryFeatureSupport(DiscoveryManager.java:379)
	at de.fu_berlin.inf.dpp.net.discoverymanager.DiscoveryManager.access$3(DiscoveryManager.java:346)
	at de.fu_berlin.inf.dpp.net.discoverymanager.DiscoveryManager$2.run(DiscoveryManager.java:325)
	at de.fu_berlin.inf.dpp.util.Utils$2.run(Utils.java:175)
	at java.util.concurrent.ThreadPoolExecutor.runWorker(Unknown Source)
	at java.util.concurrent.ThreadPoolExecutor$Worker.run(Unknown Source)
	at java.lang.Thread.run(Unknown Source)
WARN  2014-04-02 13:38:41,872 (DiscoveryManager.java:445) Service Discovery failed on recipient gabrielwilde@gmail.com/MessagingAe01cc205 server: xmpp.l.google.com
No response from the server.: 
	at org.jivesoftware.smackx.ServiceDiscoveryManager.discoverInfo(ServiceDiscoveryManager.java:554)
	at org.jivesoftware.smackx.ServiceDiscoveryManager.discoverInfo(ServiceDiscoveryManager.java:512)
	at de.fu_berlin.inf.dpp.net.discoverymanager.DiscoveryManager.performServiceDiscovery(DiscoveryManager.java:442)
	at de.fu_berlin.inf.dpp.net.discoverymanager.DiscoveryManager.queryFeatureSupport(DiscoveryManager.java:379)
	at de.fu_berlin.inf.dpp.net.discoverymanager.DiscoveryManager.access$3(DiscoveryManager.java:346)
	at de.fu_berlin.inf.dpp.net.discoverymanager.DiscoveryManager$2.run(DiscoveryManager.java:325)
	at de.fu_berlin.inf.dpp.util.Utils$2.run(Utils.java:175)
	at java.util.concurrent.ThreadPoolExecutor.runWorker(Unknown Source)
	at java.util.concurrent.ThreadPoolExecutor$Worker.run(Unknown Source)
	at java.lang.Thread.run(Unknown Source)
WARN  2014-04-02 13:39:11,888 (DiscoveryManager.java:445) Service Discovery failed on recipient gabrielwilde@gmail.com/MessagingAe01cc205 server: xmpp.l.google.com
No response from the server.: 
	at org.jivesoftware.smackx.ServiceDiscoveryManager.discoverInfo(ServiceDiscoveryManager.java:554)
	at org.jivesoftware.smackx.ServiceDiscoveryManager.discoverInfo(ServiceDiscoveryManager.java:512)
	at de.fu_berlin.inf.dpp.net.discoverymanager.DiscoveryManager.performServiceDiscovery(DiscoveryManager.java:442)
	at de.fu_berlin.inf.dpp.net.discoverymanager.DiscoveryManager.queryFeatureSupport(DiscoveryManager.java:379)
	at de.fu_berlin.inf.dpp.net.discoverymanager.DiscoveryManager.access$3(DiscoveryManager.java:346)
	at de.fu_berlin.inf.dpp.net.discoverymanager.DiscoveryManager$2.run(DiscoveryManager.java:325)
	at de.fu_berlin.inf.dpp.util.Utils$2.run(Utils.java:175)
	at java.util.concurrent.ThreadPoolExecutor.runWorker(Unknown Source)
	at java.util.concurrent.ThreadPoolExecutor$Worker.run(Unknown Source)
	at java.lang.Thread.run(Unknown Source)
WARN  2014-04-02 13:39:41,904 (DiscoveryManager.java:445) Service Discovery failed on recipient gabrielwilde@gmail.com/MessagingAe01cc205 server: xmpp.l.google.com
No response from the server.: 
	at org.jivesoftware.smackx.ServiceDiscoveryManager.discoverInfo(ServiceDiscoveryManager.java:554)
	at org.jivesoftware.smackx.ServiceDiscoveryManager.discoverInfo(ServiceDiscoveryManager.java:512)
	at de.fu_berlin.inf.dpp.net.discoverymanager.DiscoveryManager.performServiceDiscovery(DiscoveryManager.java:442)
	at de.fu_berlin.inf.dpp.net.discoverymanager.DiscoveryManager.queryFeatureSupport(DiscoveryManager.java:379)
	at de.fu_berlin.inf.dpp.net.discoverymanager.DiscoveryManager.access$3(DiscoveryManager.java:346)
	at de.fu_berlin.inf.dpp.net.discoverymanager.DiscoveryManager$2.run(DiscoveryManager.java:325)
	at de.fu_berlin.inf.dpp.util.Utils$2.run(Utils.java:175)
	at java.util.concurrent.ThreadPoolExecutor.runWorker(Unknown Source)
	at java.util.concurrent.ThreadPoolExecutor$Worker.run(Unknown Source)
	at java.lang.Thread.run(Unknown Source)
WARN  2014-04-02 13:40:11,907 (DiscoveryManager.java:445) Service Discovery failed on recipient gabrielwilde@gmail.com/MessagingAe01cc205 server: xmpp.l.google.com
No response from the server.: 
	at org.jivesoftware.smackx.ServiceDiscoveryManager.discoverInfo(ServiceDiscoveryManager.java:554)
	at org.jivesoftware.smackx.ServiceDiscoveryManager.discoverInfo(ServiceDiscoveryManager.java:512)
	at de.fu_berlin.inf.dpp.net.discoverymanager.DiscoveryManager.performServiceDiscovery(DiscoveryManager.java:442)
	at de.fu_berlin.inf.dpp.net.discoverymanager.DiscoveryManager.queryFeatureSupport(DiscoveryManager.java:379)
	at de.fu_berlin.inf.dpp.net.discoverymanager.DiscoveryManager.access$3(DiscoveryManager.java:346)
	at de.fu_berlin.inf.dpp.net.discoverymanager.DiscoveryManager$2.run(DiscoveryManager.java:325)
	at de.fu_berlin.inf.dpp.util.Utils$2.run(Utils.java:175)
	at java.util.concurrent.ThreadPoolExecutor.runWorker(Unknown Source)
	at java.util.concurrent.ThreadPoolExecutor$Worker.run(Unknown Source)
	at java.lang.Thread.run(Unknown Source)
WARN  2014-04-02 13:40:41,912 (DiscoveryManager.java:445) Service Discovery failed on recipient gabrielwilde@gmail.com/MessagingAe01cc205 server: xmpp.l.google.com
No response from the server.: 
	at org.jivesoftware.smackx.ServiceDiscoveryManager.discoverInfo(ServiceDiscoveryManager.java:554)
	at org.jivesoftware.smackx.ServiceDiscoveryManager.discoverInfo(ServiceDiscoveryManager.java:512)
	at de.fu_berlin.inf.dpp.net.discoverymanager.DiscoveryManager.performServiceDiscovery(DiscoveryManager.java:442)
	at de.fu_berlin.inf.dpp.net.discoverymanager.DiscoveryManager.queryFeatureSupport(DiscoveryManager.java:379)
	at de.fu_berlin.inf.dpp.net.discoverymanager.DiscoveryManager.access$3(DiscoveryManager.java:346)
	at de.fu_berlin.inf.dpp.net.discoverymanager.DiscoveryManager$2.run(DiscoveryManager.java:325)
	at de.fu_berlin.inf.dpp.util.Utils$2.run(Utils.java:175)
	at java.util.concurrent.ThreadPoolExecutor.runWorker(Unknown Source)
	at java.util.concurrent.ThreadPoolExecutor$Worker.run(Unknown Source)
	at java.lang.Thread.run(Unknown Source)
DEBUG 2014-04-02 13:40:43,021 (BinaryChannelConnection.java:98) SOCKS5 (direct) [brede@saros-con.imp.fu-berlin.de/Saros]  connection closed remotely:no stream data available
DEBUG 2014-04-02 13:40:43,021 (ChangeColorManager.java:254) reassigning color IDs for the current session users
DEBUG 2014-04-02 13:40:43,021 (ChangeColorManager.java:288) color conflict resolve result = NO CONFLICT
DEBUG 2014-04-02 13:40:43,021 (ChangeColorManager.java:347) new color assignment: {pascal.borchert.games=2}
DEBUG 2014-04-02 13:40:43,021 (ChangeColorManager.java:566) updating color id set: [pascal.borchert.games@googlemail.com/SarosA255DAF3]
INFO  2014-04-02 13:40:43,021 (ParticipantCollector.java:80) [brede@saros-con.imp.fu-berlin.de/Saros] left - session now contains 1 users
DEBUG 2014-04-02 13:40:43,037 (BinaryChannelConnection.java:98) SOCKS5 (direct) [brede@saros-con.imp.fu-berlin.de/Saros]  connection closed remotely:no stream data available
DEBUG 2014-04-02 13:40:43,146 (DiscoveryManager.java:98) clearing cache entry of contact brede@saros-con.imp.fu-berlin.de/Saros: <query xmlns="http://jabber.org/protocol/disco#info"><identity category="client" name="Smack" type="pc"/><feature var="http://jabber.org/protocol/commands"/><feature var="http://jabber.org/protocol/muc"/><feature var="http://jabber.org/protocol/xhtml-im"/><feature var="de.fu_berlin.inf.dpp"/><feature var="http://jabber.org/protocol/disco#items"/><feature var="jabber:iq:last"/><feature var="http://jabber.org/protocol/chatstates"/><feature var="urn:xmpp:ping"/><feature var="http://jabber.org/protocol/bytestreams"/><feature var="http://jabber.org/protocol/disco#info"/></query>
INFO  2014-04-02 13:40:47,318 (SarosSession.java:559) user [brede@saros-con.imp.fu-berlin.de/Saros]  left session
DEBUG 2014-04-02 13:40:47,333 (SarosSessionManager.java:332) terminating all running negotiation processes
WARN  2014-04-02 13:40:47,333 (NullSarosSession.java:64) unexpected method call
DEBUG 2014-04-02 13:40:47,333 (SarosSessionManager.java:339) Leave message sent.
WARN  2014-04-02 13:40:47,333 (NullSarosSession.java:64) unexpected method call
DEBUG 2014-04-02 13:40:47,333 (ActivityHandler.java:112) activity dispatcher stopped
DEBUG 2014-04-02 13:40:47,333 (FollowModeCollector.java:177) Processing follow mode changes took 0.0 s
INFO  2014-04-02 13:40:47,333 (FeedbackManager.java:105) Session lasted 5 min 40 s
INFO  2014-04-02 13:40:47,333 (FeedbackManager.java:120) Sessions until next survey: 4
INFO  2014-04-02 13:40:47,333 (ParticipantCollector.java:149) Session ended: Current number of participants: 1
DEBUG 2014-04-02 13:40:47,365 (StatisticManager.java:330) Session statistic:
  auto.followmode.enabled=false
  data_transfer.SOCKS5 (direct).average_throughput_kbs=76.8
  data_transfer.SOCKS5 (direct).number_of_events=123
  data_transfer.SOCKS5 (direct).total_size_kb=33
  data_transfer.SOCKS5 (direct).total_time_ms=438
  eclipse.version=3.9.100.v20131218-1515
  feedback.disabled=false
  feedback.survey.interval=5
  followmode.time.percent=0
  followmode.time.total=0.0
  followmode.toggles=0
  gesture.count=0
  java.version=1.8.0
  jumped.count=0
  jumped.driver.count=0
  jumped.observer.count=0
  observer.selection.count.witnessed=0
  observer.selection.count=0
  os.name=Windows 8.1
  random.user.id=2014-03-28_12-35-18_513098426
  role.1.duration=5.68
  role.1=write_access
  role.changes=0
  role.driver.duration=5.68
  role.driver.percent=100
  role.observer.duration=0.0
  role.observer.percent=0
  saros.version=13.12.6
  session.count=10
  session.id=335961051
  session.local.start=2014-04-02T11:40:47Z
  session.shared.project.complete.count=3
  session.shared.project.partial.count=0
  session.shared.project.partial.files.count=0
  session.time.users.1.percent=4
  session.time.users.1=0.24
  session.time.users.2.percent=96
  session.time.users.2=5.44
  session.time=5.68
  session.users.total=2
  textedits.chars=0
  textedits.count=0
  textedits.nonparallel.chars=0
  textedits.nonparallel.percent=0
  textedits.pastes.chars=0
  textedits.pastes=0
  user.is.host=true
  voip.session.count=0
  voip.time.percent=0
  voip.time.total=0.0
INFO  2014-04-02 13:40:47,365 (StatisticManager.java:244) User does not allow to submit session statistics
DEBUG 2014-04-02 13:40:47,365 (EditorManager.java:1838) Unlock all editors
DEBUG 2014-04-02 13:40:47,365 (SharedProjectDecorator.java:92) clearing project decoration for all shared projects
INFO  2014-04-02 13:40:47,396 (SarosSessionManager.java:353) session stopped
WARN  2014-04-02 13:40:51,021 (NullSarosSession.java:64) unexpected method call
WARN  2014-04-02 13:40:51,021 (NullSarosSession.java:64) unexpected method call
WARN  2014-04-02 13:40:51,021 (NullSarosSession.java:64) unexpected method call
WARN  2014-04-02 13:40:54,084 (NullSarosSession.java:64) unexpected method call
WARN  2014-04-02 13:40:54,084 (NullSarosSession.java:64) unexpected method call
WARN  2014-04-02 13:40:54,365 (NullSarosSession.java:64) unexpected method call
WARN  2014-04-02 13:40:54,365 (NullSarosSession.java:64) unexpected method call
WARN  2014-04-02 13:41:11,924 (DiscoveryManager.java:445) Service Discovery failed on recipient gabrielwilde@gmail.com/MessagingAe01cc205 server: xmpp.l.google.com
No response from the server.: 
	at org.jivesoftware.smackx.ServiceDiscoveryManager.discoverInfo(ServiceDiscoveryManager.java:554)
	at org.jivesoftware.smackx.ServiceDiscoveryManager.discoverInfo(ServiceDiscoveryManager.java:512)
	at de.fu_berlin.inf.dpp.net.discoverymanager.DiscoveryManager.performServiceDiscovery(DiscoveryManager.java:442)
	at de.fu_berlin.inf.dpp.net.discoverymanager.DiscoveryManager.queryFeatureSupport(DiscoveryManager.java:379)
	at de.fu_berlin.inf.dpp.net.discoverymanager.DiscoveryManager.access$3(DiscoveryManager.java:346)
	at de.fu_berlin.inf.dpp.net.discoverymanager.DiscoveryManager$2.run(DiscoveryManager.java:325)
	at de.fu_berlin.inf.dpp.util.Utils$2.run(Utils.java:175)
	at java.util.concurrent.ThreadPoolExecutor.runWorker(Unknown Source)
	at java.util.concurrent.ThreadPoolExecutor$Worker.run(Unknown Source)
	at java.lang.Thread.run(Unknown Source)
WARN  2014-04-02 13:41:12,034 (NullSarosSession.java:64) unexpected method call
WARN  2014-04-02 13:41:12,034 (NullSarosSession.java:64) unexpected method call
WARN  2014-04-02 13:41:14,617 (NullSarosSession.java:64) unexpected method call
WARN  2014-04-02 13:41:14,617 (NullSarosSession.java:64) unexpected method call
WARN  2014-04-02 13:41:16,898 (NullSarosSession.java:64) unexpected method call
WARN  2014-04-02 13:41:16,898 (NullSarosSession.java:64) unexpected method call
WARN  2014-04-02 13:41:18,148 (NullSarosSession.java:64) unexpected method call
WARN  2014-04-02 13:41:18,148 (NullSarosSession.java:64) unexpected method call
WARN  2014-04-02 13:41:18,148 (NullSarosSession.java:64) unexpected method call
WARN  2014-04-02 13:41:18,148 (NullSarosSession.java:64) unexpected method call
WARN  2014-04-02 13:41:33,257 (NullSarosSession.java:64) unexpected method call
WARN  2014-04-02 13:41:41,934 (DiscoveryManager.java:445) Service Discovery failed on recipient gabrielwilde@gmail.com/MessagingAe01cc205 server: xmpp.l.google.com
No response from the server.: 
	at org.jivesoftware.smackx.ServiceDiscoveryManager.discoverInfo(ServiceDiscoveryManager.java:554)
	at org.jivesoftware.smackx.ServiceDiscoveryManager.discoverInfo(ServiceDiscoveryManager.java:512)
	at de.fu_berlin.inf.dpp.net.discoverymanager.DiscoveryManager.performServiceDiscovery(DiscoveryManager.java:442)
	at de.fu_berlin.inf.dpp.net.discoverymanager.DiscoveryManager.queryFeatureSupport(DiscoveryManager.java:379)
	at de.fu_berlin.inf.dpp.net.discoverymanager.DiscoveryManager.access$3(DiscoveryManager.java:346)
	at de.fu_berlin.inf.dpp.net.discoverymanager.DiscoveryManager$2.run(DiscoveryManager.java:325)
	at de.fu_berlin.inf.dpp.util.Utils$2.run(Utils.java:175)
	at java.util.concurrent.ThreadPoolExecutor.runWorker(Unknown Source)
	at java.util.concurrent.ThreadPoolExecutor$Worker.run(Unknown Source)
	at java.lang.Thread.run(Unknown Source)
WARN  2014-04-02 13:41:52,669 (NullSarosSession.java:64) unexpected method call
WARN  2014-04-02 13:41:59,591 (NullSarosSession.java:64) unexpected method call
WARN  2014-04-02 13:42:05,856 (NullSarosSession.java:64) unexpected method call
WARN  2014-04-02 13:42:05,856 (NullSarosSession.java:64) unexpected method call
WARN  2014-04-02 13:42:11,950 (DiscoveryManager.java:445) Service Discovery failed on recipient gabrielwilde@gmail.com/MessagingAe01cc205 server: xmpp.l.google.com
No response from the server.: 
	at org.jivesoftware.smackx.ServiceDiscoveryManager.discoverInfo(ServiceDiscoveryManager.java:554)
	at org.jivesoftware.smackx.ServiceDiscoveryManager.discoverInfo(ServiceDiscoveryManager.java:512)
	at de.fu_berlin.inf.dpp.net.discoverymanager.DiscoveryManager.performServiceDiscovery(DiscoveryManager.java:442)
	at de.fu_berlin.inf.dpp.net.discoverymanager.DiscoveryManager.queryFeatureSupport(DiscoveryManager.java:379)
	at de.fu_berlin.inf.dpp.net.discoverymanager.DiscoveryManager.access$3(DiscoveryManager.java:346)
	at de.fu_berlin.inf.dpp.net.discoverymanager.DiscoveryManager$2.run(DiscoveryManager.java:325)
	at de.fu_berlin.inf.dpp.util.Utils$2.run(Utils.java:175)
	at java.util.concurrent.ThreadPoolExecutor.runWorker(Unknown Source)
	at java.util.concurrent.ThreadPoolExecutor$Worker.run(Unknown Source)
	at java.lang.Thread.run(Unknown Source)
WARN  2014-04-02 13:42:16,122 (NullSarosSession.java:64) unexpected method call
WARN  2014-04-02 13:42:16,122 (NullSarosSession.java:64) unexpected method call
WARN  2014-04-02 13:42:16,122 (NullSarosSession.java:64) unexpected method call
WARN  2014-04-02 13:42:16,122 (NullSarosSession.java:64) unexpected method call
WARN  2014-04-02 13:42:26,395 (NullSarosSession.java:64) unexpected method call
WARN  2014-04-02 13:42:26,395 (NullSarosSession.java:64) unexpected method call
WARN  2014-04-02 13:42:38,020 (NullSarosSession.java:64) unexpected method call
WARN  2014-04-02 13:42:38,020 (NullSarosSession.java:64) unexpected method call
WARN  2014-04-02 13:42:38,020 (NullSarosSession.java:64) unexpected method call
WARN  2014-04-02 13:42:38,020 (NullSarosSession.java:64) unexpected method call
WARN  2014-04-02 13:42:39,734 (NullSarosSession.java:64) unexpected method call
WARN  2014-04-02 13:42:39,734 (NullSarosSession.java:64) unexpected method call
WARN  2014-04-02 13:42:39,734 (NullSarosSession.java:64) unexpected method call
WARN  2014-04-02 13:42:41,953 (DiscoveryManager.java:445) Service Discovery failed on recipient gabrielwilde@gmail.com/MessagingAe01cc205 server: xmpp.l.google.com
No response from the server.: 
	at org.jivesoftware.smackx.ServiceDiscoveryManager.discoverInfo(ServiceDiscoveryManager.java:554)
	at org.jivesoftware.smackx.ServiceDiscoveryManager.discoverInfo(ServiceDiscoveryManager.java:512)
	at de.fu_berlin.inf.dpp.net.discoverymanager.DiscoveryManager.performServiceDiscovery(DiscoveryManager.java:442)
	at de.fu_berlin.inf.dpp.net.discoverymanager.DiscoveryManager.queryFeatureSupport(DiscoveryManager.java:379)
	at de.fu_berlin.inf.dpp.net.discoverymanager.DiscoveryManager.access$3(DiscoveryManager.java:346)
	at de.fu_berlin.inf.dpp.net.discoverymanager.DiscoveryManager$2.run(DiscoveryManager.java:325)
	at de.fu_berlin.inf.dpp.util.Utils$2.run(Utils.java:175)
	at java.util.concurrent.ThreadPoolExecutor.runWorker(Unknown Source)
	at java.util.concurrent.ThreadPoolExecutor$Worker.run(Unknown Source)
	at java.lang.Thread.run(Unknown Source)
WARN  2014-04-02 13:42:52,223 (NullSarosSession.java:64) unexpected method call
WARN  2014-04-02 13:42:52,223 (NullSarosSession.java:64) unexpected method call
WARN  2014-04-02 13:43:11,961 (DiscoveryManager.java:445) Service Discovery failed on recipient gabrielwilde@gmail.com/MessagingAe01cc205 server: xmpp.l.google.com
No response from the server.: 
	at org.jivesoftware.smackx.ServiceDiscoveryManager.discoverInfo(ServiceDiscoveryManager.java:554)
	at org.jivesoftware.smackx.ServiceDiscoveryManager.discoverInfo(ServiceDiscoveryManager.java:512)
	at de.fu_berlin.inf.dpp.net.discoverymanager.DiscoveryManager.performServiceDiscovery(DiscoveryManager.java:442)
	at de.fu_berlin.inf.dpp.net.discoverymanager.DiscoveryManager.queryFeatureSupport(DiscoveryManager.java:379)
	at de.fu_berlin.inf.dpp.net.discoverymanager.DiscoveryManager.access$3(DiscoveryManager.java:346)
	at de.fu_berlin.inf.dpp.net.discoverymanager.DiscoveryManager$2.run(DiscoveryManager.java:325)
	at de.fu_berlin.inf.dpp.util.Utils$2.run(Utils.java:175)
	at java.util.concurrent.ThreadPoolExecutor.runWorker(Unknown Source)
	at java.util.concurrent.ThreadPoolExecutor$Worker.run(Unknown Source)
	at java.lang.Thread.run(Unknown Source)
WARN  2014-04-02 13:43:41,978 (DiscoveryManager.java:445) Service Discovery failed on recipient gabrielwilde@gmail.com/MessagingAe01cc205 server: xmpp.l.google.com
No response from the server.: 
	at org.jivesoftware.smackx.ServiceDiscoveryManager.discoverInfo(ServiceDiscoveryManager.java:554)
	at org.jivesoftware.smackx.ServiceDiscoveryManager.discoverInfo(ServiceDiscoveryManager.java:512)
	at de.fu_berlin.inf.dpp.net.discoverymanager.DiscoveryManager.performServiceDiscovery(DiscoveryManager.java:442)
	at de.fu_berlin.inf.dpp.net.discoverymanager.DiscoveryManager.queryFeatureSupport(DiscoveryManager.java:379)
	at de.fu_berlin.inf.dpp.net.discoverymanager.DiscoveryManager.access$3(DiscoveryManager.java:346)
	at de.fu_berlin.inf.dpp.net.discoverymanager.DiscoveryManager$2.run(DiscoveryManager.java:325)
	at de.fu_berlin.inf.dpp.util.Utils$2.run(Utils.java:175)
	at java.util.concurrent.ThreadPoolExecutor.runWorker(Unknown Source)
	at java.util.concurrent.ThreadPoolExecutor$Worker.run(Unknown Source)
	at java.lang.Thread.run(Unknown Source)
WARN  2014-04-02 13:44:06,469 (NullSarosSession.java:64) unexpected method call
WARN  2014-04-02 13:44:06,469 (NullSarosSession.java:64) unexpected method call
WARN  2014-04-02 13:44:09,422 (NullSarosSession.java:64) unexpected method call
WARN  2014-04-02 13:44:09,422 (NullSarosSession.java:64) unexpected method call
WARN  2014-04-02 13:44:11,234 (NullSarosSession.java:64) unexpected method call
WARN  2014-04-02 13:44:11,234 (NullSarosSession.java:64) unexpected method call
WARN  2014-04-02 13:44:11,234 (NullSarosSession.java:64) unexpected method call
WARN  2014-04-02 13:44:11,234 (NullSarosSession.java:64) unexpected method call
WARN  2014-04-02 13:44:11,984 (DiscoveryManager.java:445) Service Discovery failed on recipient gabrielwilde@gmail.com/MessagingAe01cc205 server: xmpp.l.google.com
No response from the server.: 
	at org.jivesoftware.smackx.ServiceDiscoveryManager.discoverInfo(ServiceDiscoveryManager.java:554)
	at org.jivesoftware.smackx.ServiceDiscoveryManager.discoverInfo(ServiceDiscoveryManager.java:512)
	at de.fu_berlin.inf.dpp.net.discoverymanager.DiscoveryManager.performServiceDiscovery(DiscoveryManager.java:442)
	at de.fu_berlin.inf.dpp.net.discoverymanager.DiscoveryManager.queryFeatureSupport(DiscoveryManager.java:379)
	at de.fu_berlin.inf.dpp.net.discoverymanager.DiscoveryManager.access$3(DiscoveryManager.java:346)
	at de.fu_berlin.inf.dpp.net.discoverymanager.DiscoveryManager$2.run(DiscoveryManager.java:325)
	at de.fu_berlin.inf.dpp.util.Utils$2.run(Utils.java:175)
	at java.util.concurrent.ThreadPoolExecutor.runWorker(Unknown Source)
	at java.util.concurrent.ThreadPoolExecutor$Worker.run(Unknown Source)
	at java.lang.Thread.run(Unknown Source)
WARN  2014-04-02 13:44:14,031 (NullSarosSession.java:64) unexpected method call
WARN  2014-04-02 13:44:16,768 (NullSarosSession.java:64) unexpected method call
WARN  2014-04-02 13:44:21,191 (NullSarosSession.java:64) unexpected method call
WARN  2014-04-02 13:44:21,191 (NullSarosSession.java:64) unexpected method call
WARN  2014-04-02 13:44:21,191 (NullSarosSession.java:64) unexpected method call
WARN  2014-04-02 13:44:33,752 (NullSarosSession.java:64) unexpected method call
WARN  2014-04-02 13:44:33,752 (NullSarosSession.java:64) unexpected method call
WARN  2014-04-02 13:44:33,971 (NullSarosSession.java:64) unexpected method call
WARN  2014-04-02 13:44:33,971 (NullSarosSession.java:64) unexpected method call
WARN  2014-04-02 13:44:36,393 (NullSarosSession.java:64) unexpected method call
WARN  2014-04-02 13:44:36,393 (NullSarosSession.java:64) unexpected method call
WARN  2014-04-02 13:44:36,627 (NullSarosSession.java:64) unexpected method call
WARN  2014-04-02 13:44:36,627 (NullSarosSession.java:64) unexpected method call
WARN  2014-04-02 13:44:41,987 (DiscoveryManager.java:445) Service Discovery failed on recipient gabrielwilde@gmail.com/MessagingAe01cc205 server: xmpp.l.google.com
No response from the server.: 
	at org.jivesoftware.smackx.ServiceDiscoveryManager.discoverInfo(ServiceDiscoveryManager.java:554)
	at org.jivesoftware.smackx.ServiceDiscoveryManager.discoverInfo(ServiceDiscoveryManager.java:512)
	at de.fu_berlin.inf.dpp.net.discoverymanager.DiscoveryManager.performServiceDiscovery(DiscoveryManager.java:442)
	at de.fu_berlin.inf.dpp.net.discoverymanager.DiscoveryManager.queryFeatureSupport(DiscoveryManager.java:379)
	at de.fu_berlin.inf.dpp.net.discoverymanager.DiscoveryManager.access$3(DiscoveryManager.java:346)
	at de.fu_berlin.inf.dpp.net.discoverymanager.DiscoveryManager$2.run(DiscoveryManager.java:325)
	at de.fu_berlin.inf.dpp.util.Utils$2.run(Utils.java:175)
	at java.util.concurrent.ThreadPoolExecutor.runWorker(Unknown Source)
	at java.util.concurrent.ThreadPoolExecutor$Worker.run(Unknown Source)
	at java.lang.Thread.run(Unknown Source)
WARN  2014-04-02 13:45:12,003 (DiscoveryManager.java:445) Service Discovery failed on recipient gabrielwilde@gmail.com/MessagingAe01cc205 server: xmpp.l.google.com
No response from the server.: 
	at org.jivesoftware.smackx.ServiceDiscoveryManager.discoverInfo(ServiceDiscoveryManager.java:554)
	at org.jivesoftware.smackx.ServiceDiscoveryManager.discoverInfo(ServiceDiscoveryManager.java:512)
	at de.fu_berlin.inf.dpp.net.discoverymanager.DiscoveryManager.performServiceDiscovery(DiscoveryManager.java:442)
	at de.fu_berlin.inf.dpp.net.discoverymanager.DiscoveryManager.queryFeatureSupport(DiscoveryManager.java:379)
	at de.fu_berlin.inf.dpp.net.discoverymanager.DiscoveryManager.access$3(DiscoveryManager.java:346)
	at de.fu_berlin.inf.dpp.net.discoverymanager.DiscoveryManager$2.run(DiscoveryManager.java:325)
	at de.fu_berlin.inf.dpp.util.Utils$2.run(Utils.java:175)
	at java.util.concurrent.ThreadPoolExecutor.runWorker(Unknown Source)
	at java.util.concurrent.ThreadPoolExecutor$Worker.run(Unknown Source)
	at java.lang.Thread.run(Unknown Source)
WARN  2014-04-02 13:45:14,237 (NullSarosSession.java:64) unexpected method call
WARN  2014-04-02 13:45:14,237 (NullSarosSession.java:64) unexpected method call
WARN  2014-04-02 13:45:35,722 (NullSarosSession.java:64) unexpected method call
WARN  2014-04-02 13:45:35,722 (NullSarosSession.java:64) unexpected method call
WARN  2014-04-02 13:45:41,316 (NullSarosSession.java:64) unexpected method call
WARN  2014-04-02 13:45:42,019 (DiscoveryManager.java:445) Service Discovery failed on recipient gabrielwilde@gmail.com/MessagingAe01cc205 server: xmpp.l.google.com
No response from the server.: 
	at org.jivesoftware.smackx.ServiceDiscoveryManager.discoverInfo(ServiceDiscoveryManager.java:554)
	at org.jivesoftware.smackx.ServiceDiscoveryManager.discoverInfo(ServiceDiscoveryManager.java:512)
	at de.fu_berlin.inf.dpp.net.discoverymanager.DiscoveryManager.performServiceDiscovery(DiscoveryManager.java:442)
	at de.fu_berlin.inf.dpp.net.discoverymanager.DiscoveryManager.queryFeatureSupport(DiscoveryManager.java:379)
	at de.fu_berlin.inf.dpp.net.discoverymanager.DiscoveryManager.access$3(DiscoveryManager.java:346)
	at de.fu_berlin.inf.dpp.net.discoverymanager.DiscoveryManager$2.run(DiscoveryManager.java:325)
	at de.fu_berlin.inf.dpp.util.Utils$2.run(Utils.java:175)
	at java.util.concurrent.ThreadPoolExecutor.runWorker(Unknown Source)
	at java.util.concurrent.ThreadPoolExecutor$Worker.run(Unknown Source)
	at java.lang.Thread.run(Unknown Source)
WARN  2014-04-02 13:45:43,175 (NullSarosSession.java:64) unexpected method call
WARN  2014-04-02 13:45:43,175 (NullSarosSession.java:64) unexpected method call
WARN  2014-04-02 13:45:44,363 (NullSarosSession.java:64) unexpected method call
WARN  2014-04-02 13:45:44,363 (NullSarosSession.java:64) unexpected method call
WARN  2014-04-02 13:45:44,363 (NullSarosSession.java:64) unexpected method call
WARN  2014-04-02 13:45:44,363 (NullSarosSession.java:64) unexpected method call
WARN  2014-04-02 13:45:46,276 (NullSarosSession.java:64) unexpected method call
WARN  2014-04-02 13:45:49,562 (NullSarosSession.java:64) unexpected method call
WARN  2014-04-02 13:45:49,562 (NullSarosSession.java:64) unexpected method call
WARN  2014-04-02 13:45:49,562 (NullSarosSession.java:64) unexpected method call
WARN  2014-04-02 13:45:55,468 (NullSarosSession.java:64) unexpected method call
WARN  2014-04-02 13:45:55,468 (NullSarosSession.java:64) unexpected method call
WARN  2014-04-02 13:46:12,033 (DiscoveryManager.java:445) Service Discovery failed on recipient gabrielwilde@gmail.com/MessagingAe01cc205 server: xmpp.l.google.com
No response from the server.: 
	at org.jivesoftware.smackx.ServiceDiscoveryManager.discoverInfo(ServiceDiscoveryManager.java:554)
	at org.jivesoftware.smackx.ServiceDiscoveryManager.discoverInfo(ServiceDiscoveryManager.java:512)
	at de.fu_berlin.inf.dpp.net.discoverymanager.DiscoveryManager.performServiceDiscovery(DiscoveryManager.java:442)
	at de.fu_berlin.inf.dpp.net.discoverymanager.DiscoveryManager.queryFeatureSupport(DiscoveryManager.java:379)
	at de.fu_berlin.inf.dpp.net.discoverymanager.DiscoveryManager.access$3(DiscoveryManager.java:346)
	at de.fu_berlin.inf.dpp.net.discoverymanager.DiscoveryManager$2.run(DiscoveryManager.java:325)
	at de.fu_berlin.inf.dpp.util.Utils$2.run(Utils.java:175)
	at java.util.concurrent.ThreadPoolExecutor.runWorker(Unknown Source)
	at java.util.concurrent.ThreadPoolExecutor$Worker.run(Unknown Source)
	at java.lang.Thread.run(Unknown Source)
WARN  2014-04-02 13:46:14,462 (NullSarosSession.java:64) unexpected method call
WARN  2014-04-02 13:46:14,462 (NullSarosSession.java:64) unexpected method call
WARN  2014-04-02 13:46:21,103 (NullSarosSession.java:64) unexpected method call
WARN  2014-04-02 13:46:21,103 (NullSarosSession.java:64) unexpected method call
WARN  2014-04-02 13:46:28,494 (NullSarosSession.java:64) unexpected method call
WARN  2014-04-02 13:46:28,494 (NullSarosSession.java:64) unexpected method call
WARN  2014-04-02 13:46:30,697 (NullSarosSession.java:64) unexpected method call
WARN  2014-04-02 13:46:30,697 (NullSarosSession.java:64) unexpected method call
WARN  2014-04-02 13:46:42,041 (DiscoveryManager.java:445) Service Discovery failed on recipient gabrielwilde@gmail.com/MessagingAe01cc205 server: xmpp.l.google.com
No response from the server.: 
	at org.jivesoftware.smackx.ServiceDiscoveryManager.discoverInfo(ServiceDiscoveryManager.java:554)
	at org.jivesoftware.smackx.ServiceDiscoveryManager.discoverInfo(ServiceDiscoveryManager.java:512)
	at de.fu_berlin.inf.dpp.net.discoverymanager.DiscoveryManager.performServiceDiscovery(DiscoveryManager.java:442)
	at de.fu_berlin.inf.dpp.net.discoverymanager.DiscoveryManager.queryFeatureSupport(DiscoveryManager.java:379)
	at de.fu_berlin.inf.dpp.net.discoverymanager.DiscoveryManager.access$3(DiscoveryManager.java:346)
	at de.fu_berlin.inf.dpp.net.discoverymanager.DiscoveryManager$2.run(DiscoveryManager.java:325)
	at de.fu_berlin.inf.dpp.util.Utils$2.run(Utils.java:175)
	at java.util.concurrent.ThreadPoolExecutor.runWorker(Unknown Source)
	at java.util.concurrent.ThreadPoolExecutor$Worker.run(Unknown Source)
	at java.lang.Thread.run(Unknown Source)
WARN  2014-04-02 13:47:03,322 (NullSarosSession.java:64) unexpected method call
WARN  2014-04-02 13:47:09,335 (NullSarosSession.java:64) unexpected method call
WARN  2014-04-02 13:47:12,053 (DiscoveryManager.java:445) Service Discovery failed on recipient gabrielwilde@gmail.com/MessagingAe01cc205 server: xmpp.l.google.com
No response from the server.: 
	at org.jivesoftware.smackx.ServiceDiscoveryManager.discoverInfo(ServiceDiscoveryManager.java:554)
	at org.jivesoftware.smackx.ServiceDiscoveryManager.discoverInfo(ServiceDiscoveryManager.java:512)
	at de.fu_berlin.inf.dpp.net.discoverymanager.DiscoveryManager.performServiceDiscovery(DiscoveryManager.java:442)
	at de.fu_berlin.inf.dpp.net.discoverymanager.DiscoveryManager.queryFeatureSupport(DiscoveryManager.java:379)
	at de.fu_berlin.inf.dpp.net.discoverymanager.DiscoveryManager.access$3(DiscoveryManager.java:346)
	at de.fu_berlin.inf.dpp.net.discoverymanager.DiscoveryManager$2.run(DiscoveryManager.java:325)
	at de.fu_berlin.inf.dpp.util.Utils$2.run(Utils.java:175)
	at java.util.concurrent.ThreadPoolExecutor.runWorker(Unknown Source)
	at java.util.concurrent.ThreadPoolExecutor$Worker.run(Unknown Source)
	at java.lang.Thread.run(Unknown Source)
WARN  2014-04-02 13:47:17,633 (NullSarosSession.java:64) unexpected method call
WARN  2014-04-02 13:47:17,633 (NullSarosSession.java:64) unexpected method call
WARN  2014-04-02 13:47:17,633 (NullSarosSession.java:64) unexpected method call
WARN  2014-04-02 13:47:18,883 (NullSarosSession.java:64) unexpected method call
WARN  2014-04-02 13:47:18,883 (NullSarosSession.java:64) unexpected method call
WARN  2014-04-02 13:47:22,696 (NullSarosSession.java:64) unexpected method call
WARN  2014-04-02 13:47:22,696 (NullSarosSession.java:64) unexpected method call
WARN  2014-04-02 13:47:24,586 (NullSarosSession.java:64) unexpected method call
WARN  2014-04-02 13:47:24,586 (NullSarosSession.java:64) unexpected method call
WARN  2014-04-02 13:49:41,858 (NullSarosSession.java:64) unexpected method call
WARN  2014-04-02 13:49:41,858 (NullSarosSession.java:64) unexpected method call
WARN  2014-04-02 13:49:59,680 (NullSarosSession.java:64) unexpected method call
WARN  2014-04-02 13:49:59,680 (NullSarosSession.java:64) unexpected method call
WARN  2014-04-02 13:50:45,275 (NullSarosSession.java:64) unexpected method call
WARN  2014-04-02 13:50:45,275 (NullSarosSession.java:64) unexpected method call
WARN  2014-04-02 13:50:45,525 (NullSarosSession.java:64) unexpected method call
WARN  2014-04-02 13:50:45,525 (NullSarosSession.java:64) unexpected method call
WARN  2014-04-02 13:51:09,509 (NullSarosSession.java:64) unexpected method call
WARN  2014-04-02 13:51:09,509 (NullSarosSession.java:64) unexpected method call
WARN  2014-04-02 13:51:14,041 (NullSarosSession.java:64) unexpected method call
WARN  2014-04-02 13:51:18,356 (NullSarosSession.java:64) unexpected method call
WARN  2014-04-02 13:51:59,419 (NullSarosSession.java:64) unexpected method call
WARN  2014-04-02 13:51:59,419 (NullSarosSession.java:64) unexpected method call
WARN  2014-04-02 13:51:59,419 (NullSarosSession.java:64) unexpected method call
WARN  2014-04-02 13:52:27,547 (NullSarosSession.java:64) unexpected method call
WARN  2014-04-02 13:52:27,547 (NullSarosSession.java:64) unexpected method call
WARN  2014-04-02 13:52:30,625 (NullSarosSession.java:64) unexpected method call
WARN  2014-04-02 13:52:30,625 (NullSarosSession.java:64) unexpected method call
WARN  2014-04-02 13:52:38,516 (NullSarosSession.java:64) unexpected method call
WARN  2014-04-02 13:52:38,516 (NullSarosSession.java:64) unexpected method call
WARN  2014-04-02 13:52:43,485 (NullSarosSession.java:64) unexpected method call
WARN  2014-04-02 13:52:48,274 (NullSarosSession.java:64) unexpected method call
WARN  2014-04-02 13:52:51,274 (NullSarosSession.java:64) unexpected method call
WARN  2014-04-02 13:52:51,274 (NullSarosSession.java:64) unexpected method call
WARN  2014-04-02 13:53:04,790 (NullSarosSession.java:64) unexpected method call
WARN  2014-04-02 13:53:04,790 (NullSarosSession.java:64) unexpected method call
WARN  2014-04-02 13:53:04,790 (NullSarosSession.java:64) unexpected method call
WARN  2014-04-02 13:53:04,790 (NullSarosSession.java:64) unexpected method call
WARN  2014-04-02 13:53:10,515 (NullSarosSession.java:64) unexpected method call
WARN  2014-04-02 13:53:10,515 (NullSarosSession.java:64) unexpected method call
WARN  2014-04-02 13:53:19,640 (NullSarosSession.java:64) unexpected method call
WARN  2014-04-02 13:53:19,640 (NullSarosSession.java:64) unexpected method call
WARN  2014-04-02 13:53:19,640 (NullSarosSession.java:64) unexpected method call
WARN  2014-04-02 13:53:19,640 (NullSarosSession.java:64) unexpected method call
WARN  2014-04-02 13:53:26,722 (NullSarosSession.java:64) unexpected method call
WARN  2014-04-02 13:53:26,722 (NullSarosSession.java:64) unexpected method call
WARN  2014-04-02 13:53:46,472 (NullSarosSession.java:64) unexpected method call
WARN  2014-04-02 13:53:46,472 (NullSarosSession.java:64) unexpected method call
WARN  2014-04-02 13:53:46,472 (NullSarosSession.java:64) unexpected method call
WARN  2014-04-02 13:53:46,472 (NullSarosSession.java:64) unexpected method call
WARN  2014-04-02 13:53:53,936 (NullSarosSession.java:64) unexpected method call
WARN  2014-04-02 13:53:53,936 (NullSarosSession.java:64) unexpected method call
WARN  2014-04-02 13:54:08,123 (NullSarosSession.java:64) unexpected method call
WARN  2014-04-02 13:54:08,123 (NullSarosSession.java:64) unexpected method call
WARN  2014-04-02 13:54:08,123 (NullSarosSession.java:64) unexpected method call
WARN  2014-04-02 13:54:08,123 (NullSarosSession.java:64) unexpected method call
WARN  2014-04-02 13:54:09,187 (NullSarosSession.java:64) unexpected method call
WARN  2014-04-02 13:54:09,187 (NullSarosSession.java:64) unexpected method call
WARN  2014-04-02 13:54:09,187 (NullSarosSession.java:64) unexpected method call
WARN  2014-04-02 13:54:23,592 (NullSarosSession.java:64) unexpected method call
WARN  2014-04-02 13:54:23,592 (NullSarosSession.java:64) unexpected method call
WARN  2014-04-02 13:54:26,451 (NullSarosSession.java:64) unexpected method call
WARN  2014-04-02 13:54:26,451 (NullSarosSession.java:64) unexpected method call
WARN  2014-04-02 13:54:35,248 (NullSarosSession.java:64) unexpected method call
WARN  2014-04-02 13:54:35,248 (NullSarosSession.java:64) unexpected method call
WARN  2014-04-02 13:54:35,248 (NullSarosSession.java:64) unexpected method call
WARN  2014-04-02 13:54:35,248 (NullSarosSession.java:64) unexpected method call
WARN  2014-04-02 13:54:48,126 (NullSarosSession.java:64) unexpected method call
WARN  2014-04-02 13:54:48,126 (NullSarosSession.java:64) unexpected method call
WARN  2014-04-02 13:54:59,736 (NullSarosSession.java:64) unexpected method call
WARN  2014-04-02 13:54:59,736 (NullSarosSession.java:64) unexpected method call
WARN  2014-04-02 13:54:59,736 (NullSarosSession.java:64) unexpected method call
WARN  2014-04-02 13:54:59,736 (NullSarosSession.java:64) unexpected method call
WARN  2014-04-02 13:55:09,614 (NullSarosSession.java:64) unexpected method call
WARN  2014-04-02 13:55:09,614 (NullSarosSession.java:64) unexpected method call
WARN  2014-04-02 13:55:15,818 (NullSarosSession.java:64) unexpected method call
WARN  2014-04-02 13:55:15,818 (NullSarosSession.java:64) unexpected method call
WARN  2014-04-02 13:55:15,818 (NullSarosSession.java:64) unexpected method call
WARN  2014-04-02 13:55:15,818 (NullSarosSession.java:64) unexpected method call
WARN  2014-04-02 13:55:23,679 (NullSarosSession.java:64) unexpected method call
WARN  2014-04-02 13:55:23,679 (NullSarosSession.java:64) unexpected method call
WARN  2014-04-02 13:55:23,679 (NullSarosSession.java:64) unexpected method call
WARN  2014-04-02 13:55:42,026 (NullSarosSession.java:64) unexpected method call
WARN  2014-04-02 13:55:42,026 (NullSarosSession.java:64) unexpected method call
WARN  2014-04-02 13:55:43,994 (NullSarosSession.java:64) unexpected method call
WARN  2014-04-02 13:55:43,994 (NullSarosSession.java:64) unexpected method call
WARN  2014-04-02 13:55:43,994 (NullSarosSession.java:64) unexpected method call
WARN  2014-04-02 13:55:43,994 (NullSarosSession.java:64) unexpected method call
WARN  2014-04-02 13:55:44,088 (NullSarosSession.java:64) unexpected method call
WARN  2014-04-02 13:55:44,088 (NullSarosSession.java:64) unexpected method call
WARN  2014-04-02 13:55:44,229 (NullSarosSession.java:64) unexpected method call
WARN  2014-04-02 13:55:44,229 (NullSarosSession.java:64) unexpected method call
WARN  2014-04-02 13:55:44,229 (NullSarosSession.java:64) unexpected method call
WARN  2014-04-02 13:55:44,229 (NullSarosSession.java:64) unexpected method call
WARN  2014-04-02 13:55:44,260 (NullSarosSession.java:64) unexpected method call
WARN  2014-04-02 13:55:44,260 (NullSarosSession.java:64) unexpected method call
WARN  2014-04-02 13:55:44,276 (NullSarosSession.java:64) unexpected method call
WARN  2014-04-02 13:55:44,276 (NullSarosSession.java:64) unexpected method call
WARN  2014-04-02 13:55:44,463 (NullSarosSession.java:64) unexpected method call
WARN  2014-04-02 13:55:44,463 (NullSarosSession.java:64) unexpected method call
WARN  2014-04-02 13:55:44,463 (NullSarosSession.java:64) unexpected method call
WARN  2014-04-02 13:55:44,463 (NullSarosSession.java:64) unexpected method call
DEBUG 2014-04-02 13:55:44,541 (SarosNet.java:383) pascal.borchert.games@googlemail.com/SarosFBAE41FB new connection state == DISCONNECTING
WARN  2014-04-02 13:55:44,541 (SWTUtils.java:144) could not execute runnable de.fu_berlin.inf.dpp.ui.widgets.ConnectionStateComposite$1$1@8d31915, UI thread is not available
StackTrace:
	at de.fu_berlin.inf.dpp.ui.util.SWTUtils.runSafeSWTAsync(SWTUtils.java:145)
	at de.fu_berlin.inf.dpp.ui.widgets.ConnectionStateComposite$1.connectionStateChanged(ConnectionStateComposite.java:55)
	at de.fu_berlin.inf.dpp.net.SarosNet.setConnectionState(SarosNet.java:390)
	at de.fu_berlin.inf.dpp.net.SarosNet.disconnect(SarosNet.java:289)
	at de.fu_berlin.inf.dpp.Saros$1.run(Saros.java:334)
	at de.fu_berlin.inf.dpp.util.Utils$2.run(Utils.java:175)
	at java.lang.Thread.run(Unknown Source)
DEBUG 2014-04-02 13:55:44,713 (SarosNet.java:383)  new connection state == NOT_CONNECTED
WARN  2014-04-02 13:55:44,713 (SWTUtils.java:144) could not execute runnable de.fu_berlin.inf.dpp.ui.widgets.ConnectionStateComposite$1$1@68fce65a, UI thread is not available
StackTrace:
	at de.fu_berlin.inf.dpp.ui.util.SWTUtils.runSafeSWTAsync(SWTUtils.java:145)
	at de.fu_berlin.inf.dpp.ui.widgets.ConnectionStateComposite$1.connectionStateChanged(ConnectionStateComposite.java:55)
	at de.fu_berlin.inf.dpp.net.SarosNet.setConnectionState(SarosNet.java:390)
	at de.fu_berlin.inf.dpp.net.SarosNet.disconnect(SarosNet.java:293)
	at de.fu_berlin.inf.dpp.Saros$1.run(Saros.java:334)
	at de.fu_berlin.inf.dpp.util.Utils$2.run(Utils.java:175)
	at java.lang.Thread.run(Unknown Source)
DEBUG 2014-04-02 13:55:44,713 (UPnPServiceImpl.java:295) deleting existing port mappings
